libpng warning: iCCP: extra compressed data
libpng warning: iCCP: extra compressed data
libpng warning: iCCP: extra compressed data
libpng warning: iCCP: extra compressed data
libpng warning: iCCP: known incorrect sRGB profile
libpng warning: iCCP: cHRM chunk does not match sRGB
libpng warning: iCCP: extra compressed data
libpng warning: iCCP: extra compressed data
libpng warning: iCCP: extra compressed data
libpng warning: iCCP: extra compressed data
libpng warning: iCCP: extra compressed data
libpng warning: iCCP: extra compressed data
libpng warning: iCCP: extra compressed data
libpng warning: iCCP: extra compressed data
libpng warning: iCCP: extra compressed data
libpng warning: iCCP: extra compressed data
libpng warning: iCCP: extra compressed data
libpng warning: iCCP: extra compressed data
libpng warning: iCCP: extra compressed data
libpng warning: iCCP: extra compressed data
libpng warning: iCCP: extra compressed data
libpng warning: iCCP: extra compressed data
libpng warning: iCCP: extra compressed data
libpng warning: iCCP: extra compressed data
libpng warning: iCCP: extra compressed data
libpng warning: iCCP: extra compressed data
libpng warning: iCCP: extra compressed data
libpng warning: iCCP: known incorrect sRGB profile
libpng warning: iCCP: cHRM chunk does not match sRGB
libpng warning: iCCP: extra compressed data
libpng warning: iCCP: extra compressed data
libpng warning: iCCP: extra compressed data
libpng warning: iCCP: extra compressed data
libpng warning: iCCP: extra compressed data
libpng warning: iCCP: extra compressed data
libpng warning: iCCP: extra compressed data
libpng warning: iCCP: extra compressed data
libpng warning: iCCP: extra compressed data
libpng warning: iCCP: extra compressed data
libpng warning: iCCP: extra compressed data
libpng warning: iCCP: extra compressed data
libpng warning: iCCP: extra compressed data
libpng warning: iCCP: extra compressed data
libpng warning: iCCP: extra compressed data
libpng warning: iCCP: extra compressed data
libpng warning: iCCP: extra compressed data
Checking /home/twang/.mscache/mindspore/ascend/1.2/resnet50thorcp_v1.2_imagenet2012.md...[1;32mPassed![0m
Checking /home/twang/.mscache/mindspore/ascend/1.2/resnet50thorcp_v1.2_imagenet2012.md...[1;32mPassed![0m
epoch: 1 step: 2694, loss is 0.26637754
libpng warning: iCCP: extra compressed data
libpng warning: iCCP: extra compressed data
libpng warning: iCCP: extra compressed data
libpng warning: iCCP: extra compressed data
libpng warning: iCCP: extra compressed data
libpng warning: iCCP: extra compressed data
libpng warning: iCCP: extra compressed data
libpng warning: iCCP: extra compressed data
libpng warning: iCCP: extra compressed data
libpng warning: iCCP: extra compressed data
libpng warning: iCCP: extra compressed data
libpng warning: iCCP: known incorrect sRGB profile
libpng warning: iCCP: cHRM chunk does not match sRGB
libpng warning: iCCP: extra compressed data
libpng warning: iCCP: extra compressed data
libpng warning: iCCP: known incorrect sRGB profile
libpng warning: iCCP: cHRM chunk does not match sRGB
libpng warning: iCCP: extra compressed data
libpng warning: iCCP: extra compressed data
libpng warning: iCCP: extra compressed data
libpng warning: iCCP: extra compressed data
libpng warning: iCCP: extra compressed data
libpng warning: iCCP: extra compressed data
libpng warning: iCCP: extra compressed data
libpng warning: iCCP: extra compressed data
libpng warning: iCCP: extra compressed data
libpng warning: iCCP: extra compressed data
libpng warning: iCCP: extra compressed data
libpng warning: iCCP: extra compressed data
libpng warning: iCCP: extra compressed data
libpng warning: iCCP: extra compressed data
libpng warning: iCCP: extra compressed data
libpng warning: iCCP: extra compressed data
libpng warning: iCCP: extra compressed data
libpng warning: iCCP: extra compressed data
libpng warning: iCCP: extra compressed data
libpng warning: iCCP: extra compressed data
libpng warning: iCCP: extra compressed data
libpng warning: iCCP: extra compressed data
libpng warning: iCCP: extra compressed data
libpng warning: iCCP: extra compressed data
libpng warning: iCCP: extra compressed data
libpng warning: iCCP: extra compressed data
libpng warning: iCCP: extra compressed data
libpng warning: iCCP: known incorrect sRGB profile
libpng warning: iCCP: cHRM chunk does not match sRGB
libpng warning: iCCP: extra compressed data
epoch: 2 step: 2694, loss is 0.19220674
libpng warning: iCCP: extra compressed data
libpng warning: iCCP: extra compressed data
libpng warning: iCCP: extra compressed data
libpng warning: iCCP: extra compressed data
libpng warning: iCCP: extra compressed data
libpng warning: iCCP: extra compressed data
libpng warning: iCCP: extra compressed data
libpng warning: iCCP: extra compressed data
libpng warning: iCCP: extra compressed data
libpng warning: iCCP: extra compressed data
libpng warning: iCCP: extra compressed data
libpng warning: iCCP: extra compressed data
libpng warning: iCCP: extra compressed data
libpng warning: iCCP: extra compressed data
libpng warning: iCCP: extra compressed data
libpng warning: iCCP: extra compressed data
libpng warning: iCCP: extra compressed data
libpng warning: iCCP: extra compressed data
libpng warning: iCCP: extra compressed data
libpng warning: iCCP: known incorrect sRGB profile
libpng warning: iCCP: cHRM chunk does not match sRGB
libpng warning: iCCP: extra compressed data
libpng warning: iCCP: extra compressed data
libpng warning: iCCP: extra compressed data
libpng warning: iCCP: extra compressed data
libpng warning: iCCP: extra compressed data
libpng warning: iCCP: extra compressed data
libpng warning: iCCP: extra compressed data
libpng warning: iCCP: extra compressed data
libpng warning: iCCP: extra compressed data
libpng warning: iCCP: extra compressed data
libpng warning: iCCP: extra compressed data
libpng warning: iCCP: extra compressed data
libpng warning: iCCP: extra compressed data
libpng warning: iCCP: extra compressed data
libpng warning: iCCP: extra compressed data
libpng warning: iCCP: extra compressed data
libpng warning: iCCP: extra compressed data
libpng warning: iCCP: extra compressed data
libpng warning: iCCP: extra compressed data
libpng warning: iCCP: extra compressed data
libpng warning: iCCP: extra compressed data
libpng warning: iCCP: extra compressed data
epoch: 3 step: 2694, loss is 0.11410155
libpng warning: iCCP: extra compressed data
libpng warning: iCCP: extra compressed data
libpng warning: iCCP: extra compressed data
libpng warning: iCCP: extra compressed data
libpng warning: iCCP: extra compressed data
libpng warning: iCCP: extra compressed data
libpng warning: iCCP: extra compressed data
libpng warning: iCCP: extra compressed data
libpng warning: iCCP: extra compressed data
libpng warning: iCCP: extra compressed data
libpng warning: iCCP: known incorrect sRGB profile
libpng warning: iCCP: cHRM chunk does not match sRGB
libpng warning: iCCP: extra compressed data
libpng warning: iCCP: extra compressed data
libpng warning: iCCP: extra compressed data
libpng warning: iCCP: extra compressed data
libpng warning: iCCP: extra compressed data
libpng warning: iCCP: extra compressed data
libpng warning: iCCP: extra compressed data
libpng warning: iCCP: extra compressed data
libpng warning: iCCP: extra compressed data
libpng warning: iCCP: extra compressed data
libpng warning: iCCP: extra compressed data
libpng warning: iCCP: extra compressed data
libpng warning: iCCP: extra compressed data
libpng warning: iCCP: extra compressed data
libpng warning: iCCP: extra compressed data
libpng warning: iCCP: extra compressed data
libpng warning: iCCP: extra compressed data
libpng warning: iCCP: extra compressed data
libpng warning: iCCP: extra compressed data
libpng warning: iCCP: extra compressed data
libpng warning: iCCP: known incorrect sRGB profile
libpng warning: iCCP: cHRM chunk does not match sRGB
libpng warning: iCCP: extra compressed data
libpng warning: iCCP: extra compressed data
libpng warning: iCCP: extra compressed data
libpng warning: iCCP: extra compressed data
libpng warning: iCCP: extra compressed data
libpng warning: iCCP: extra compressed data
libpng warning: iCCP: extra compressed data
epoch: 4 step: 2694, loss is 0.11150644
libpng warning: iCCP: extra compressed data
libpng warning: iCCP: extra compressed data
libpng warning: iCCP: extra compressed data
libpng warning: iCCP: extra compressed data
libpng warning: iCCP: extra compressed data
libpng warning: iCCP: extra compressed data
libpng warning: iCCP: extra compressed data
libpng warning: iCCP: extra compressed data
libpng warning: iCCP: extra compressed data
libpng warning: iCCP: extra compressed data
libpng warning: iCCP: extra compressed data
libpng warning: iCCP: extra compressed data
libpng warning: iCCP: extra compressed data
libpng warning: iCCP: extra compressed data
libpng warning: iCCP: extra compressed data
libpng warning: iCCP: extra compressed data
libpng warning: iCCP: extra compressed data
libpng warning: iCCP: extra compressed data
libpng warning: iCCP: extra compressed data
libpng warning: iCCP: extra compressed data
libpng warning: iCCP: extra compressed data
libpng warning: iCCP: extra compressed data
libpng warning: iCCP: extra compressed data
libpng warning: iCCP: extra compressed data
libpng warning: iCCP: extra compressed data
libpng warning: iCCP: extra compressed data
libpng warning: iCCP: extra compressed data
libpng warning: iCCP: extra compressed data
libpng warning: iCCP: extra compressed data
libpng warning: iCCP: extra compressed data
libpng warning: iCCP: extra compressed data
libpng warning: iCCP: extra compressed data
libpng warning: iCCP: known incorrect sRGB profile
libpng warning: iCCP: cHRM chunk does not match sRGB
libpng warning: iCCP: extra compressed data
libpng warning: iCCP: extra compressed data
libpng warning: iCCP: extra compressed data
libpng warning: iCCP: known incorrect sRGB profile
libpng warning: iCCP: cHRM chunk does not match sRGB
libpng warning: iCCP: extra compressed data
libpng warning: iCCP: extra compressed data
libpng warning: iCCP: extra compressed data
libpng warning: iCCP: extra compressed data
libpng warning: iCCP: extra compressed data
libpng warning: iCCP: extra compressed data
libpng warning: iCCP: extra compressed data
epoch: 5 step: 2694, loss is 0.057655007
libpng warning: iCCP: extra compressed data
libpng warning: iCCP: extra compressed data
libpng warning: iCCP: extra compressed data
libpng warning: iCCP: extra compressed data
libpng warning: iCCP: extra compressed data
libpng warning: iCCP: extra compressed data
libpng warning: iCCP: extra compressed data
libpng warning: iCCP: extra compressed data
libpng warning: iCCP: known incorrect sRGB profile
libpng warning: iCCP: cHRM chunk does not match sRGB
libpng warning: iCCP: extra compressed data
libpng warning: iCCP: extra compressed data
libpng warning: iCCP: extra compressed data
libpng warning: iCCP: extra compressed data
libpng warning: iCCP: extra compressed data
libpng warning: iCCP: known incorrect sRGB profile
libpng warning: iCCP: cHRM chunk does not match sRGB
libpng warning: iCCP: extra compressed data
libpng warning: iCCP: extra compressed data
libpng warning: iCCP: extra compressed data
libpng warning: iCCP: extra compressed data
libpng warning: iCCP: extra compressed data
libpng warning: iCCP: extra compressed data
libpng warning: iCCP: extra compressed data
libpng warning: iCCP: extra compressed data
libpng warning: iCCP: extra compressed data
libpng warning: iCCP: extra compressed data
libpng warning: iCCP: extra compressed data
libpng warning: iCCP: extra compressed data
libpng warning: iCCP: extra compressed data
libpng warning: iCCP: extra compressed data
libpng warning: iCCP: extra compressed data
libpng warning: iCCP: extra compressed data
libpng warning: iCCP: extra compressed data
libpng warning: iCCP: extra compressed data
libpng warning: iCCP: extra compressed data
libpng warning: iCCP: extra compressed data
libpng warning: iCCP: extra compressed data
libpng warning: iCCP: extra compressed data
libpng warning: iCCP: extra compressed data
libpng warning: iCCP: extra compressed data
libpng warning: iCCP: extra compressed data
epoch: 6 step: 2694, loss is 0.017177885
libpng warning: iCCP: extra compressed data
libpng warning: iCCP: extra compressed data
libpng warning: iCCP: extra compressed data
libpng warning: iCCP: extra compressed data
libpng warning: iCCP: extra compressed data
libpng warning: iCCP: extra compressed data
libpng warning: iCCP: extra compressed data
libpng warning: iCCP: extra compressed data
libpng warning: iCCP: extra compressed data
libpng warning: iCCP: extra compressed data
libpng warning: iCCP: extra compressed data
libpng warning: iCCP: extra compressed data
libpng warning: iCCP: extra compressed data
libpng warning: iCCP: extra compressed data
libpng warning: iCCP: extra compressed data
libpng warning: iCCP: extra compressed data
libpng warning: iCCP: known incorrect sRGB profile
libpng warning: iCCP: cHRM chunk does not match sRGB
libpng warning: iCCP: extra compressed data
libpng warning: iCCP: extra compressed data
libpng warning: iCCP: extra compressed data
libpng warning: iCCP: extra compressed data
libpng warning: iCCP: extra compressed data
libpng warning: iCCP: extra compressed data
libpng warning: iCCP: extra compressed data
libpng warning: iCCP: extra compressed data
libpng warning: iCCP: extra compressed data
libpng warning: iCCP: extra compressed data
libpng warning: iCCP: extra compressed data
libpng warning: iCCP: extra compressed data
libpng warning: iCCP: extra compressed data
libpng warning: iCCP: extra compressed data
libpng warning: iCCP: extra compressed data
libpng warning: iCCP: extra compressed data
libpng warning: iCCP: extra compressed data
libpng warning: iCCP: extra compressed data
libpng warning: iCCP: extra compressed data
libpng warning: iCCP: known incorrect sRGB profile
libpng warning: iCCP: cHRM chunk does not match sRGB
libpng warning: iCCP: extra compressed data
libpng warning: iCCP: extra compressed data
libpng warning: iCCP: extra compressed data
libpng warning: iCCP: extra compressed data
libpng warning: iCCP: extra compressed data
libpng warning: iCCP: extra compressed data
libpng warning: iCCP: extra compressed data
libpng warning: iCCP: extra compressed data
libpng warning: iCCP: extra compressed data
epoch: 7 step: 2694, loss is 0.01728762
libpng warning: iCCP: extra compressed data
libpng warning: iCCP: extra compressed data
libpng warning: iCCP: extra compressed data
libpng warning: iCCP: extra compressed data
libpng warning: iCCP: extra compressed data
libpng warning: iCCP: extra compressed data
libpng warning: iCCP: extra compressed data
libpng warning: iCCP: extra compressed data
libpng warning: iCCP: known incorrect sRGB profile
libpng warning: iCCP: cHRM chunk does not match sRGB
libpng warning: iCCP: known incorrect sRGB profile
libpng warning: iCCP: cHRM chunk does not match sRGB
libpng warning: iCCP: extra compressed data
libpng warning: iCCP: extra compressed data
libpng warning: iCCP: extra compressed data
libpng warning: iCCP: extra compressed data
libpng warning: iCCP: extra compressed data
libpng warning: iCCP: extra compressed data
libpng warning: iCCP: extra compressed data
libpng warning: iCCP: extra compressed data
libpng warning: iCCP: extra compressed data
libpng warning: iCCP: extra compressed data
libpng warning: iCCP: extra compressed data
libpng warning: iCCP: extra compressed data
libpng warning: iCCP: extra compressed data
libpng warning: iCCP: extra compressed data
libpng warning: iCCP: extra compressed data
libpng warning: iCCP: extra compressed data
libpng warning: iCCP: extra compressed data
libpng warning: iCCP: extra compressed data
libpng warning: iCCP: extra compressed data
libpng warning: iCCP: extra compressed data
libpng warning: iCCP: extra compressed data
libpng warning: iCCP: extra compressed data
libpng warning: iCCP: extra compressed data
libpng warning: iCCP: extra compressed data
libpng warning: iCCP: extra compressed data
libpng warning: iCCP: extra compressed data
libpng warning: iCCP: extra compressed data
libpng warning: iCCP: extra compressed data
libpng warning: iCCP: extra compressed data
libpng warning: iCCP: extra compressed data
epoch: 8 step: 2694, loss is 0.021210954
libpng warning: iCCP: extra compressed data
libpng warning: iCCP: extra compressed data
libpng warning: iCCP: extra compressed data
libpng warning: iCCP: extra compressed data
libpng warning: iCCP: extra compressed data
libpng warning: iCCP: extra compressed data
libpng warning: iCCP: extra compressed data
libpng warning: iCCP: extra compressed data
libpng warning: iCCP: extra compressed data
libpng warning: iCCP: extra compressed data
libpng warning: iCCP: known incorrect sRGB profile
libpng warning: iCCP: cHRM chunk does not match sRGB
libpng warning: iCCP: extra compressed data
libpng warning: iCCP: extra compressed data
libpng warning: iCCP: extra compressed data
libpng warning: iCCP: extra compressed data
libpng warning: iCCP: extra compressed data
libpng warning: iCCP: extra compressed data
libpng warning: iCCP: extra compressed data
libpng warning: iCCP: extra compressed data
libpng warning: iCCP: extra compressed data
libpng warning: iCCP: extra compressed data
libpng warning: iCCP: extra compressed data
libpng warning: iCCP: extra compressed data
libpng warning: iCCP: known incorrect sRGB profile
libpng warning: iCCP: cHRM chunk does not match sRGB
libpng warning: iCCP: extra compressed data
libpng warning: iCCP: extra compressed data
libpng warning: iCCP: extra compressed data
libpng warning: iCCP: extra compressed data
libpng warning: iCCP: extra compressed data
libpng warning: iCCP: extra compressed data
libpng warning: iCCP: extra compressed data
libpng warning: iCCP: extra compressed data
libpng warning: iCCP: extra compressed data
libpng warning: iCCP: extra compressed data
libpng warning: iCCP: extra compressed data
libpng warning: iCCP: extra compressed data
libpng warning: iCCP: extra compressed data
libpng warning: iCCP: extra compressed data
libpng warning: iCCP: extra compressed data
libpng warning: iCCP: extra compressed data
epoch: 9 step: 2694, loss is 0.0047309515
libpng warning: iCCP: known incorrect sRGB profile
libpng warning: iCCP: cHRM chunk does not match sRGB
libpng warning: iCCP: extra compressed data
libpng warning: iCCP: extra compressed data
libpng warning: iCCP: extra compressed data
libpng warning: iCCP: extra compressed data
libpng warning: iCCP: extra compressed data
libpng warning: iCCP: extra compressed data
libpng warning: iCCP: extra compressed data
libpng warning: iCCP: extra compressed data
libpng warning: iCCP: extra compressed data
libpng warning: iCCP: extra compressed data
libpng warning: iCCP: extra compressed data
libpng warning: iCCP: extra compressed data
libpng warning: iCCP: extra compressed data
libpng warning: iCCP: extra compressed data
libpng warning: iCCP: extra compressed data
libpng warning: iCCP: extra compressed data
libpng warning: iCCP: extra compressed data
libpng warning: iCCP: extra compressed data
libpng warning: iCCP: extra compressed data
libpng warning: iCCP: extra compressed data
libpng warning: iCCP: extra compressed data
libpng warning: iCCP: extra compressed data
libpng warning: iCCP: extra compressed data
libpng warning: iCCP: extra compressed data
libpng warning: iCCP: extra compressed data
libpng warning: iCCP: extra compressed data
libpng warning: iCCP: extra compressed data
libpng warning: iCCP: extra compressed data
libpng warning: iCCP: extra compressed data
libpng warning: iCCP: extra compressed data
libpng warning: iCCP: known incorrect sRGB profile
libpng warning: iCCP: cHRM chunk does not match sRGB
libpng warning: iCCP: extra compressed data
libpng warning: iCCP: extra compressed data
libpng warning: iCCP: extra compressed data
libpng warning: iCCP: extra compressed data
libpng warning: iCCP: extra compressed data
libpng warning: iCCP: extra compressed data
libpng warning: iCCP: extra compressed data
libpng warning: iCCP: extra compressed data
libpng warning: iCCP: extra compressed data
libpng warning: iCCP: extra compressed data
libpng warning: iCCP: extra compressed data
libpng warning: iCCP: extra compressed data
epoch: 10 step: 2694, loss is 0.009300295
libpng warning: iCCP: extra compressed data
libpng warning: iCCP: extra compressed data
libpng warning: iCCP: extra compressed data
libpng warning: iCCP: extra compressed data
libpng warning: iCCP: extra compressed data
libpng warning: iCCP: extra compressed data
libpng warning: iCCP: extra compressed data
libpng warning: iCCP: known incorrect sRGB profile
libpng warning: iCCP: cHRM chunk does not match sRGB
libpng warning: iCCP: extra compressed data
libpng warning: iCCP: extra compressed data
libpng warning: iCCP: extra compressed data
libpng warning: iCCP: extra compressed data
libpng warning: iCCP: extra compressed data
libpng warning: iCCP: extra compressed data
libpng warning: iCCP: extra compressed data
libpng warning: iCCP: extra compressed data
libpng warning: iCCP: extra compressed data
libpng warning: iCCP: extra compressed data
libpng warning: iCCP: extra compressed data
libpng warning: iCCP: extra compressed data
libpng warning: iCCP: extra compressed data
libpng warning: iCCP: known incorrect sRGB profile
libpng warning: iCCP: cHRM chunk does not match sRGB
libpng warning: iCCP: extra compressed data
libpng warning: iCCP: extra compressed data
libpng warning: iCCP: extra compressed data
libpng warning: iCCP: extra compressed data
libpng warning: iCCP: extra compressed data
libpng warning: iCCP: extra compressed data
libpng warning: iCCP: extra compressed data
libpng warning: iCCP: extra compressed data
libpng warning: iCCP: extra compressed data
libpng warning: iCCP: extra compressed data
libpng warning: iCCP: extra compressed data
libpng warning: iCCP: extra compressed data
libpng warning: iCCP: extra compressed data
libpng warning: iCCP: extra compressed data
libpng warning: iCCP: extra compressed data
libpng warning: iCCP: extra compressed data
libpng warning: iCCP: extra compressed data
libpng warning: iCCP: extra compressed data
libpng warning: iCCP: extra compressed data
epoch: 11 step: 2694, loss is 0.05040105
libpng warning: iCCP: extra compressed data
libpng warning: iCCP: extra compressed data
libpng warning: iCCP: extra compressed data
libpng warning: iCCP: extra compressed data
libpng warning: iCCP: extra compressed data
libpng warning: iCCP: extra compressed data
libpng warning: iCCP: extra compressed data
libpng warning: iCCP: extra compressed data
libpng warning: iCCP: extra compressed data
libpng warning: iCCP: extra compressed data
libpng warning: iCCP: extra compressed data
libpng warning: iCCP: extra compressed data
libpng warning: iCCP: extra compressed data
libpng warning: iCCP: extra compressed data
libpng warning: iCCP: extra compressed data
libpng warning: iCCP: extra compressed data
libpng warning: iCCP: extra compressed data
libpng warning: iCCP: extra compressed data
libpng warning: iCCP: extra compressed data
libpng warning: iCCP: extra compressed data
libpng warning: iCCP: extra compressed data
libpng warning: iCCP: extra compressed data
libpng warning: iCCP: extra compressed data
libpng warning: iCCP: extra compressed data
libpng warning: iCCP: extra compressed data
libpng warning: iCCP: extra compressed data
libpng warning: iCCP: extra compressed data
libpng warning: iCCP: extra compressed data
libpng warning: iCCP: known incorrect sRGB profile
libpng warning: iCCP: cHRM chunk does not match sRGB
libpng warning: iCCP: extra compressed data
libpng warning: iCCP: known incorrect sRGB profile
libpng warning: iCCP: cHRM chunk does not match sRGB
libpng warning: iCCP: extra compressed data
libpng warning: iCCP: extra compressed data
libpng warning: iCCP: extra compressed data
libpng warning: iCCP: extra compressed data
libpng warning: iCCP: extra compressed data
libpng warning: iCCP: extra compressed data
libpng warning: iCCP: extra compressed data
libpng warning: iCCP: extra compressed data
libpng warning: iCCP: extra compressed data
libpng warning: iCCP: extra compressed data
libpng warning: iCCP: extra compressed data
libpng warning: iCCP: extra compressed data
libpng warning: iCCP: extra compressed data
epoch: 12 step: 2694, loss is 0.00884896
libpng warning: iCCP: extra compressed data
libpng warning: iCCP: extra compressed data
libpng warning: iCCP: known incorrect sRGB profile
libpng warning: iCCP: cHRM chunk does not match sRGB
libpng warning: iCCP: extra compressed data
libpng warning: iCCP: extra compressed data
libpng warning: iCCP: extra compressed data
libpng warning: iCCP: extra compressed data
libpng warning: iCCP: extra compressed data
libpng warning: iCCP: extra compressed data
libpng warning: iCCP: extra compressed data
libpng warning: iCCP: extra compressed data
libpng warning: iCCP: extra compressed data
libpng warning: iCCP: extra compressed data
libpng warning: iCCP: extra compressed data
libpng warning: iCCP: extra compressed data
libpng warning: iCCP: extra compressed data
libpng warning: iCCP: extra compressed data
libpng warning: iCCP: extra compressed data
libpng warning: iCCP: extra compressed data
libpng warning: iCCP: extra compressed data
libpng warning: iCCP: extra compressed data
libpng warning: iCCP: extra compressed data
libpng warning: iCCP: extra compressed data
libpng warning: iCCP: extra compressed data
libpng warning: iCCP: extra compressed data
libpng warning: iCCP: extra compressed data
libpng warning: iCCP: extra compressed data
libpng warning: iCCP: extra compressed data
libpng warning: iCCP: extra compressed data
libpng warning: iCCP: extra compressed data
libpng warning: iCCP: extra compressed data
libpng warning: iCCP: extra compressed data
libpng warning: iCCP: extra compressed data
libpng warning: iCCP: extra compressed data
libpng warning: iCCP: extra compressed data
libpng warning: iCCP: extra compressed data
libpng warning: iCCP: known incorrect sRGB profile
libpng warning: iCCP: cHRM chunk does not match sRGB
libpng warning: iCCP: extra compressed data
libpng warning: iCCP: extra compressed data
libpng warning: iCCP: extra compressed data
libpng warning: iCCP: extra compressed data
libpng warning: iCCP: extra compressed data
libpng warning: iCCP: extra compressed data
epoch: 13 step: 2694, loss is 0.04401107
libpng warning: iCCP: extra compressed data
libpng warning: iCCP: extra compressed data
libpng warning: iCCP: extra compressed data
libpng warning: iCCP: extra compressed data
libpng warning: iCCP: known incorrect sRGB profile
libpng warning: iCCP: cHRM chunk does not match sRGB
libpng warning: iCCP: extra compressed data
libpng warning: iCCP: extra compressed data
libpng warning: iCCP: extra compressed data
libpng warning: iCCP: extra compressed data
libpng warning: iCCP: extra compressed data
libpng warning: iCCP: known incorrect sRGB profile
libpng warning: iCCP: cHRM chunk does not match sRGB
libpng warning: iCCP: extra compressed data
libpng warning: iCCP: extra compressed data
libpng warning: iCCP: extra compressed data
libpng warning: iCCP: extra compressed data
libpng warning: iCCP: extra compressed data
libpng warning: iCCP: extra compressed data
libpng warning: iCCP: extra compressed data
libpng warning: iCCP: extra compressed data
libpng warning: iCCP: extra compressed data
libpng warning: iCCP: extra compressed data
libpng warning: iCCP: extra compressed data
libpng warning: iCCP: extra compressed data
libpng warning: iCCP: extra compressed data
libpng warning: iCCP: extra compressed data
libpng warning: iCCP: extra compressed data
libpng warning: iCCP: extra compressed data
libpng warning: iCCP: extra compressed data
libpng warning: iCCP: extra compressed data
libpng warning: iCCP: extra compressed data
libpng warning: iCCP: extra compressed data
libpng warning: iCCP: extra compressed data
libpng warning: iCCP: extra compressed data
libpng warning: iCCP: extra compressed data
libpng warning: iCCP: extra compressed data
libpng warning: iCCP: extra compressed data
libpng warning: iCCP: extra compressed data
libpng warning: iCCP: extra compressed data
libpng warning: iCCP: extra compressed data
epoch: 14 step: 2694, loss is 0.002646467
libpng warning: iCCP: extra compressed data
libpng warning: iCCP: extra compressed data
libpng warning: iCCP: extra compressed data
libpng warning: iCCP: extra compressed data
libpng warning: iCCP: extra compressed data
libpng warning: iCCP: extra compressed data
libpng warning: iCCP: extra compressed data
libpng warning: iCCP: extra compressed data
libpng warning: iCCP: extra compressed data
libpng warning: iCCP: extra compressed data
libpng warning: iCCP: extra compressed data
libpng warning: iCCP: extra compressed data
libpng warning: iCCP: extra compressed data
libpng warning: iCCP: extra compressed data
libpng warning: iCCP: known incorrect sRGB profile
libpng warning: iCCP: cHRM chunk does not match sRGB
libpng warning: iCCP: extra compressed data
libpng warning: iCCP: extra compressed data
libpng warning: iCCP: extra compressed data
libpng warning: iCCP: extra compressed data
libpng warning: iCCP: extra compressed data
libpng warning: iCCP: extra compressed data
libpng warning: iCCP: extra compressed data
libpng warning: iCCP: extra compressed data
libpng warning: iCCP: extra compressed data
libpng warning: iCCP: extra compressed data
libpng warning: iCCP: extra compressed data
libpng warning: iCCP: extra compressed data
libpng warning: iCCP: extra compressed data
libpng warning: iCCP: extra compressed data
libpng warning: iCCP: extra compressed data
libpng warning: iCCP: extra compressed data
libpng warning: iCCP: extra compressed data
libpng warning: iCCP: extra compressed data
libpng warning: iCCP: extra compressed data
libpng warning: iCCP: extra compressed data
libpng warning: iCCP: known incorrect sRGB profile
libpng warning: iCCP: cHRM chunk does not match sRGB
libpng warning: iCCP: extra compressed data
libpng warning: iCCP: extra compressed data
libpng warning: iCCP: extra compressed data
libpng warning: iCCP: extra compressed data
libpng warning: iCCP: extra compressed data
libpng warning: iCCP: extra compressed data
libpng warning: iCCP: extra compressed data
libpng warning: iCCP: known incorrect sRGB profile
libpng warning: iCCP: cHRM chunk does not match sRGB
libpng warning: iCCP: extra compressed data
epoch: 15 step: 2694, loss is 0.0046033007
libpng warning: iCCP: extra compressed data
libpng warning: iCCP: extra compressed data
libpng warning: iCCP: extra compressed data
libpng warning: iCCP: extra compressed data
libpng warning: iCCP: extra compressed data
libpng warning: iCCP: extra compressed data
libpng warning: iCCP: extra compressed data
libpng warning: iCCP: extra compressed data
libpng warning: iCCP: extra compressed data
libpng warning: iCCP: extra compressed data
libpng warning: iCCP: extra compressed data
libpng warning: iCCP: extra compressed data
libpng warning: iCCP: extra compressed data
libpng warning: iCCP: extra compressed data
libpng warning: iCCP: extra compressed data
libpng warning: iCCP: extra compressed data
libpng warning: iCCP: extra compressed data
libpng warning: iCCP: extra compressed data
libpng warning: iCCP: known incorrect sRGB profile
libpng warning: iCCP: cHRM chunk does not match sRGB
libpng warning: iCCP: extra compressed data
libpng warning: iCCP: extra compressed data
libpng warning: iCCP: extra compressed data
libpng warning: iCCP: extra compressed data
libpng warning: iCCP: extra compressed data
libpng warning: iCCP: extra compressed data
libpng warning: iCCP: extra compressed data
libpng warning: iCCP: extra compressed data
libpng warning: iCCP: extra compressed data
libpng warning: iCCP: extra compressed data
libpng warning: iCCP: extra compressed data
libpng warning: iCCP: extra compressed data
libpng warning: iCCP: extra compressed data
libpng warning: iCCP: extra compressed data
libpng warning: iCCP: extra compressed data
libpng warning: iCCP: extra compressed data
libpng warning: iCCP: extra compressed data
libpng warning: iCCP: extra compressed data
libpng warning: iCCP: extra compressed data
epoch: 16 step: 2694, loss is 0.025101276
libpng warning: iCCP: extra compressed data
libpng warning: iCCP: extra compressed data
libpng warning: iCCP: extra compressed data
libpng warning: iCCP: extra compressed data
libpng warning: iCCP: extra compressed data
libpng warning: iCCP: extra compressed data
libpng warning: iCCP: extra compressed data
libpng warning: iCCP: extra compressed data
libpng warning: iCCP: extra compressed data
libpng warning: iCCP: extra compressed data
libpng warning: iCCP: extra compressed data
libpng warning: iCCP: extra compressed data
libpng warning: iCCP: extra compressed data
libpng warning: iCCP: extra compressed data
libpng warning: iCCP: extra compressed data
libpng warning: iCCP: extra compressed data
libpng warning: iCCP: extra compressed data
libpng warning: iCCP: extra compressed data
libpng warning: iCCP: extra compressed data
libpng warning: iCCP: extra compressed data
libpng warning: iCCP: extra compressed data
libpng warning: iCCP: extra compressed data
libpng warning: iCCP: extra compressed data
libpng warning: iCCP: extra compressed data
libpng warning: iCCP: extra compressed data
libpng warning: iCCP: extra compressed data
libpng warning: iCCP: extra compressed data
libpng warning: iCCP: extra compressed data
libpng warning: iCCP: extra compressed data
libpng warning: iCCP: known incorrect sRGB profile
libpng warning: iCCP: cHRM chunk does not match sRGB
libpng warning: iCCP: extra compressed data
libpng warning: iCCP: known incorrect sRGB profile
libpng warning: iCCP: cHRM chunk does not match sRGB
libpng warning: iCCP: extra compressed data
libpng warning: iCCP: extra compressed data
libpng warning: iCCP: extra compressed data
libpng warning: iCCP: extra compressed data
libpng warning: iCCP: extra compressed data
libpng warning: iCCP: extra compressed data
libpng warning: iCCP: extra compressed data
libpng warning: iCCP: extra compressed data
libpng warning: iCCP: extra compressed data
libpng warning: iCCP: extra compressed data
epoch: 17 step: 2694, loss is 0.0032834413
libpng warning: iCCP: extra compressed data
libpng warning: iCCP: extra compressed data
libpng warning: iCCP: extra compressed data
libpng warning: iCCP: extra compressed data
libpng warning: iCCP: extra compressed data
libpng warning: iCCP: extra compressed data
libpng warning: iCCP: extra compressed data
libpng warning: iCCP: extra compressed data
libpng warning: iCCP: known incorrect sRGB profile
libpng warning: iCCP: cHRM chunk does not match sRGB
libpng warning: iCCP: extra compressed data
libpng warning: iCCP: extra compressed data
libpng warning: iCCP: extra compressed data
libpng warning: iCCP: extra compressed data
libpng warning: iCCP: extra compressed data
libpng warning: iCCP: extra compressed data
libpng warning: iCCP: extra compressed data
libpng warning: iCCP: extra compressed data
libpng warning: iCCP: extra compressed data
libpng warning: iCCP: extra compressed data
libpng warning: iCCP: extra compressed data
libpng warning: iCCP: extra compressed data
libpng warning: iCCP: extra compressed data
libpng warning: iCCP: extra compressed data
libpng warning: iCCP: extra compressed data
libpng warning: iCCP: extra compressed data
libpng warning: iCCP: extra compressed data
libpng warning: iCCP: extra compressed data
libpng warning: iCCP: extra compressed data
libpng warning: iCCP: extra compressed data
libpng warning: iCCP: extra compressed data
libpng warning: iCCP: extra compressed data
libpng warning: iCCP: extra compressed data
libpng warning: iCCP: known incorrect sRGB profile
libpng warning: iCCP: cHRM chunk does not match sRGB
libpng warning: iCCP: extra compressed data
libpng warning: iCCP: extra compressed data
libpng warning: iCCP: extra compressed data
libpng warning: iCCP: extra compressed data
libpng warning: iCCP: extra compressed data
libpng warning: iCCP: extra compressed data
libpng warning: iCCP: extra compressed data
libpng warning: iCCP: extra compressed data
libpng warning: iCCP: extra compressed data
libpng warning: iCCP: extra compressed data
libpng warning: iCCP: extra compressed data
libpng warning: iCCP: extra compressed data
libpng warning: iCCP: extra compressed data
epoch: 18 step: 2694, loss is 0.00041730402
libpng warning: iCCP: extra compressed data
libpng warning: iCCP: extra compressed data
libpng warning: iCCP: extra compressed data
libpng warning: iCCP: extra compressed data
libpng warning: iCCP: known incorrect sRGB profile
libpng warning: iCCP: cHRM chunk does not match sRGB
libpng warning: iCCP: extra compressed data
libpng warning: iCCP: extra compressed data
libpng warning: iCCP: extra compressed data
libpng warning: iCCP: extra compressed data
libpng warning: iCCP: extra compressed data
libpng warning: iCCP: extra compressed data
libpng warning: iCCP: extra compressed data
libpng warning: iCCP: extra compressed data
libpng warning: iCCP: extra compressed data
libpng warning: iCCP: extra compressed data
libpng warning: iCCP: extra compressed data
libpng warning: iCCP: extra compressed data
libpng warning: iCCP: extra compressed data
libpng warning: iCCP: extra compressed data
libpng warning: iCCP: extra compressed data
libpng warning: iCCP: extra compressed data
libpng warning: iCCP: extra compressed data
libpng warning: iCCP: extra compressed data
libpng warning: iCCP: extra compressed data
libpng warning: iCCP: extra compressed data
libpng warning: iCCP: known incorrect sRGB profile
libpng warning: iCCP: cHRM chunk does not match sRGB
libpng warning: iCCP: extra compressed data
libpng warning: iCCP: extra compressed data
libpng warning: iCCP: extra compressed data
libpng warning: iCCP: extra compressed data
libpng warning: iCCP: extra compressed data
libpng warning: iCCP: extra compressed data
libpng warning: iCCP: extra compressed data
libpng warning: iCCP: extra compressed data
libpng warning: iCCP: extra compressed data
libpng warning: iCCP: extra compressed data
libpng warning: iCCP: extra compressed data
libpng warning: iCCP: extra compressed data
libpng warning: iCCP: extra compressed data
libpng warning: iCCP: extra compressed data
libpng warning: iCCP: extra compressed data
libpng warning: iCCP: extra compressed data
epoch: 19 step: 2694, loss is 0.0014847204
libpng warning: iCCP: extra compressed data
libpng warning: iCCP: extra compressed data
libpng warning: iCCP: extra compressed data
libpng warning: iCCP: extra compressed data
libpng warning: iCCP: extra compressed data
libpng warning: iCCP: extra compressed data
libpng warning: iCCP: extra compressed data
libpng warning: iCCP: extra compressed data
libpng warning: iCCP: extra compressed data
libpng warning: iCCP: extra compressed data
libpng warning: iCCP: extra compressed data
libpng warning: iCCP: extra compressed data
libpng warning: iCCP: extra compressed data
libpng warning: iCCP: known incorrect sRGB profile
libpng warning: iCCP: cHRM chunk does not match sRGB
libpng warning: iCCP: extra compressed data
libpng warning: iCCP: extra compressed data
libpng warning: iCCP: extra compressed data
libpng warning: iCCP: extra compressed data
libpng warning: iCCP: extra compressed data
libpng warning: iCCP: extra compressed data
libpng warning: iCCP: extra compressed data
libpng warning: iCCP: extra compressed data
libpng warning: iCCP: extra compressed data
libpng warning: iCCP: extra compressed data
libpng warning: iCCP: extra compressed data
libpng warning: iCCP: extra compressed data
libpng warning: iCCP: known incorrect sRGB profile
libpng warning: iCCP: cHRM chunk does not match sRGB
libpng warning: iCCP: extra compressed data
libpng warning: iCCP: extra compressed data
libpng warning: iCCP: extra compressed data
libpng warning: iCCP: extra compressed data
libpng warning: iCCP: extra compressed data
libpng warning: iCCP: extra compressed data
libpng warning: iCCP: extra compressed data
libpng warning: iCCP: extra compressed data
libpng warning: iCCP: extra compressed data
libpng warning: iCCP: extra compressed data
libpng warning: iCCP: extra compressed data
libpng warning: iCCP: extra compressed data
libpng warning: iCCP: extra compressed data
libpng warning: iCCP: extra compressed data
epoch: 20 step: 2694, loss is 0.00041691272
libpng warning: iCCP: extra compressed data
libpng warning: iCCP: extra compressed data
libpng warning: iCCP: extra compressed data
libpng warning: iCCP: extra compressed data
libpng warning: iCCP: extra compressed data
libpng warning: iCCP: extra compressed data
libpng warning: iCCP: extra compressed data
libpng warning: iCCP: extra compressed data
libpng warning: iCCP: extra compressed data
libpng warning: iCCP: extra compressed data
libpng warning: iCCP: extra compressed data
libpng warning: iCCP: extra compressed data
libpng warning: iCCP: extra compressed data
libpng warning: iCCP: extra compressed data
libpng warning: iCCP: extra compressed data
libpng warning: iCCP: extra compressed data
libpng warning: iCCP: extra compressed data
libpng warning: iCCP: extra compressed data
libpng warning: iCCP: extra compressed data
libpng warning: iCCP: extra compressed data
libpng warning: iCCP: extra compressed data
libpng warning: iCCP: extra compressed data
libpng warning: iCCP: extra compressed data
libpng warning: iCCP: extra compressed data
libpng warning: iCCP: extra compressed data
libpng warning: iCCP: known incorrect sRGB profile
libpng warning: iCCP: cHRM chunk does not match sRGB
libpng warning: iCCP: extra compressed data
libpng warning: iCCP: extra compressed data
libpng warning: iCCP: extra compressed data
libpng warning: iCCP: extra compressed data
libpng warning: iCCP: extra compressed data
libpng warning: iCCP: known incorrect sRGB profile
libpng warning: iCCP: cHRM chunk does not match sRGB
libpng warning: iCCP: extra compressed data
libpng warning: iCCP: extra compressed data
libpng warning: iCCP: extra compressed data
libpng warning: iCCP: extra compressed data
libpng warning: iCCP: extra compressed data
libpng warning: iCCP: extra compressed data
libpng warning: iCCP: extra compressed data
libpng warning: iCCP: extra compressed data
libpng warning: iCCP: extra compressed data
libpng warning: iCCP: known incorrect sRGB profile
libpng warning: iCCP: cHRM chunk does not match sRGB
epoch: 21 step: 2694, loss is 0.00035043317
libpng warning: iCCP: extra compressed data
libpng warning: iCCP: extra compressed data
libpng warning: iCCP: extra compressed data
libpng warning: iCCP: extra compressed data
libpng warning: iCCP: extra compressed data
libpng warning: iCCP: extra compressed data
libpng warning: iCCP: extra compressed data
libpng warning: iCCP: extra compressed data
libpng warning: iCCP: extra compressed data
libpng warning: iCCP: extra compressed data
libpng warning: iCCP: extra compressed data
libpng warning: iCCP: extra compressed data
libpng warning: iCCP: extra compressed data
libpng warning: iCCP: extra compressed data
libpng warning: iCCP: extra compressed data
libpng warning: iCCP: extra compressed data
libpng warning: iCCP: extra compressed data
libpng warning: iCCP: extra compressed data
libpng warning: iCCP: extra compressed data
libpng warning: iCCP: extra compressed data
libpng warning: iCCP: extra compressed data
libpng warning: iCCP: extra compressed data
libpng warning: iCCP: extra compressed data
libpng warning: iCCP: extra compressed data
libpng warning: iCCP: extra compressed data
libpng warning: iCCP: extra compressed data
libpng warning: iCCP: extra compressed data
libpng warning: iCCP: extra compressed data
libpng warning: iCCP: known incorrect sRGB profile
libpng warning: iCCP: cHRM chunk does not match sRGB
libpng warning: iCCP: extra compressed data
libpng warning: iCCP: extra compressed data
libpng warning: iCCP: extra compressed data
libpng warning: iCCP: extra compressed data
libpng warning: iCCP: extra compressed data
libpng warning: iCCP: extra compressed data
libpng warning: iCCP: extra compressed data
libpng warning: iCCP: extra compressed data
libpng warning: iCCP: extra compressed data
libpng warning: iCCP: extra compressed data
libpng warning: iCCP: extra compressed data
epoch: 22 step: 2694, loss is 0.00095257285
libpng warning: iCCP: extra compressed data
libpng warning: iCCP: extra compressed data
libpng warning: iCCP: extra compressed data
libpng warning: iCCP: extra compressed data
libpng warning: iCCP: extra compressed data
libpng warning: iCCP: extra compressed data
libpng warning: iCCP: extra compressed data
libpng warning: iCCP: extra compressed data
libpng warning: iCCP: extra compressed data
libpng warning: iCCP: extra compressed data
libpng warning: iCCP: extra compressed data
libpng warning: iCCP: extra compressed data
libpng warning: iCCP: extra compressed data
libpng warning: iCCP: known incorrect sRGB profile
libpng warning: iCCP: cHRM chunk does not match sRGB
libpng warning: iCCP: extra compressed data
libpng warning: iCCP: extra compressed data
libpng warning: iCCP: extra compressed data
libpng warning: iCCP: extra compressed data
libpng warning: iCCP: extra compressed data
libpng warning: iCCP: extra compressed data
libpng warning: iCCP: extra compressed data
libpng warning: iCCP: extra compressed data
libpng warning: iCCP: extra compressed data
libpng warning: iCCP: extra compressed data
libpng warning: iCCP: extra compressed data
libpng warning: iCCP: known incorrect sRGB profile
libpng warning: iCCP: cHRM chunk does not match sRGB
libpng warning: iCCP: extra compressed data
libpng warning: iCCP: extra compressed data
libpng warning: iCCP: extra compressed data
libpng warning: iCCP: extra compressed data
libpng warning: iCCP: extra compressed data
libpng warning: iCCP: extra compressed data
libpng warning: iCCP: extra compressed data
libpng warning: iCCP: extra compressed data
libpng warning: iCCP: extra compressed data
libpng warning: iCCP: extra compressed data
libpng warning: iCCP: extra compressed data
libpng warning: iCCP: extra compressed data
libpng warning: iCCP: extra compressed data
libpng warning: iCCP: extra compressed data
libpng warning: iCCP: extra compressed data
libpng warning: iCCP: extra compressed data
libpng warning: iCCP: extra compressed data
libpng warning: iCCP: extra compressed data
epoch: 23 step: 2694, loss is 0.001340124
libpng warning: iCCP: extra compressed data
libpng warning: iCCP: extra compressed data
libpng warning: iCCP: extra compressed data
libpng warning: iCCP: extra compressed data
libpng warning: iCCP: extra compressed data
libpng warning: iCCP: extra compressed data
libpng warning: iCCP: extra compressed data
libpng warning: iCCP: extra compressed data
libpng warning: iCCP: extra compressed data
libpng warning: iCCP: known incorrect sRGB profile
libpng warning: iCCP: cHRM chunk does not match sRGB
libpng warning: iCCP: extra compressed data
libpng warning: iCCP: extra compressed data
libpng warning: iCCP: extra compressed data
libpng warning: iCCP: extra compressed data
libpng warning: iCCP: extra compressed data
libpng warning: iCCP: extra compressed data
libpng warning: iCCP: extra compressed data
libpng warning: iCCP: extra compressed data
libpng warning: iCCP: extra compressed data
libpng warning: iCCP: extra compressed data
libpng warning: iCCP: extra compressed data
libpng warning: iCCP: extra compressed data
libpng warning: iCCP: extra compressed data
libpng warning: iCCP: extra compressed data
libpng warning: iCCP: extra compressed data
libpng warning: iCCP: extra compressed data
libpng warning: iCCP: extra compressed data
libpng warning: iCCP: extra compressed data
libpng warning: iCCP: extra compressed data
libpng warning: iCCP: extra compressed data
libpng warning: iCCP: known incorrect sRGB profile
libpng warning: iCCP: cHRM chunk does not match sRGB
libpng warning: iCCP: extra compressed data
libpng warning: iCCP: extra compressed data
libpng warning: iCCP: extra compressed data
libpng warning: iCCP: extra compressed data
libpng warning: iCCP: extra compressed data
libpng warning: iCCP: extra compressed data
libpng warning: iCCP: extra compressed data
libpng warning: iCCP: extra compressed data
epoch: 24 step: 2694, loss is 0.0011640687
libpng warning: iCCP: extra compressed data
libpng warning: iCCP: extra compressed data
libpng warning: iCCP: extra compressed data
libpng warning: iCCP: extra compressed data
libpng warning: iCCP: extra compressed data
libpng warning: iCCP: extra compressed data
libpng warning: iCCP: extra compressed data
libpng warning: iCCP: extra compressed data
libpng warning: iCCP: extra compressed data
libpng warning: iCCP: extra compressed data
libpng warning: iCCP: extra compressed data
libpng warning: iCCP: extra compressed data
libpng warning: iCCP: extra compressed data
libpng warning: iCCP: extra compressed data
libpng warning: iCCP: extra compressed data
libpng warning: iCCP: extra compressed data
libpng warning: iCCP: extra compressed data
libpng warning: iCCP: extra compressed data
libpng warning: iCCP: extra compressed data
libpng warning: iCCP: extra compressed data
libpng warning: iCCP: known incorrect sRGB profile
libpng warning: iCCP: cHRM chunk does not match sRGB
libpng warning: iCCP: extra compressed data
libpng warning: iCCP: extra compressed data
libpng warning: iCCP: extra compressed data
libpng warning: iCCP: extra compressed data
libpng warning: iCCP: extra compressed data
libpng warning: iCCP: extra compressed data
libpng warning: iCCP: extra compressed data
libpng warning: iCCP: extra compressed data
libpng warning: iCCP: extra compressed data
libpng warning: iCCP: extra compressed data
libpng warning: iCCP: known incorrect sRGB profile
libpng warning: iCCP: cHRM chunk does not match sRGB
libpng warning: iCCP: extra compressed data
libpng warning: iCCP: extra compressed data
libpng warning: iCCP: extra compressed data
libpng warning: iCCP: extra compressed data
libpng warning: iCCP: extra compressed data
libpng warning: iCCP: extra compressed data
libpng warning: iCCP: extra compressed data
libpng warning: iCCP: extra compressed data
libpng warning: iCCP: extra compressed data
libpng warning: iCCP: extra compressed data
epoch: 25 step: 2694, loss is 0.00032665575
libpng warning: iCCP: extra compressed data
libpng warning: iCCP: extra compressed data
libpng warning: iCCP: extra compressed data
libpng warning: iCCP: extra compressed data
libpng warning: iCCP: extra compressed data
libpng warning: iCCP: extra compressed data
libpng warning: iCCP: extra compressed data
libpng warning: iCCP: extra compressed data
libpng warning: iCCP: extra compressed data
libpng warning: iCCP: extra compressed data
libpng warning: iCCP: extra compressed data
libpng warning: iCCP: extra compressed data
libpng warning: iCCP: extra compressed data
libpng warning: iCCP: extra compressed data
libpng warning: iCCP: extra compressed data
libpng warning: iCCP: extra compressed data
libpng warning: iCCP: extra compressed data
libpng warning: iCCP: extra compressed data
libpng warning: iCCP: extra compressed data
libpng warning: iCCP: extra compressed data
libpng warning: iCCP: extra compressed data
libpng warning: iCCP: extra compressed data
libpng warning: iCCP: extra compressed data
libpng warning: iCCP: extra compressed data
libpng warning: iCCP: extra compressed data
libpng warning: iCCP: extra compressed data
libpng warning: iCCP: extra compressed data
libpng warning: iCCP: known incorrect sRGB profile
libpng warning: iCCP: cHRM chunk does not match sRGB
libpng warning: iCCP: extra compressed data
libpng warning: iCCP: extra compressed data
libpng warning: iCCP: extra compressed data
libpng warning: iCCP: extra compressed data
libpng warning: iCCP: extra compressed data
libpng warning: iCCP: extra compressed data
libpng warning: iCCP: extra compressed data
libpng warning: iCCP: extra compressed data
libpng warning: iCCP: extra compressed data
libpng warning: iCCP: extra compressed data
libpng warning: iCCP: extra compressed data
libpng warning: iCCP: extra compressed data
libpng warning: iCCP: known incorrect sRGB profile
libpng warning: iCCP: cHRM chunk does not match sRGB
libpng warning: iCCP: extra compressed data
libpng warning: iCCP: extra compressed data
libpng warning: iCCP: extra compressed data
libpng warning: iCCP: extra compressed data
epoch: 26 step: 2694, loss is 0.00015542985
libpng warning: iCCP: extra compressed data
libpng warning: iCCP: extra compressed data
libpng warning: iCCP: extra compressed data
libpng warning: iCCP: extra compressed data
libpng warning: iCCP: extra compressed data
libpng warning: iCCP: extra compressed data
libpng warning: iCCP: extra compressed data
libpng warning: iCCP: extra compressed data
libpng warning: iCCP: extra compressed data
libpng warning: iCCP: extra compressed data
libpng warning: iCCP: extra compressed data
libpng warning: iCCP: extra compressed data
libpng warning: iCCP: extra compressed data
libpng warning: iCCP: extra compressed data
libpng warning: iCCP: extra compressed data
libpng warning: iCCP: extra compressed data
libpng warning: iCCP: extra compressed data
libpng warning: iCCP: extra compressed data
libpng warning: iCCP: extra compressed data
libpng warning: iCCP: extra compressed data
libpng warning: iCCP: known incorrect sRGB profile
libpng warning: iCCP: cHRM chunk does not match sRGB
libpng warning: iCCP: extra compressed data
libpng warning: iCCP: extra compressed data
libpng warning: iCCP: known incorrect sRGB profile
libpng warning: iCCP: cHRM chunk does not match sRGB
libpng warning: iCCP: extra compressed data
libpng warning: iCCP: extra compressed data
libpng warning: iCCP: extra compressed data
libpng warning: iCCP: extra compressed data
libpng warning: iCCP: extra compressed data
libpng warning: iCCP: extra compressed data
libpng warning: iCCP: extra compressed data
libpng warning: iCCP: extra compressed data
libpng warning: iCCP: extra compressed data
libpng warning: iCCP: extra compressed data
libpng warning: iCCP: extra compressed data
libpng warning: iCCP: extra compressed data
libpng warning: iCCP: extra compressed data
libpng warning: iCCP: extra compressed data
libpng warning: iCCP: extra compressed data
libpng warning: iCCP: extra compressed data
libpng warning: iCCP: extra compressed data
libpng warning: iCCP: extra compressed data
libpng warning: iCCP: extra compressed data
libpng warning: iCCP: extra compressed data
libpng warning: iCCP: extra compressed data
epoch: 27 step: 2694, loss is 0.0004893552
libpng warning: iCCP: extra compressed data
libpng warning: iCCP: extra compressed data
libpng warning: iCCP: extra compressed data
libpng warning: iCCP: extra compressed data
libpng warning: iCCP: extra compressed data
libpng warning: iCCP: extra compressed data
libpng warning: iCCP: known incorrect sRGB profile
libpng warning: iCCP: cHRM chunk does not match sRGB
libpng warning: iCCP: extra compressed data
libpng warning: iCCP: extra compressed data
libpng warning: iCCP: extra compressed data
libpng warning: iCCP: extra compressed data
libpng warning: iCCP: extra compressed data
libpng warning: iCCP: extra compressed data
libpng warning: iCCP: extra compressed data
libpng warning: iCCP: extra compressed data
libpng warning: iCCP: extra compressed data
libpng warning: iCCP: extra compressed data
libpng warning: iCCP: extra compressed data
libpng warning: iCCP: extra compressed data
libpng warning: iCCP: extra compressed data
libpng warning: iCCP: extra compressed data
libpng warning: iCCP: extra compressed data
libpng warning: iCCP: extra compressed data
libpng warning: iCCP: extra compressed data
libpng warning: iCCP: extra compressed data
libpng warning: iCCP: extra compressed data
libpng warning: iCCP: extra compressed data
libpng warning: iCCP: extra compressed data
libpng warning: iCCP: extra compressed data
libpng warning: iCCP: extra compressed data
libpng warning: iCCP: extra compressed data
libpng warning: iCCP: extra compressed data
libpng warning: iCCP: known incorrect sRGB profile
libpng warning: iCCP: cHRM chunk does not match sRGB
libpng warning: iCCP: extra compressed data
libpng warning: iCCP: extra compressed data
libpng warning: iCCP: extra compressed data
libpng warning: iCCP: extra compressed data
libpng warning: iCCP: extra compressed data
libpng warning: iCCP: extra compressed data
epoch: 28 step: 2694, loss is 0.0006306691
libpng warning: iCCP: extra compressed data
libpng warning: iCCP: extra compressed data
libpng warning: iCCP: extra compressed data
libpng warning: iCCP: extra compressed data
libpng warning: iCCP: extra compressed data
libpng warning: iCCP: extra compressed data
libpng warning: iCCP: extra compressed data
libpng warning: iCCP: extra compressed data
libpng warning: iCCP: extra compressed data
libpng warning: iCCP: extra compressed data
libpng warning: iCCP: extra compressed data
libpng warning: iCCP: extra compressed data
libpng warning: iCCP: extra compressed data
libpng warning: iCCP: extra compressed data
libpng warning: iCCP: extra compressed data
libpng warning: iCCP: extra compressed data
libpng warning: iCCP: extra compressed data
libpng warning: iCCP: extra compressed data
libpng warning: iCCP: known incorrect sRGB profile
libpng warning: iCCP: cHRM chunk does not match sRGB
libpng warning: iCCP: extra compressed data
libpng warning: iCCP: extra compressed data
libpng warning: iCCP: extra compressed data
libpng warning: iCCP: extra compressed data
libpng warning: iCCP: extra compressed data
libpng warning: iCCP: extra compressed data
libpng warning: iCCP: extra compressed data
libpng warning: iCCP: extra compressed data
libpng warning: iCCP: extra compressed data
libpng warning: iCCP: extra compressed data
libpng warning: iCCP: extra compressed data
libpng warning: iCCP: extra compressed data
libpng warning: iCCP: extra compressed data
libpng warning: iCCP: extra compressed data
libpng warning: iCCP: known incorrect sRGB profile
libpng warning: iCCP: cHRM chunk does not match sRGB
libpng warning: iCCP: extra compressed data
libpng warning: iCCP: extra compressed data
libpng warning: iCCP: extra compressed data
libpng warning: iCCP: extra compressed data
libpng warning: iCCP: extra compressed data
libpng warning: iCCP: extra compressed data
epoch: 29 step: 2694, loss is 0.00023157996
libpng warning: iCCP: extra compressed data
libpng warning: iCCP: extra compressed data
libpng warning: iCCP: extra compressed data
libpng warning: iCCP: extra compressed data
libpng warning: iCCP: extra compressed data
libpng warning: iCCP: extra compressed data
libpng warning: iCCP: extra compressed data
libpng warning: iCCP: extra compressed data
libpng warning: iCCP: extra compressed data
libpng warning: iCCP: extra compressed data
libpng warning: iCCP: extra compressed data
libpng warning: iCCP: extra compressed data
libpng warning: iCCP: extra compressed data
libpng warning: iCCP: extra compressed data
libpng warning: iCCP: extra compressed data
libpng warning: iCCP: extra compressed data
libpng warning: iCCP: extra compressed data
libpng warning: iCCP: extra compressed data
libpng warning: iCCP: extra compressed data
libpng warning: iCCP: extra compressed data
libpng warning: iCCP: extra compressed data
libpng warning: iCCP: extra compressed data
libpng warning: iCCP: extra compressed data
libpng warning: iCCP: extra compressed data
libpng warning: iCCP: extra compressed data
libpng warning: iCCP: extra compressed data
libpng warning: iCCP: extra compressed data
libpng warning: iCCP: extra compressed data
libpng warning: iCCP: extra compressed data
libpng warning: iCCP: extra compressed data
libpng warning: iCCP: extra compressed data
libpng warning: iCCP: known incorrect sRGB profile
libpng warning: iCCP: cHRM chunk does not match sRGB
libpng warning: iCCP: extra compressed data
libpng warning: iCCP: known incorrect sRGB profile
libpng warning: iCCP: cHRM chunk does not match sRGB
libpng warning: iCCP: extra compressed data
libpng warning: iCCP: extra compressed data
libpng warning: iCCP: extra compressed data
libpng warning: iCCP: extra compressed data
libpng warning: iCCP: extra compressed data
libpng warning: iCCP: extra compressed data
libpng warning: iCCP: extra compressed data
libpng warning: iCCP: extra compressed data
libpng warning: iCCP: extra compressed data
libpng warning: iCCP: extra compressed data
libpng warning: iCCP: extra compressed data
epoch: 30 step: 2694, loss is 0.0003883602
libpng warning: iCCP: extra compressed data
libpng warning: iCCP: extra compressed data
libpng warning: iCCP: extra compressed data
libpng warning: iCCP: extra compressed data
libpng warning: iCCP: extra compressed data
libpng warning: iCCP: extra compressed data
libpng warning: iCCP: extra compressed data
libpng warning: iCCP: extra compressed data
libpng warning: iCCP: extra compressed data
libpng warning: iCCP: extra compressed data
libpng warning: iCCP: extra compressed data
libpng warning: iCCP: extra compressed data
libpng warning: iCCP: extra compressed data
libpng warning: iCCP: extra compressed data
libpng warning: iCCP: extra compressed data
libpng warning: iCCP: extra compressed data
libpng warning: iCCP: extra compressed data
libpng warning: iCCP: extra compressed data
libpng warning: iCCP: extra compressed data
libpng warning: iCCP: known incorrect sRGB profile
libpng warning: iCCP: cHRM chunk does not match sRGB
libpng warning: iCCP: extra compressed data
libpng warning: iCCP: extra compressed data
libpng warning: iCCP: extra compressed data
libpng warning: iCCP: extra compressed data
libpng warning: iCCP: extra compressed data
libpng warning: iCCP: extra compressed data
libpng warning: iCCP: extra compressed data
libpng warning: iCCP: extra compressed data
libpng warning: iCCP: extra compressed data
libpng warning: iCCP: extra compressed data
libpng warning: iCCP: extra compressed data
libpng warning: iCCP: extra compressed data
libpng warning: iCCP: extra compressed data
libpng warning: iCCP: known incorrect sRGB profile
libpng warning: iCCP: cHRM chunk does not match sRGB
libpng warning: iCCP: extra compressed data
libpng warning: iCCP: extra compressed data
libpng warning: iCCP: extra compressed data
libpng warning: iCCP: extra compressed data
libpng warning: iCCP: extra compressed data
libpng warning: iCCP: extra compressed data
epoch: 31 step: 2694, loss is 0.0002176036
libpng warning: iCCP: extra compressed data
libpng warning: iCCP: known incorrect sRGB profile
libpng warning: iCCP: cHRM chunk does not match sRGB
libpng warning: iCCP: extra compressed data
libpng warning: iCCP: extra compressed data
libpng warning: iCCP: extra compressed data
libpng warning: iCCP: extra compressed data
libpng warning: iCCP: extra compressed data
libpng warning: iCCP: extra compressed data
libpng warning: iCCP: extra compressed data
libpng warning: iCCP: extra compressed data
libpng warning: iCCP: extra compressed data
libpng warning: iCCP: extra compressed data
libpng warning: iCCP: extra compressed data
libpng warning: iCCP: extra compressed data
libpng warning: iCCP: extra compressed data
libpng warning: iCCP: extra compressed data
libpng warning: iCCP: extra compressed data
libpng warning: iCCP: extra compressed data
libpng warning: iCCP: extra compressed data
libpng warning: iCCP: extra compressed data
libpng warning: iCCP: extra compressed data
libpng warning: iCCP: extra compressed data
libpng warning: iCCP: extra compressed data
libpng warning: iCCP: extra compressed data
libpng warning: iCCP: extra compressed data
libpng warning: iCCP: extra compressed data
libpng warning: iCCP: extra compressed data
libpng warning: iCCP: extra compressed data
libpng warning: iCCP: extra compressed data
libpng warning: iCCP: extra compressed data
libpng warning: iCCP: known incorrect sRGB profile
libpng warning: iCCP: cHRM chunk does not match sRGB
libpng warning: iCCP: extra compressed data
libpng warning: iCCP: extra compressed data
libpng warning: iCCP: extra compressed data
libpng warning: iCCP: extra compressed data
libpng warning: iCCP: extra compressed data
libpng warning: iCCP: extra compressed data
libpng warning: iCCP: extra compressed data
libpng warning: iCCP: extra compressed data
libpng warning: iCCP: extra compressed data
libpng warning: iCCP: extra compressed data
libpng warning: iCCP: extra compressed data
epoch: 32 step: 2694, loss is 0.0003064302
libpng warning: iCCP: extra compressed data
libpng warning: iCCP: known incorrect sRGB profile
libpng warning: iCCP: cHRM chunk does not match sRGB
libpng warning: iCCP: extra compressed data
libpng warning: iCCP: extra compressed data
libpng warning: iCCP: extra compressed data
libpng warning: iCCP: extra compressed data
libpng warning: iCCP: extra compressed data
libpng warning: iCCP: extra compressed data
libpng warning: iCCP: extra compressed data
libpng warning: iCCP: extra compressed data
libpng warning: iCCP: extra compressed data
libpng warning: iCCP: extra compressed data
libpng warning: iCCP: extra compressed data
libpng warning: iCCP: known incorrect sRGB profile
libpng warning: iCCP: cHRM chunk does not match sRGB
libpng warning: iCCP: extra compressed data
libpng warning: iCCP: extra compressed data
libpng warning: iCCP: extra compressed data
libpng warning: iCCP: extra compressed data
libpng warning: iCCP: extra compressed data
libpng warning: iCCP: extra compressed data
libpng warning: iCCP: extra compressed data
libpng warning: iCCP: extra compressed data
libpng warning: iCCP: extra compressed data
libpng warning: iCCP: extra compressed data
libpng warning: iCCP: extra compressed data
libpng warning: iCCP: extra compressed data
libpng warning: iCCP: extra compressed data
libpng warning: iCCP: extra compressed data
libpng warning: iCCP: extra compressed data
libpng warning: iCCP: extra compressed data
libpng warning: iCCP: extra compressed data
libpng warning: iCCP: extra compressed data
libpng warning: iCCP: extra compressed data
libpng warning: iCCP: extra compressed data
libpng warning: iCCP: extra compressed data
libpng warning: iCCP: extra compressed data
libpng warning: iCCP: extra compressed data
libpng warning: iCCP: extra compressed data
libpng warning: iCCP: extra compressed data
libpng warning: iCCP: extra compressed data
libpng warning: iCCP: extra compressed data
libpng warning: iCCP: extra compressed data
libpng warning: iCCP: extra compressed data
libpng warning: iCCP: extra compressed data
epoch: 33 step: 2694, loss is 0.00024046244
libpng warning: iCCP: extra compressed data
libpng warning: iCCP: extra compressed data
libpng warning: iCCP: extra compressed data
libpng warning: iCCP: extra compressed data
libpng warning: iCCP: extra compressed data
libpng warning: iCCP: extra compressed data
libpng warning: iCCP: extra compressed data
libpng warning: iCCP: extra compressed data
libpng warning: iCCP: extra compressed data
libpng warning: iCCP: extra compressed data
libpng warning: iCCP: extra compressed data
libpng warning: iCCP: extra compressed data
libpng warning: iCCP: extra compressed data
libpng warning: iCCP: extra compressed data
libpng warning: iCCP: extra compressed data
libpng warning: iCCP: extra compressed data
libpng warning: iCCP: extra compressed data
libpng warning: iCCP: extra compressed data
libpng warning: iCCP: extra compressed data
libpng warning: iCCP: extra compressed data
libpng warning: iCCP: extra compressed data
libpng warning: iCCP: extra compressed data
libpng warning: iCCP: extra compressed data
libpng warning: iCCP: extra compressed data
libpng warning: iCCP: known incorrect sRGB profile
libpng warning: iCCP: cHRM chunk does not match sRGB
libpng warning: iCCP: extra compressed data
libpng warning: iCCP: extra compressed data
libpng warning: iCCP: known incorrect sRGB profile
libpng warning: iCCP: cHRM chunk does not match sRGB
libpng warning: iCCP: extra compressed data
libpng warning: iCCP: extra compressed data
libpng warning: iCCP: extra compressed data
libpng warning: iCCP: extra compressed data
libpng warning: iCCP: extra compressed data
libpng warning: iCCP: extra compressed data
libpng warning: iCCP: extra compressed data
libpng warning: iCCP: extra compressed data
libpng warning: iCCP: extra compressed data
libpng warning: iCCP: extra compressed data
epoch: 34 step: 2694, loss is 0.00018592965
libpng warning: iCCP: extra compressed data
libpng warning: iCCP: extra compressed data
libpng warning: iCCP: extra compressed data
libpng warning: iCCP: extra compressed data
libpng warning: iCCP: extra compressed data
libpng warning: iCCP: extra compressed data
libpng warning: iCCP: extra compressed data
libpng warning: iCCP: extra compressed data
libpng warning: iCCP: extra compressed data
libpng warning: iCCP: extra compressed data
libpng warning: iCCP: extra compressed data
libpng warning: iCCP: extra compressed data
libpng warning: iCCP: extra compressed data
libpng warning: iCCP: extra compressed data
libpng warning: iCCP: extra compressed data
libpng warning: iCCP: extra compressed data
libpng warning: iCCP: extra compressed data
libpng warning: iCCP: extra compressed data
libpng warning: iCCP: extra compressed data
libpng warning: iCCP: extra compressed data
libpng warning: iCCP: extra compressed data
libpng warning: iCCP: extra compressed data
libpng warning: iCCP: known incorrect sRGB profile
libpng warning: iCCP: cHRM chunk does not match sRGB
libpng warning: iCCP: extra compressed data
libpng warning: iCCP: extra compressed data
libpng warning: iCCP: extra compressed data
libpng warning: iCCP: extra compressed data
libpng warning: iCCP: extra compressed data
libpng warning: iCCP: extra compressed data
libpng warning: iCCP: extra compressed data
libpng warning: iCCP: extra compressed data
libpng warning: iCCP: extra compressed data
libpng warning: iCCP: extra compressed data
libpng warning: iCCP: extra compressed data
libpng warning: iCCP: known incorrect sRGB profile
libpng warning: iCCP: cHRM chunk does not match sRGB
libpng warning: iCCP: extra compressed data
libpng warning: iCCP: extra compressed data
libpng warning: iCCP: extra compressed data
libpng warning: iCCP: extra compressed data
libpng warning: iCCP: extra compressed data
libpng warning: iCCP: extra compressed data
libpng warning: iCCP: extra compressed data
libpng warning: iCCP: extra compressed data
epoch: 35 step: 2694, loss is 0.00045115108
libpng warning: iCCP: extra compressed data
libpng warning: iCCP: extra compressed data
libpng warning: iCCP: extra compressed data
libpng warning: iCCP: extra compressed data
libpng warning: iCCP: extra compressed data
libpng warning: iCCP: extra compressed data
libpng warning: iCCP: extra compressed data
libpng warning: iCCP: extra compressed data
libpng warning: iCCP: extra compressed data
libpng warning: iCCP: extra compressed data
libpng warning: iCCP: extra compressed data
libpng warning: iCCP: extra compressed data
libpng warning: iCCP: extra compressed data
libpng warning: iCCP: extra compressed data
libpng warning: iCCP: extra compressed data
libpng warning: iCCP: extra compressed data
libpng warning: iCCP: extra compressed data
libpng warning: iCCP: extra compressed data
libpng warning: iCCP: extra compressed data
libpng warning: iCCP: extra compressed data
libpng warning: iCCP: extra compressed data
libpng warning: iCCP: extra compressed data
libpng warning: iCCP: extra compressed data
libpng warning: iCCP: known incorrect sRGB profile
libpng warning: iCCP: cHRM chunk does not match sRGB
libpng warning: iCCP: extra compressed data
libpng warning: iCCP: extra compressed data
libpng warning: iCCP: extra compressed data
libpng warning: iCCP: extra compressed data
libpng warning: iCCP: extra compressed data
libpng warning: iCCP: known incorrect sRGB profile
libpng warning: iCCP: cHRM chunk does not match sRGB
libpng warning: iCCP: extra compressed data
libpng warning: iCCP: extra compressed data
libpng warning: iCCP: extra compressed data
libpng warning: iCCP: extra compressed data
libpng warning: iCCP: extra compressed data
libpng warning: iCCP: extra compressed data
libpng warning: iCCP: extra compressed data
libpng warning: iCCP: extra compressed data
libpng warning: iCCP: extra compressed data
libpng warning: iCCP: extra compressed data
libpng warning: iCCP: extra compressed data
libpng warning: iCCP: extra compressed data
libpng warning: iCCP: extra compressed data
epoch: 36 step: 2694, loss is 0.00014400827
libpng warning: iCCP: extra compressed data
libpng warning: iCCP: known incorrect sRGB profile
libpng warning: iCCP: cHRM chunk does not match sRGB
libpng warning: iCCP: extra compressed data
libpng warning: iCCP: extra compressed data
libpng warning: iCCP: extra compressed data
libpng warning: iCCP: extra compressed data
libpng warning: iCCP: extra compressed data
libpng warning: iCCP: extra compressed data
libpng warning: iCCP: extra compressed data
libpng warning: iCCP: extra compressed data
libpng warning: iCCP: extra compressed data
libpng warning: iCCP: extra compressed data
libpng warning: iCCP: extra compressed data
libpng warning: iCCP: extra compressed data
libpng warning: iCCP: extra compressed data
libpng warning: iCCP: extra compressed data
libpng warning: iCCP: extra compressed data
libpng warning: iCCP: extra compressed data
libpng warning: iCCP: extra compressed data
libpng warning: iCCP: extra compressed data
libpng warning: iCCP: extra compressed data
libpng warning: iCCP: extra compressed data
libpng warning: iCCP: known incorrect sRGB profile
libpng warning: iCCP: cHRM chunk does not match sRGB
libpng warning: iCCP: extra compressed data
libpng warning: iCCP: extra compressed data
libpng warning: iCCP: extra compressed data
libpng warning: iCCP: extra compressed data
libpng warning: iCCP: extra compressed data
libpng warning: iCCP: extra compressed data
libpng warning: iCCP: extra compressed data
libpng warning: iCCP: extra compressed data
libpng warning: iCCP: extra compressed data
libpng warning: iCCP: extra compressed data
libpng warning: iCCP: extra compressed data
libpng warning: iCCP: extra compressed data
libpng warning: iCCP: extra compressed data
libpng warning: iCCP: extra compressed data
libpng warning: iCCP: extra compressed data
libpng warning: iCCP: extra compressed data
libpng warning: iCCP: extra compressed data
epoch: 37 step: 2694, loss is 0.00014419913
libpng warning: iCCP: extra compressed data
libpng warning: iCCP: extra compressed data
libpng warning: iCCP: extra compressed data
libpng warning: iCCP: extra compressed data
libpng warning: iCCP: extra compressed data
libpng warning: iCCP: extra compressed data
libpng warning: iCCP: extra compressed data
libpng warning: iCCP: extra compressed data
libpng warning: iCCP: extra compressed data
libpng warning: iCCP: extra compressed data
libpng warning: iCCP: extra compressed data
libpng warning: iCCP: extra compressed data
libpng warning: iCCP: known incorrect sRGB profile
libpng warning: iCCP: cHRM chunk does not match sRGB
libpng warning: iCCP: known incorrect sRGB profile
libpng warning: iCCP: cHRM chunk does not match sRGB
libpng warning: iCCP: extra compressed data
libpng warning: iCCP: extra compressed data
libpng warning: iCCP: extra compressed data
libpng warning: iCCP: extra compressed data
libpng warning: iCCP: extra compressed data
libpng warning: iCCP: extra compressed data
libpng warning: iCCP: extra compressed data
libpng warning: iCCP: extra compressed data
libpng warning: iCCP: extra compressed data
libpng warning: iCCP: extra compressed data
libpng warning: iCCP: extra compressed data
libpng warning: iCCP: extra compressed data
libpng warning: iCCP: extra compressed data
libpng warning: iCCP: extra compressed data
libpng warning: iCCP: extra compressed data
libpng warning: iCCP: extra compressed data
libpng warning: iCCP: extra compressed data
libpng warning: iCCP: extra compressed data
libpng warning: iCCP: extra compressed data
libpng warning: iCCP: extra compressed data
libpng warning: iCCP: extra compressed data
libpng warning: iCCP: extra compressed data
libpng warning: iCCP: extra compressed data
libpng warning: iCCP: extra compressed data
libpng warning: iCCP: extra compressed data
libpng warning: iCCP: extra compressed data
libpng warning: iCCP: extra compressed data
libpng warning: iCCP: extra compressed data
libpng warning: iCCP: extra compressed data
libpng warning: iCCP: extra compressed data
epoch: 38 step: 2694, loss is 0.00039451692
libpng warning: iCCP: extra compressed data
libpng warning: iCCP: extra compressed data
libpng warning: iCCP: extra compressed data
libpng warning: iCCP: extra compressed data
libpng warning: iCCP: extra compressed data
libpng warning: iCCP: extra compressed data
libpng warning: iCCP: extra compressed data
libpng warning: iCCP: extra compressed data
libpng warning: iCCP: extra compressed data
libpng warning: iCCP: extra compressed data
libpng warning: iCCP: extra compressed data
libpng warning: iCCP: extra compressed data
libpng warning: iCCP: extra compressed data
libpng warning: iCCP: extra compressed data
libpng warning: iCCP: extra compressed data
libpng warning: iCCP: extra compressed data
libpng warning: iCCP: extra compressed data
libpng warning: iCCP: extra compressed data
libpng warning: iCCP: extra compressed data
libpng warning: iCCP: extra compressed data
libpng warning: iCCP: extra compressed data
libpng warning: iCCP: extra compressed data
libpng warning: iCCP: extra compressed data
libpng warning: iCCP: extra compressed data
libpng warning: iCCP: extra compressed data
libpng warning: iCCP: extra compressed data
libpng warning: iCCP: extra compressed data
libpng warning: iCCP: known incorrect sRGB profile
libpng warning: iCCP: cHRM chunk does not match sRGB
libpng warning: iCCP: extra compressed data
libpng warning: iCCP: extra compressed data
libpng warning: iCCP: extra compressed data
libpng warning: iCCP: extra compressed data
libpng warning: iCCP: extra compressed data
libpng warning: iCCP: extra compressed data
libpng warning: iCCP: extra compressed data
libpng warning: iCCP: extra compressed data
libpng warning: iCCP: extra compressed data
libpng warning: iCCP: extra compressed data
libpng warning: iCCP: known incorrect sRGB profile
libpng warning: iCCP: cHRM chunk does not match sRGB
libpng warning: iCCP: extra compressed data
libpng warning: iCCP: extra compressed data
libpng warning: iCCP: extra compressed data
libpng warning: iCCP: extra compressed data
libpng warning: iCCP: extra compressed data
libpng warning: iCCP: extra compressed data
epoch: 39 step: 2694, loss is 7.790514e-05
libpng warning: iCCP: extra compressed data
libpng warning: iCCP: extra compressed data
libpng warning: iCCP: extra compressed data
libpng warning: iCCP: extra compressed data
libpng warning: iCCP: known incorrect sRGB profile
libpng warning: iCCP: cHRM chunk does not match sRGB
libpng warning: iCCP: extra compressed data
libpng warning: iCCP: extra compressed data
libpng warning: iCCP: extra compressed data
libpng warning: iCCP: extra compressed data
libpng warning: iCCP: extra compressed data
libpng warning: iCCP: extra compressed data
libpng warning: iCCP: extra compressed data
libpng warning: iCCP: extra compressed data
libpng warning: iCCP: extra compressed data
libpng warning: iCCP: extra compressed data
libpng warning: iCCP: extra compressed data
libpng warning: iCCP: extra compressed data
libpng warning: iCCP: extra compressed data
libpng warning: iCCP: extra compressed data
libpng warning: iCCP: extra compressed data
libpng warning: iCCP: extra compressed data
libpng warning: iCCP: extra compressed data
libpng warning: iCCP: extra compressed data
libpng warning: iCCP: extra compressed data
libpng warning: iCCP: extra compressed data
libpng warning: iCCP: extra compressed data
libpng warning: iCCP: extra compressed data
libpng warning: iCCP: extra compressed data
libpng warning: iCCP: known incorrect sRGB profile
libpng warning: iCCP: cHRM chunk does not match sRGB
libpng warning: iCCP: extra compressed data
libpng warning: iCCP: extra compressed data
libpng warning: iCCP: extra compressed data
libpng warning: iCCP: extra compressed data
libpng warning: iCCP: extra compressed data
libpng warning: iCCP: extra compressed data
libpng warning: iCCP: extra compressed data
libpng warning: iCCP: extra compressed data
libpng warning: iCCP: extra compressed data
libpng warning: iCCP: extra compressed data
libpng warning: iCCP: extra compressed data
libpng warning: iCCP: extra compressed data
libpng warning: iCCP: extra compressed data
epoch: 40 step: 2694, loss is 0.00027109953
libpng warning: iCCP: extra compressed data
libpng warning: iCCP: extra compressed data
libpng warning: iCCP: extra compressed data
libpng warning: iCCP: extra compressed data
libpng warning: iCCP: extra compressed data
libpng warning: iCCP: extra compressed data
libpng warning: iCCP: extra compressed data
libpng warning: iCCP: extra compressed data
libpng warning: iCCP: extra compressed data
libpng warning: iCCP: extra compressed data
libpng warning: iCCP: extra compressed data
libpng warning: iCCP: extra compressed data
libpng warning: iCCP: known incorrect sRGB profile
libpng warning: iCCP: cHRM chunk does not match sRGB
libpng warning: iCCP: extra compressed data
libpng warning: iCCP: extra compressed data
libpng warning: iCCP: extra compressed data
libpng warning: iCCP: extra compressed data
libpng warning: iCCP: extra compressed data
libpng warning: iCCP: extra compressed data
libpng warning: iCCP: extra compressed data
libpng warning: iCCP: extra compressed data
libpng warning: iCCP: extra compressed data
libpng warning: iCCP: extra compressed data
libpng warning: iCCP: extra compressed data
libpng warning: iCCP: extra compressed data
libpng warning: iCCP: extra compressed data
libpng warning: iCCP: extra compressed data
libpng warning: iCCP: extra compressed data
libpng warning: iCCP: known incorrect sRGB profile
libpng warning: iCCP: cHRM chunk does not match sRGB
libpng warning: iCCP: extra compressed data
libpng warning: iCCP: extra compressed data
libpng warning: iCCP: extra compressed data
libpng warning: iCCP: extra compressed data
libpng warning: iCCP: extra compressed data
libpng warning: iCCP: extra compressed data
libpng warning: iCCP: extra compressed data
libpng warning: iCCP: extra compressed data
libpng warning: iCCP: extra compressed data
libpng warning: iCCP: extra compressed data
epoch: 41 step: 2694, loss is 0.00014597746
