libpng warning: iCCP: extra compressed data
libpng warning: iCCP: extra compressed data
libpng warning: iCCP: extra compressed data
libpng warning: iCCP: extra compressed data
libpng warning: iCCP: extra compressed data
libpng warning: iCCP: extra compressed data
libpng warning: iCCP: extra compressed data
libpng warning: iCCP: extra compressed data
libpng warning: iCCP: extra compressed data
libpng warning: iCCP: extra compressed data
libpng warning: iCCP: extra compressed data
libpng warning: iCCP: extra compressed data
libpng warning: iCCP: known incorrect sRGB profile
libpng warning: iCCP: cHRM chunk does not match sRGB
libpng warning: iCCP: extra compressed data
libpng warning: iCCP: extra compressed data
libpng warning: iCCP: extra compressed data
libpng warning: iCCP: extra compressed data
libpng warning: iCCP: extra compressed data
libpng warning: iCCP: extra compressed data
libpng warning: iCCP: extra compressed data
libpng warning: iCCP: extra compressed data
libpng warning: iCCP: extra compressed data
libpng warning: iCCP: extra compressed data
libpng warning: iCCP: extra compressed data
libpng warning: iCCP: extra compressed data
libpng warning: iCCP: extra compressed data
libpng warning: iCCP: extra compressed data
libpng warning: iCCP: extra compressed data
libpng warning: iCCP: extra compressed data
libpng warning: iCCP: extra compressed data
libpng warning: iCCP: known incorrect sRGB profile
libpng warning: iCCP: cHRM chunk does not match sRGB
libpng warning: iCCP: extra compressed data
libpng warning: iCCP: extra compressed data
libpng warning: iCCP: extra compressed data
libpng warning: iCCP: extra compressed data
libpng warning: iCCP: extra compressed data
libpng warning: iCCP: extra compressed data
libpng warning: iCCP: extra compressed data
libpng warning: iCCP: extra compressed data
libpng warning: iCCP: extra compressed data
libpng warning: iCCP: extra compressed data
libpng warning: iCCP: extra compressed data
libpng warning: iCCP: extra compressed data
libpng warning: iCCP: extra compressed data
libpng warning: iCCP: extra compressed data
libpng warning: iCCP: extra compressed data
libpng warning: iCCP: extra compressed data
libpng warning: iCCP: extra compressed data
Checking /home/twang/.mscache/mindspore/ascend/1.2/resnet50thorcp_v1.2_imagenet2012.md...[1;32mPassed![0m
Checking /home/twang/.mscache/mindspore/ascend/1.2/resnet50thorcp_v1.2_imagenet2012.md...[1;32mPassed![0m
epoch: 1 step: 2694, loss is 0.2654831
libpng warning: iCCP: extra compressed data
libpng warning: iCCP: known incorrect sRGB profile
libpng warning: iCCP: cHRM chunk does not match sRGB
libpng warning: iCCP: extra compressed data
libpng warning: iCCP: extra compressed data
libpng warning: iCCP: extra compressed data
libpng warning: iCCP: extra compressed data
libpng warning: iCCP: extra compressed data
libpng warning: iCCP: extra compressed data
libpng warning: iCCP: extra compressed data
libpng warning: iCCP: extra compressed data
libpng warning: iCCP: extra compressed data
libpng warning: iCCP: extra compressed data
libpng warning: iCCP: extra compressed data
libpng warning: iCCP: extra compressed data
libpng warning: iCCP: extra compressed data
libpng warning: iCCP: extra compressed data
libpng warning: iCCP: extra compressed data
libpng warning: iCCP: extra compressed data
libpng warning: iCCP: extra compressed data
libpng warning: iCCP: extra compressed data
libpng warning: iCCP: known incorrect sRGB profile
libpng warning: iCCP: cHRM chunk does not match sRGB
libpng warning: iCCP: extra compressed data
libpng warning: iCCP: extra compressed data
libpng warning: iCCP: extra compressed data
libpng warning: iCCP: extra compressed data
libpng warning: iCCP: extra compressed data
libpng warning: iCCP: extra compressed data
libpng warning: iCCP: extra compressed data
libpng warning: iCCP: extra compressed data
libpng warning: iCCP: extra compressed data
libpng warning: iCCP: extra compressed data
libpng warning: iCCP: extra compressed data
libpng warning: iCCP: extra compressed data
libpng warning: iCCP: extra compressed data
libpng warning: iCCP: extra compressed data
libpng warning: iCCP: extra compressed data
libpng warning: iCCP: extra compressed data
libpng warning: iCCP: extra compressed data
libpng warning: iCCP: extra compressed data
libpng warning: iCCP: extra compressed data
epoch: 2 step: 2694, loss is 0.18691418
libpng warning: iCCP: extra compressed data
libpng warning: iCCP: extra compressed data
libpng warning: iCCP: extra compressed data
libpng warning: iCCP: extra compressed data
libpng warning: iCCP: extra compressed data
libpng warning: iCCP: extra compressed data
libpng warning: iCCP: extra compressed data
libpng warning: iCCP: extra compressed data
libpng warning: iCCP: extra compressed data
libpng warning: iCCP: known incorrect sRGB profile
libpng warning: iCCP: cHRM chunk does not match sRGB
libpng warning: iCCP: extra compressed data
libpng warning: iCCP: extra compressed data
libpng warning: iCCP: extra compressed data
libpng warning: iCCP: extra compressed data
libpng warning: iCCP: extra compressed data
libpng warning: iCCP: extra compressed data
libpng warning: iCCP: extra compressed data
libpng warning: iCCP: extra compressed data
libpng warning: iCCP: extra compressed data
libpng warning: iCCP: extra compressed data
libpng warning: iCCP: extra compressed data
libpng warning: iCCP: extra compressed data
libpng warning: iCCP: extra compressed data
libpng warning: iCCP: extra compressed data
libpng warning: iCCP: extra compressed data
libpng warning: iCCP: extra compressed data
libpng warning: iCCP: extra compressed data
libpng warning: iCCP: extra compressed data
libpng warning: iCCP: extra compressed data
libpng warning: iCCP: extra compressed data
libpng warning: iCCP: extra compressed data
libpng warning: iCCP: extra compressed data
libpng warning: iCCP: extra compressed data
libpng warning: iCCP: extra compressed data
libpng warning: iCCP: extra compressed data
libpng warning: iCCP: extra compressed data
libpng warning: iCCP: known incorrect sRGB profile
libpng warning: iCCP: cHRM chunk does not match sRGB
libpng warning: iCCP: extra compressed data
libpng warning: iCCP: extra compressed data
libpng warning: iCCP: known incorrect sRGB profile
libpng warning: iCCP: cHRM chunk does not match sRGB
libpng warning: iCCP: extra compressed data
epoch: 3 step: 2694, loss is 0.06353694
libpng warning: iCCP: extra compressed data
libpng warning: iCCP: extra compressed data
libpng warning: iCCP: extra compressed data
libpng warning: iCCP: extra compressed data
libpng warning: iCCP: extra compressed data
libpng warning: iCCP: extra compressed data
libpng warning: iCCP: extra compressed data
libpng warning: iCCP: extra compressed data
libpng warning: iCCP: extra compressed data
libpng warning: iCCP: extra compressed data
libpng warning: iCCP: extra compressed data
libpng warning: iCCP: extra compressed data
libpng warning: iCCP: extra compressed data
libpng warning: iCCP: extra compressed data
libpng warning: iCCP: extra compressed data
libpng warning: iCCP: extra compressed data
libpng warning: iCCP: extra compressed data
libpng warning: iCCP: extra compressed data
libpng warning: iCCP: extra compressed data
libpng warning: iCCP: extra compressed data
libpng warning: iCCP: extra compressed data
libpng warning: iCCP: extra compressed data
libpng warning: iCCP: extra compressed data
libpng warning: iCCP: extra compressed data
libpng warning: iCCP: extra compressed data
libpng warning: iCCP: known incorrect sRGB profile
libpng warning: iCCP: cHRM chunk does not match sRGB
libpng warning: iCCP: extra compressed data
libpng warning: iCCP: extra compressed data
libpng warning: iCCP: extra compressed data
libpng warning: iCCP: extra compressed data
libpng warning: iCCP: extra compressed data
libpng warning: iCCP: extra compressed data
libpng warning: iCCP: extra compressed data
libpng warning: iCCP: extra compressed data
libpng warning: iCCP: extra compressed data
libpng warning: iCCP: extra compressed data
libpng warning: iCCP: extra compressed data
libpng warning: iCCP: extra compressed data
libpng warning: iCCP: extra compressed data
libpng warning: iCCP: extra compressed data
libpng warning: iCCP: extra compressed data
libpng warning: iCCP: extra compressed data
libpng warning: iCCP: extra compressed data
epoch: 4 step: 2694, loss is 0.098711155
libpng warning: iCCP: extra compressed data
libpng warning: iCCP: extra compressed data
libpng warning: iCCP: extra compressed data
libpng warning: iCCP: extra compressed data
libpng warning: iCCP: extra compressed data
libpng warning: iCCP: extra compressed data
libpng warning: iCCP: extra compressed data
libpng warning: iCCP: extra compressed data
libpng warning: iCCP: extra compressed data
libpng warning: iCCP: extra compressed data
libpng warning: iCCP: extra compressed data
libpng warning: iCCP: extra compressed data
libpng warning: iCCP: extra compressed data
libpng warning: iCCP: extra compressed data
libpng warning: iCCP: extra compressed data
libpng warning: iCCP: extra compressed data
libpng warning: iCCP: extra compressed data
libpng warning: iCCP: extra compressed data
libpng warning: iCCP: extra compressed data
libpng warning: iCCP: extra compressed data
libpng warning: iCCP: extra compressed data
libpng warning: iCCP: extra compressed data
libpng warning: iCCP: extra compressed data
libpng warning: iCCP: extra compressed data
libpng warning: iCCP: extra compressed data
libpng warning: iCCP: known incorrect sRGB profile
libpng warning: iCCP: cHRM chunk does not match sRGB
libpng warning: iCCP: extra compressed data
libpng warning: iCCP: extra compressed data
libpng warning: iCCP: extra compressed data
libpng warning: iCCP: known incorrect sRGB profile
libpng warning: iCCP: cHRM chunk does not match sRGB
libpng warning: iCCP: extra compressed data
libpng warning: iCCP: extra compressed data
libpng warning: iCCP: extra compressed data
libpng warning: iCCP: extra compressed data
libpng warning: iCCP: extra compressed data
libpng warning: iCCP: extra compressed data
libpng warning: iCCP: extra compressed data
libpng warning: iCCP: extra compressed data
libpng warning: iCCP: extra compressed data
libpng warning: iCCP: known incorrect sRGB profile
libpng warning: iCCP: cHRM chunk does not match sRGB
epoch: 5 step: 2694, loss is 0.04203212
libpng warning: iCCP: extra compressed data
libpng warning: iCCP: extra compressed data
libpng warning: iCCP: extra compressed data
libpng warning: iCCP: extra compressed data
libpng warning: iCCP: extra compressed data
libpng warning: iCCP: extra compressed data
libpng warning: iCCP: extra compressed data
libpng warning: iCCP: extra compressed data
libpng warning: iCCP: extra compressed data
libpng warning: iCCP: extra compressed data
libpng warning: iCCP: extra compressed data
libpng warning: iCCP: extra compressed data
libpng warning: iCCP: extra compressed data
libpng warning: iCCP: extra compressed data
libpng warning: iCCP: extra compressed data
libpng warning: iCCP: known incorrect sRGB profile
libpng warning: iCCP: cHRM chunk does not match sRGB
libpng warning: iCCP: extra compressed data
libpng warning: iCCP: extra compressed data
libpng warning: iCCP: extra compressed data
libpng warning: iCCP: extra compressed data
libpng warning: iCCP: extra compressed data
libpng warning: iCCP: extra compressed data
libpng warning: iCCP: extra compressed data
libpng warning: iCCP: extra compressed data
libpng warning: iCCP: extra compressed data
libpng warning: iCCP: extra compressed data
libpng warning: iCCP: extra compressed data
libpng warning: iCCP: extra compressed data
libpng warning: iCCP: extra compressed data
libpng warning: iCCP: extra compressed data
libpng warning: iCCP: extra compressed data
libpng warning: iCCP: extra compressed data
libpng warning: iCCP: extra compressed data
libpng warning: iCCP: extra compressed data
libpng warning: iCCP: extra compressed data
libpng warning: iCCP: extra compressed data
libpng warning: iCCP: extra compressed data
libpng warning: iCCP: extra compressed data
libpng warning: iCCP: extra compressed data
libpng warning: iCCP: extra compressed data
libpng warning: iCCP: extra compressed data
libpng warning: iCCP: extra compressed data
libpng warning: iCCP: extra compressed data
libpng warning: iCCP: extra compressed data
epoch: 6 step: 2694, loss is 0.030681008
libpng warning: iCCP: extra compressed data
libpng warning: iCCP: extra compressed data
libpng warning: iCCP: extra compressed data
libpng warning: iCCP: extra compressed data
libpng warning: iCCP: extra compressed data
libpng warning: iCCP: extra compressed data
libpng warning: iCCP: extra compressed data
libpng warning: iCCP: extra compressed data
libpng warning: iCCP: extra compressed data
libpng warning: iCCP: extra compressed data
libpng warning: iCCP: extra compressed data
libpng warning: iCCP: extra compressed data
libpng warning: iCCP: extra compressed data
libpng warning: iCCP: extra compressed data
libpng warning: iCCP: extra compressed data
libpng warning: iCCP: extra compressed data
libpng warning: iCCP: extra compressed data
libpng warning: iCCP: extra compressed data
libpng warning: iCCP: extra compressed data
libpng warning: iCCP: extra compressed data
libpng warning: iCCP: extra compressed data
libpng warning: iCCP: extra compressed data
libpng warning: iCCP: extra compressed data
libpng warning: iCCP: extra compressed data
libpng warning: iCCP: extra compressed data
libpng warning: iCCP: extra compressed data
libpng warning: iCCP: extra compressed data
libpng warning: iCCP: extra compressed data
libpng warning: iCCP: extra compressed data
libpng warning: iCCP: extra compressed data
libpng warning: iCCP: known incorrect sRGB profile
libpng warning: iCCP: cHRM chunk does not match sRGB
libpng warning: iCCP: extra compressed data
libpng warning: iCCP: known incorrect sRGB profile
libpng warning: iCCP: cHRM chunk does not match sRGB
libpng warning: iCCP: extra compressed data
libpng warning: iCCP: extra compressed data
libpng warning: iCCP: extra compressed data
libpng warning: iCCP: extra compressed data
libpng warning: iCCP: extra compressed data
libpng warning: iCCP: extra compressed data
libpng warning: iCCP: extra compressed data
epoch: 7 step: 2694, loss is 0.061218977
libpng warning: iCCP: extra compressed data
libpng warning: iCCP: extra compressed data
libpng warning: iCCP: extra compressed data
libpng warning: iCCP: extra compressed data
libpng warning: iCCP: extra compressed data
libpng warning: iCCP: extra compressed data
libpng warning: iCCP: extra compressed data
libpng warning: iCCP: extra compressed data
libpng warning: iCCP: extra compressed data
libpng warning: iCCP: extra compressed data
libpng warning: iCCP: extra compressed data
libpng warning: iCCP: extra compressed data
libpng warning: iCCP: extra compressed data
libpng warning: iCCP: extra compressed data
libpng warning: iCCP: extra compressed data
libpng warning: iCCP: extra compressed data
libpng warning: iCCP: extra compressed data
libpng warning: iCCP: extra compressed data
libpng warning: iCCP: extra compressed data
libpng warning: iCCP: extra compressed data
libpng warning: iCCP: extra compressed data
libpng warning: iCCP: extra compressed data
libpng warning: iCCP: extra compressed data
libpng warning: iCCP: extra compressed data
libpng warning: iCCP: extra compressed data
libpng warning: iCCP: known incorrect sRGB profile
libpng warning: iCCP: cHRM chunk does not match sRGB
libpng warning: iCCP: extra compressed data
libpng warning: iCCP: extra compressed data
libpng warning: iCCP: extra compressed data
libpng warning: iCCP: extra compressed data
libpng warning: iCCP: known incorrect sRGB profile
libpng warning: iCCP: cHRM chunk does not match sRGB
libpng warning: iCCP: extra compressed data
libpng warning: iCCP: extra compressed data
libpng warning: iCCP: extra compressed data
libpng warning: iCCP: extra compressed data
libpng warning: iCCP: extra compressed data
libpng warning: iCCP: extra compressed data
libpng warning: iCCP: extra compressed data
libpng warning: iCCP: extra compressed data
libpng warning: iCCP: extra compressed data
libpng warning: iCCP: extra compressed data
libpng warning: iCCP: extra compressed data
epoch: 8 step: 2694, loss is 0.0498586
libpng warning: iCCP: extra compressed data
libpng warning: iCCP: extra compressed data
libpng warning: iCCP: extra compressed data
libpng warning: iCCP: extra compressed data
libpng warning: iCCP: extra compressed data
libpng warning: iCCP: extra compressed data
libpng warning: iCCP: extra compressed data
libpng warning: iCCP: extra compressed data
libpng warning: iCCP: extra compressed data
libpng warning: iCCP: extra compressed data
libpng warning: iCCP: extra compressed data
libpng warning: iCCP: known incorrect sRGB profile
libpng warning: iCCP: cHRM chunk does not match sRGB
libpng warning: iCCP: extra compressed data
libpng warning: iCCP: extra compressed data
libpng warning: iCCP: extra compressed data
libpng warning: iCCP: extra compressed data
libpng warning: iCCP: extra compressed data
libpng warning: iCCP: extra compressed data
libpng warning: iCCP: extra compressed data
libpng warning: iCCP: known incorrect sRGB profile
libpng warning: iCCP: cHRM chunk does not match sRGB
libpng warning: iCCP: extra compressed data
libpng warning: iCCP: extra compressed data
libpng warning: iCCP: extra compressed data
libpng warning: iCCP: extra compressed data
libpng warning: iCCP: extra compressed data
libpng warning: iCCP: extra compressed data
libpng warning: iCCP: extra compressed data
libpng warning: iCCP: extra compressed data
libpng warning: iCCP: extra compressed data
libpng warning: iCCP: extra compressed data
libpng warning: iCCP: extra compressed data
libpng warning: iCCP: extra compressed data
libpng warning: iCCP: extra compressed data
libpng warning: iCCP: extra compressed data
libpng warning: iCCP: extra compressed data
libpng warning: iCCP: extra compressed data
libpng warning: iCCP: extra compressed data
libpng warning: iCCP: extra compressed data
libpng warning: iCCP: extra compressed data
libpng warning: iCCP: extra compressed data
libpng warning: iCCP: extra compressed data
libpng warning: iCCP: extra compressed data
libpng warning: iCCP: extra compressed data
epoch: 9 step: 2694, loss is 0.021493291
libpng warning: iCCP: extra compressed data
libpng warning: iCCP: extra compressed data
libpng warning: iCCP: extra compressed data
libpng warning: iCCP: extra compressed data
libpng warning: iCCP: extra compressed data
libpng warning: iCCP: extra compressed data
libpng warning: iCCP: extra compressed data
libpng warning: iCCP: extra compressed data
libpng warning: iCCP: extra compressed data
libpng warning: iCCP: extra compressed data
libpng warning: iCCP: extra compressed data
libpng warning: iCCP: known incorrect sRGB profile
libpng warning: iCCP: cHRM chunk does not match sRGB
libpng warning: iCCP: extra compressed data
libpng warning: iCCP: extra compressed data
libpng warning: iCCP: extra compressed data
libpng warning: iCCP: extra compressed data
libpng warning: iCCP: extra compressed data
libpng warning: iCCP: extra compressed data
libpng warning: iCCP: extra compressed data
libpng warning: iCCP: extra compressed data
libpng warning: iCCP: extra compressed data
libpng warning: iCCP: known incorrect sRGB profile
libpng warning: iCCP: cHRM chunk does not match sRGB
libpng warning: iCCP: extra compressed data
libpng warning: iCCP: extra compressed data
libpng warning: iCCP: extra compressed data
libpng warning: iCCP: extra compressed data
libpng warning: iCCP: extra compressed data
libpng warning: iCCP: extra compressed data
libpng warning: iCCP: extra compressed data
libpng warning: iCCP: extra compressed data
libpng warning: iCCP: extra compressed data
libpng warning: iCCP: extra compressed data
libpng warning: iCCP: extra compressed data
libpng warning: iCCP: extra compressed data
libpng warning: iCCP: extra compressed data
libpng warning: iCCP: extra compressed data
libpng warning: iCCP: extra compressed data
libpng warning: iCCP: extra compressed data
libpng warning: iCCP: extra compressed data
libpng warning: iCCP: extra compressed data
libpng warning: iCCP: known incorrect sRGB profile
libpng warning: iCCP: cHRM chunk does not match sRGB
libpng warning: iCCP: extra compressed data
epoch: 10 step: 2694, loss is 0.0031206964
libpng warning: iCCP: extra compressed data
libpng warning: iCCP: known incorrect sRGB profile
libpng warning: iCCP: cHRM chunk does not match sRGB
libpng warning: iCCP: extra compressed data
libpng warning: iCCP: extra compressed data
libpng warning: iCCP: extra compressed data
libpng warning: iCCP: extra compressed data
libpng warning: iCCP: extra compressed data
libpng warning: iCCP: extra compressed data
libpng warning: iCCP: extra compressed data
libpng warning: iCCP: extra compressed data
libpng warning: iCCP: extra compressed data
libpng warning: iCCP: extra compressed data
libpng warning: iCCP: extra compressed data
libpng warning: iCCP: extra compressed data
libpng warning: iCCP: extra compressed data
libpng warning: iCCP: extra compressed data
libpng warning: iCCP: extra compressed data
libpng warning: iCCP: extra compressed data
libpng warning: iCCP: extra compressed data
libpng warning: iCCP: extra compressed data
libpng warning: iCCP: extra compressed data
libpng warning: iCCP: extra compressed data
libpng warning: iCCP: extra compressed data
libpng warning: iCCP: extra compressed data
libpng warning: iCCP: extra compressed data
libpng warning: iCCP: extra compressed data
libpng warning: iCCP: extra compressed data
libpng warning: iCCP: extra compressed data
libpng warning: iCCP: extra compressed data
libpng warning: iCCP: extra compressed data
libpng warning: iCCP: extra compressed data
libpng warning: iCCP: extra compressed data
libpng warning: iCCP: extra compressed data
libpng warning: iCCP: extra compressed data
libpng warning: iCCP: extra compressed data
libpng warning: iCCP: extra compressed data
libpng warning: iCCP: extra compressed data
libpng warning: iCCP: extra compressed data
libpng warning: iCCP: extra compressed data
libpng warning: iCCP: extra compressed data
libpng warning: iCCP: extra compressed data
epoch: 11 step: 2694, loss is 0.022051856
libpng warning: iCCP: extra compressed data
libpng warning: iCCP: extra compressed data
libpng warning: iCCP: known incorrect sRGB profile
libpng warning: iCCP: cHRM chunk does not match sRGB
libpng warning: iCCP: extra compressed data
libpng warning: iCCP: extra compressed data
libpng warning: iCCP: extra compressed data
libpng warning: iCCP: extra compressed data
libpng warning: iCCP: extra compressed data
libpng warning: iCCP: extra compressed data
libpng warning: iCCP: extra compressed data
libpng warning: iCCP: extra compressed data
libpng warning: iCCP: extra compressed data
libpng warning: iCCP: extra compressed data
libpng warning: iCCP: extra compressed data
libpng warning: iCCP: extra compressed data
libpng warning: iCCP: extra compressed data
libpng warning: iCCP: extra compressed data
libpng warning: iCCP: extra compressed data
libpng warning: iCCP: extra compressed data
libpng warning: iCCP: extra compressed data
libpng warning: iCCP: extra compressed data
libpng warning: iCCP: extra compressed data
libpng warning: iCCP: extra compressed data
libpng warning: iCCP: extra compressed data
libpng warning: iCCP: extra compressed data
libpng warning: iCCP: extra compressed data
libpng warning: iCCP: extra compressed data
libpng warning: iCCP: extra compressed data
libpng warning: iCCP: extra compressed data
libpng warning: iCCP: extra compressed data
libpng warning: iCCP: extra compressed data
libpng warning: iCCP: extra compressed data
libpng warning: iCCP: extra compressed data
libpng warning: iCCP: extra compressed data
libpng warning: iCCP: extra compressed data
libpng warning: iCCP: known incorrect sRGB profile
libpng warning: iCCP: cHRM chunk does not match sRGB
libpng warning: iCCP: extra compressed data
libpng warning: iCCP: extra compressed data
libpng warning: iCCP: extra compressed data
libpng warning: iCCP: extra compressed data
libpng warning: iCCP: extra compressed data
libpng warning: iCCP: extra compressed data
epoch: 12 step: 2694, loss is 0.0023609442
libpng warning: iCCP: extra compressed data
libpng warning: iCCP: extra compressed data
libpng warning: iCCP: extra compressed data
libpng warning: iCCP: extra compressed data
libpng warning: iCCP: extra compressed data
libpng warning: iCCP: extra compressed data
libpng warning: iCCP: extra compressed data
libpng warning: iCCP: extra compressed data
libpng warning: iCCP: extra compressed data
libpng warning: iCCP: extra compressed data
libpng warning: iCCP: extra compressed data
libpng warning: iCCP: extra compressed data
libpng warning: iCCP: extra compressed data
libpng warning: iCCP: extra compressed data
libpng warning: iCCP: extra compressed data
libpng warning: iCCP: extra compressed data
libpng warning: iCCP: extra compressed data
libpng warning: iCCP: extra compressed data
libpng warning: iCCP: extra compressed data
libpng warning: iCCP: extra compressed data
libpng warning: iCCP: extra compressed data
libpng warning: iCCP: extra compressed data
libpng warning: iCCP: known incorrect sRGB profile
libpng warning: iCCP: cHRM chunk does not match sRGB
libpng warning: iCCP: extra compressed data
libpng warning: iCCP: extra compressed data
libpng warning: iCCP: known incorrect sRGB profile
libpng warning: iCCP: cHRM chunk does not match sRGB
libpng warning: iCCP: extra compressed data
libpng warning: iCCP: extra compressed data
libpng warning: iCCP: extra compressed data
libpng warning: iCCP: extra compressed data
libpng warning: iCCP: extra compressed data
libpng warning: iCCP: extra compressed data
libpng warning: iCCP: extra compressed data
libpng warning: iCCP: extra compressed data
libpng warning: iCCP: extra compressed data
libpng warning: iCCP: extra compressed data
libpng warning: iCCP: extra compressed data
libpng warning: iCCP: extra compressed data
libpng warning: iCCP: extra compressed data
libpng warning: iCCP: extra compressed data
libpng warning: iCCP: extra compressed data
libpng warning: iCCP: extra compressed data
epoch: 13 step: 2694, loss is 0.0016245233
libpng warning: iCCP: extra compressed data
libpng warning: iCCP: extra compressed data
libpng warning: iCCP: extra compressed data
libpng warning: iCCP: extra compressed data
libpng warning: iCCP: extra compressed data
libpng warning: iCCP: extra compressed data
libpng warning: iCCP: extra compressed data
libpng warning: iCCP: extra compressed data
libpng warning: iCCP: extra compressed data
libpng warning: iCCP: known incorrect sRGB profile
libpng warning: iCCP: cHRM chunk does not match sRGB
libpng warning: iCCP: extra compressed data
libpng warning: iCCP: extra compressed data
libpng warning: iCCP: extra compressed data
libpng warning: iCCP: extra compressed data
libpng warning: iCCP: extra compressed data
libpng warning: iCCP: extra compressed data
libpng warning: iCCP: extra compressed data
libpng warning: iCCP: extra compressed data
libpng warning: iCCP: extra compressed data
libpng warning: iCCP: extra compressed data
libpng warning: iCCP: extra compressed data
libpng warning: iCCP: extra compressed data
libpng warning: iCCP: extra compressed data
libpng warning: iCCP: extra compressed data
libpng warning: iCCP: extra compressed data
libpng warning: iCCP: extra compressed data
libpng warning: iCCP: extra compressed data
libpng warning: iCCP: extra compressed data
libpng warning: iCCP: extra compressed data
libpng warning: iCCP: extra compressed data
libpng warning: iCCP: known incorrect sRGB profile
libpng warning: iCCP: cHRM chunk does not match sRGB
libpng warning: iCCP: extra compressed data
libpng warning: iCCP: extra compressed data
libpng warning: iCCP: extra compressed data
libpng warning: iCCP: extra compressed data
libpng warning: iCCP: extra compressed data
libpng warning: iCCP: extra compressed data
libpng warning: iCCP: extra compressed data
libpng warning: iCCP: extra compressed data
libpng warning: iCCP: extra compressed data
libpng warning: iCCP: extra compressed data
libpng warning: iCCP: extra compressed data
libpng warning: iCCP: extra compressed data
epoch: 14 step: 2694, loss is 0.0045795003
libpng warning: iCCP: extra compressed data
libpng warning: iCCP: extra compressed data
libpng warning: iCCP: extra compressed data
libpng warning: iCCP: extra compressed data
libpng warning: iCCP: extra compressed data
libpng warning: iCCP: extra compressed data
libpng warning: iCCP: extra compressed data
libpng warning: iCCP: extra compressed data
libpng warning: iCCP: extra compressed data
libpng warning: iCCP: extra compressed data
libpng warning: iCCP: extra compressed data
libpng warning: iCCP: extra compressed data
libpng warning: iCCP: extra compressed data
libpng warning: iCCP: extra compressed data
libpng warning: iCCP: extra compressed data
libpng warning: iCCP: extra compressed data
libpng warning: iCCP: extra compressed data
libpng warning: iCCP: extra compressed data
libpng warning: iCCP: known incorrect sRGB profile
libpng warning: iCCP: cHRM chunk does not match sRGB
libpng warning: iCCP: extra compressed data
libpng warning: iCCP: extra compressed data
libpng warning: iCCP: extra compressed data
libpng warning: iCCP: extra compressed data
libpng warning: iCCP: known incorrect sRGB profile
libpng warning: iCCP: cHRM chunk does not match sRGB
libpng warning: iCCP: extra compressed data
libpng warning: iCCP: extra compressed data
libpng warning: iCCP: extra compressed data
libpng warning: iCCP: extra compressed data
libpng warning: iCCP: extra compressed data
libpng warning: iCCP: extra compressed data
libpng warning: iCCP: extra compressed data
libpng warning: iCCP: extra compressed data
libpng warning: iCCP: extra compressed data
libpng warning: iCCP: extra compressed data
libpng warning: iCCP: extra compressed data
libpng warning: iCCP: extra compressed data
libpng warning: iCCP: extra compressed data
libpng warning: iCCP: extra compressed data
libpng warning: iCCP: extra compressed data
libpng warning: iCCP: extra compressed data
libpng warning: iCCP: extra compressed data
epoch: 15 step: 2694, loss is 0.011735119
libpng warning: iCCP: extra compressed data
libpng warning: iCCP: extra compressed data
libpng warning: iCCP: extra compressed data
libpng warning: iCCP: extra compressed data
libpng warning: iCCP: extra compressed data
libpng warning: iCCP: extra compressed data
libpng warning: iCCP: extra compressed data
libpng warning: iCCP: extra compressed data
libpng warning: iCCP: extra compressed data
libpng warning: iCCP: extra compressed data
libpng warning: iCCP: extra compressed data
libpng warning: iCCP: extra compressed data
libpng warning: iCCP: extra compressed data
libpng warning: iCCP: extra compressed data
libpng warning: iCCP: extra compressed data
libpng warning: iCCP: extra compressed data
libpng warning: iCCP: extra compressed data
libpng warning: iCCP: extra compressed data
libpng warning: iCCP: known incorrect sRGB profile
libpng warning: iCCP: cHRM chunk does not match sRGB
libpng warning: iCCP: extra compressed data
libpng warning: iCCP: extra compressed data
libpng warning: iCCP: extra compressed data
libpng warning: iCCP: extra compressed data
libpng warning: iCCP: extra compressed data
libpng warning: iCCP: extra compressed data
libpng warning: iCCP: extra compressed data
libpng warning: iCCP: known incorrect sRGB profile
libpng warning: iCCP: cHRM chunk does not match sRGB
libpng warning: iCCP: extra compressed data
libpng warning: iCCP: extra compressed data
libpng warning: iCCP: extra compressed data
libpng warning: iCCP: extra compressed data
libpng warning: iCCP: extra compressed data
libpng warning: iCCP: extra compressed data
libpng warning: iCCP: extra compressed data
libpng warning: iCCP: extra compressed data
libpng warning: iCCP: extra compressed data
libpng warning: iCCP: extra compressed data
libpng warning: iCCP: extra compressed data
libpng warning: iCCP: extra compressed data
libpng warning: iCCP: extra compressed data
libpng warning: iCCP: extra compressed data
epoch: 16 step: 2694, loss is 0.003491723
libpng warning: iCCP: extra compressed data
libpng warning: iCCP: extra compressed data
libpng warning: iCCP: extra compressed data
libpng warning: iCCP: extra compressed data
libpng warning: iCCP: extra compressed data
libpng warning: iCCP: extra compressed data
libpng warning: iCCP: extra compressed data
libpng warning: iCCP: extra compressed data
libpng warning: iCCP: extra compressed data
libpng warning: iCCP: extra compressed data
libpng warning: iCCP: extra compressed data
libpng warning: iCCP: extra compressed data
libpng warning: iCCP: extra compressed data
libpng warning: iCCP: known incorrect sRGB profile
libpng warning: iCCP: cHRM chunk does not match sRGB
libpng warning: iCCP: extra compressed data
libpng warning: iCCP: extra compressed data
libpng warning: iCCP: extra compressed data
libpng warning: iCCP: extra compressed data
libpng warning: iCCP: extra compressed data
libpng warning: iCCP: extra compressed data
libpng warning: iCCP: extra compressed data
libpng warning: iCCP: extra compressed data
libpng warning: iCCP: extra compressed data
libpng warning: iCCP: extra compressed data
libpng warning: iCCP: extra compressed data
libpng warning: iCCP: known incorrect sRGB profile
libpng warning: iCCP: cHRM chunk does not match sRGB
libpng warning: iCCP: extra compressed data
libpng warning: iCCP: extra compressed data
libpng warning: iCCP: extra compressed data
libpng warning: iCCP: extra compressed data
libpng warning: iCCP: extra compressed data
libpng warning: iCCP: extra compressed data
libpng warning: iCCP: extra compressed data
libpng warning: iCCP: extra compressed data
libpng warning: iCCP: extra compressed data
libpng warning: iCCP: extra compressed data
libpng warning: iCCP: extra compressed data
libpng warning: iCCP: extra compressed data
libpng warning: iCCP: extra compressed data
libpng warning: iCCP: extra compressed data
libpng warning: iCCP: extra compressed data
libpng warning: iCCP: extra compressed data
libpng warning: iCCP: extra compressed data
epoch: 17 step: 2694, loss is 0.0018856911
libpng warning: iCCP: extra compressed data
libpng warning: iCCP: extra compressed data
libpng warning: iCCP: extra compressed data
libpng warning: iCCP: extra compressed data
libpng warning: iCCP: extra compressed data
libpng warning: iCCP: extra compressed data
libpng warning: iCCP: extra compressed data
libpng warning: iCCP: extra compressed data
libpng warning: iCCP: extra compressed data
libpng warning: iCCP: extra compressed data
libpng warning: iCCP: extra compressed data
libpng warning: iCCP: extra compressed data
libpng warning: iCCP: extra compressed data
libpng warning: iCCP: extra compressed data
libpng warning: iCCP: extra compressed data
libpng warning: iCCP: extra compressed data
libpng warning: iCCP: extra compressed data
libpng warning: iCCP: extra compressed data
libpng warning: iCCP: extra compressed data
libpng warning: iCCP: extra compressed data
libpng warning: iCCP: extra compressed data
libpng warning: iCCP: extra compressed data
libpng warning: iCCP: known incorrect sRGB profile
libpng warning: iCCP: cHRM chunk does not match sRGB
libpng warning: iCCP: extra compressed data
libpng warning: iCCP: extra compressed data
libpng warning: iCCP: extra compressed data
libpng warning: iCCP: extra compressed data
libpng warning: iCCP: extra compressed data
libpng warning: iCCP: extra compressed data
libpng warning: iCCP: extra compressed data
libpng warning: iCCP: extra compressed data
libpng warning: iCCP: extra compressed data
libpng warning: iCCP: extra compressed data
libpng warning: iCCP: extra compressed data
libpng warning: iCCP: extra compressed data
libpng warning: iCCP: extra compressed data
libpng warning: iCCP: extra compressed data
libpng warning: iCCP: extra compressed data
libpng warning: iCCP: known incorrect sRGB profile
libpng warning: iCCP: cHRM chunk does not match sRGB
libpng warning: iCCP: extra compressed data
libpng warning: iCCP: extra compressed data
libpng warning: iCCP: known incorrect sRGB profile
libpng warning: iCCP: cHRM chunk does not match sRGB
libpng warning: iCCP: extra compressed data
epoch: 18 step: 2694, loss is 0.0013651589
libpng warning: iCCP: extra compressed data
libpng warning: iCCP: extra compressed data
libpng warning: iCCP: extra compressed data
libpng warning: iCCP: extra compressed data
libpng warning: iCCP: extra compressed data
libpng warning: iCCP: extra compressed data
libpng warning: iCCP: extra compressed data
libpng warning: iCCP: extra compressed data
libpng warning: iCCP: extra compressed data
libpng warning: iCCP: extra compressed data
libpng warning: iCCP: extra compressed data
libpng warning: iCCP: known incorrect sRGB profile
libpng warning: iCCP: cHRM chunk does not match sRGB
libpng warning: iCCP: extra compressed data
libpng warning: iCCP: extra compressed data
libpng warning: iCCP: extra compressed data
libpng warning: iCCP: extra compressed data
libpng warning: iCCP: extra compressed data
libpng warning: iCCP: extra compressed data
libpng warning: iCCP: extra compressed data
libpng warning: iCCP: extra compressed data
libpng warning: iCCP: extra compressed data
libpng warning: iCCP: extra compressed data
libpng warning: iCCP: extra compressed data
libpng warning: iCCP: extra compressed data
libpng warning: iCCP: extra compressed data
libpng warning: iCCP: extra compressed data
libpng warning: iCCP: extra compressed data
libpng warning: iCCP: extra compressed data
libpng warning: iCCP: extra compressed data
libpng warning: iCCP: extra compressed data
libpng warning: iCCP: extra compressed data
libpng warning: iCCP: extra compressed data
libpng warning: iCCP: extra compressed data
libpng warning: iCCP: extra compressed data
libpng warning: iCCP: extra compressed data
libpng warning: iCCP: extra compressed data
libpng warning: iCCP: extra compressed data
libpng warning: iCCP: extra compressed data
libpng warning: iCCP: extra compressed data
libpng warning: iCCP: known incorrect sRGB profile
libpng warning: iCCP: cHRM chunk does not match sRGB
epoch: 19 step: 2694, loss is 0.0007783742
libpng warning: iCCP: extra compressed data
libpng warning: iCCP: extra compressed data
libpng warning: iCCP: extra compressed data
libpng warning: iCCP: extra compressed data
libpng warning: iCCP: extra compressed data
libpng warning: iCCP: extra compressed data
libpng warning: iCCP: extra compressed data
libpng warning: iCCP: extra compressed data
libpng warning: iCCP: extra compressed data
libpng warning: iCCP: extra compressed data
libpng warning: iCCP: extra compressed data
libpng warning: iCCP: extra compressed data
libpng warning: iCCP: extra compressed data
libpng warning: iCCP: extra compressed data
libpng warning: iCCP: extra compressed data
libpng warning: iCCP: extra compressed data
libpng warning: iCCP: extra compressed data
libpng warning: iCCP: extra compressed data
libpng warning: iCCP: extra compressed data
libpng warning: iCCP: extra compressed data
libpng warning: iCCP: extra compressed data
libpng warning: iCCP: extra compressed data
libpng warning: iCCP: extra compressed data
libpng warning: iCCP: extra compressed data
libpng warning: iCCP: extra compressed data
libpng warning: iCCP: extra compressed data
libpng warning: iCCP: known incorrect sRGB profile
libpng warning: iCCP: cHRM chunk does not match sRGB
libpng warning: iCCP: extra compressed data
libpng warning: iCCP: extra compressed data
libpng warning: iCCP: extra compressed data
libpng warning: iCCP: extra compressed data
libpng warning: iCCP: extra compressed data
libpng warning: iCCP: extra compressed data
libpng warning: iCCP: extra compressed data
libpng warning: iCCP: extra compressed data
libpng warning: iCCP: extra compressed data
libpng warning: iCCP: extra compressed data
libpng warning: iCCP: extra compressed data
libpng warning: iCCP: extra compressed data
libpng warning: iCCP: extra compressed data
libpng warning: iCCP: extra compressed data
libpng warning: iCCP: extra compressed data
epoch: 20 step: 2694, loss is 0.0006072033
libpng warning: iCCP: extra compressed data
libpng warning: iCCP: extra compressed data
libpng warning: iCCP: extra compressed data
libpng warning: iCCP: extra compressed data
libpng warning: iCCP: extra compressed data
libpng warning: iCCP: extra compressed data
libpng warning: iCCP: extra compressed data
libpng warning: iCCP: extra compressed data
libpng warning: iCCP: extra compressed data
libpng warning: iCCP: extra compressed data
libpng warning: iCCP: extra compressed data
libpng warning: iCCP: extra compressed data
libpng warning: iCCP: extra compressed data
libpng warning: iCCP: extra compressed data
libpng warning: iCCP: known incorrect sRGB profile
libpng warning: iCCP: cHRM chunk does not match sRGB
libpng warning: iCCP: extra compressed data
libpng warning: iCCP: extra compressed data
libpng warning: iCCP: extra compressed data
libpng warning: iCCP: extra compressed data
libpng warning: iCCP: extra compressed data
libpng warning: iCCP: extra compressed data
libpng warning: iCCP: extra compressed data
libpng warning: iCCP: known incorrect sRGB profile
libpng warning: iCCP: cHRM chunk does not match sRGB
libpng warning: iCCP: extra compressed data
libpng warning: iCCP: extra compressed data
libpng warning: iCCP: extra compressed data
libpng warning: iCCP: extra compressed data
libpng warning: iCCP: extra compressed data
libpng warning: iCCP: extra compressed data
libpng warning: iCCP: extra compressed data
libpng warning: iCCP: extra compressed data
libpng warning: iCCP: extra compressed data
libpng warning: iCCP: extra compressed data
libpng warning: iCCP: extra compressed data
libpng warning: iCCP: extra compressed data
libpng warning: iCCP: extra compressed data
libpng warning: iCCP: extra compressed data
libpng warning: iCCP: extra compressed data
libpng warning: iCCP: extra compressed data
libpng warning: iCCP: extra compressed data
libpng warning: iCCP: extra compressed data
libpng warning: iCCP: known incorrect sRGB profile
libpng warning: iCCP: cHRM chunk does not match sRGB
libpng warning: iCCP: extra compressed data
libpng warning: iCCP: extra compressed data
libpng warning: iCCP: extra compressed data
epoch: 21 step: 2694, loss is 0.0007399984
libpng warning: iCCP: extra compressed data
libpng warning: iCCP: extra compressed data
libpng warning: iCCP: extra compressed data
libpng warning: iCCP: extra compressed data
libpng warning: iCCP: extra compressed data
libpng warning: iCCP: extra compressed data
libpng warning: iCCP: extra compressed data
libpng warning: iCCP: extra compressed data
libpng warning: iCCP: extra compressed data
libpng warning: iCCP: extra compressed data
libpng warning: iCCP: extra compressed data
libpng warning: iCCP: extra compressed data
libpng warning: iCCP: extra compressed data
libpng warning: iCCP: extra compressed data
libpng warning: iCCP: known incorrect sRGB profile
libpng warning: iCCP: cHRM chunk does not match sRGB
libpng warning: iCCP: extra compressed data
libpng warning: iCCP: extra compressed data
libpng warning: iCCP: extra compressed data
libpng warning: iCCP: extra compressed data
libpng warning: iCCP: extra compressed data
libpng warning: iCCP: extra compressed data
libpng warning: iCCP: extra compressed data
libpng warning: iCCP: extra compressed data
libpng warning: iCCP: extra compressed data
libpng warning: iCCP: extra compressed data
libpng warning: iCCP: extra compressed data
libpng warning: iCCP: extra compressed data
libpng warning: iCCP: extra compressed data
libpng warning: iCCP: extra compressed data
libpng warning: iCCP: extra compressed data
libpng warning: iCCP: extra compressed data
libpng warning: iCCP: extra compressed data
libpng warning: iCCP: extra compressed data
libpng warning: iCCP: extra compressed data
libpng warning: iCCP: extra compressed data
libpng warning: iCCP: extra compressed data
libpng warning: iCCP: extra compressed data
libpng warning: iCCP: extra compressed data
libpng warning: iCCP: extra compressed data
libpng warning: iCCP: known incorrect sRGB profile
libpng warning: iCCP: cHRM chunk does not match sRGB
libpng warning: iCCP: extra compressed data
epoch: 22 step: 2694, loss is 0.0004068692
libpng warning: iCCP: extra compressed data
libpng warning: iCCP: extra compressed data
libpng warning: iCCP: extra compressed data
libpng warning: iCCP: extra compressed data
libpng warning: iCCP: extra compressed data
libpng warning: iCCP: extra compressed data
libpng warning: iCCP: extra compressed data
libpng warning: iCCP: extra compressed data
libpng warning: iCCP: extra compressed data
libpng warning: iCCP: extra compressed data
libpng warning: iCCP: extra compressed data
libpng warning: iCCP: extra compressed data
libpng warning: iCCP: extra compressed data
libpng warning: iCCP: extra compressed data
libpng warning: iCCP: extra compressed data
libpng warning: iCCP: extra compressed data
libpng warning: iCCP: extra compressed data
libpng warning: iCCP: extra compressed data
libpng warning: iCCP: extra compressed data
libpng warning: iCCP: extra compressed data
libpng warning: iCCP: extra compressed data
libpng warning: iCCP: extra compressed data
libpng warning: iCCP: extra compressed data
libpng warning: iCCP: extra compressed data
libpng warning: iCCP: extra compressed data
libpng warning: iCCP: extra compressed data
libpng warning: iCCP: extra compressed data
libpng warning: iCCP: extra compressed data
libpng warning: iCCP: extra compressed data
libpng warning: iCCP: extra compressed data
libpng warning: iCCP: known incorrect sRGB profile
libpng warning: iCCP: cHRM chunk does not match sRGB
libpng warning: iCCP: extra compressed data
libpng warning: iCCP: extra compressed data
libpng warning: iCCP: extra compressed data
libpng warning: iCCP: extra compressed data
libpng warning: iCCP: extra compressed data
libpng warning: iCCP: extra compressed data
libpng warning: iCCP: extra compressed data
libpng warning: iCCP: extra compressed data
libpng warning: iCCP: extra compressed data
libpng warning: iCCP: extra compressed data
libpng warning: iCCP: extra compressed data
epoch: 23 step: 2694, loss is 0.0013041414
libpng warning: iCCP: extra compressed data
libpng warning: iCCP: extra compressed data
libpng warning: iCCP: extra compressed data
libpng warning: iCCP: extra compressed data
libpng warning: iCCP: extra compressed data
libpng warning: iCCP: extra compressed data
libpng warning: iCCP: extra compressed data
libpng warning: iCCP: extra compressed data
libpng warning: iCCP: extra compressed data
libpng warning: iCCP: extra compressed data
libpng warning: iCCP: extra compressed data
libpng warning: iCCP: extra compressed data
libpng warning: iCCP: extra compressed data
libpng warning: iCCP: extra compressed data
libpng warning: iCCP: extra compressed data
libpng warning: iCCP: extra compressed data
libpng warning: iCCP: extra compressed data
libpng warning: iCCP: extra compressed data
libpng warning: iCCP: extra compressed data
libpng warning: iCCP: extra compressed data
libpng warning: iCCP: extra compressed data
libpng warning: iCCP: extra compressed data
libpng warning: iCCP: extra compressed data
libpng warning: iCCP: extra compressed data
libpng warning: iCCP: extra compressed data
libpng warning: iCCP: extra compressed data
libpng warning: iCCP: extra compressed data
libpng warning: iCCP: extra compressed data
libpng warning: iCCP: known incorrect sRGB profile
libpng warning: iCCP: cHRM chunk does not match sRGB
libpng warning: iCCP: extra compressed data
libpng warning: iCCP: extra compressed data
libpng warning: iCCP: extra compressed data
libpng warning: iCCP: extra compressed data
libpng warning: iCCP: extra compressed data
libpng warning: iCCP: extra compressed data
libpng warning: iCCP: extra compressed data
libpng warning: iCCP: extra compressed data
libpng warning: iCCP: known incorrect sRGB profile
libpng warning: iCCP: cHRM chunk does not match sRGB
libpng warning: iCCP: extra compressed data
libpng warning: iCCP: extra compressed data
epoch: 24 step: 2694, loss is 0.0013392858
libpng warning: iCCP: extra compressed data
libpng warning: iCCP: extra compressed data
libpng warning: iCCP: extra compressed data
libpng warning: iCCP: extra compressed data
libpng warning: iCCP: extra compressed data
libpng warning: iCCP: extra compressed data
libpng warning: iCCP: extra compressed data
libpng warning: iCCP: extra compressed data
libpng warning: iCCP: extra compressed data
libpng warning: iCCP: extra compressed data
libpng warning: iCCP: extra compressed data
libpng warning: iCCP: extra compressed data
libpng warning: iCCP: extra compressed data
libpng warning: iCCP: extra compressed data
libpng warning: iCCP: extra compressed data
libpng warning: iCCP: extra compressed data
libpng warning: iCCP: extra compressed data
libpng warning: iCCP: extra compressed data
libpng warning: iCCP: extra compressed data
libpng warning: iCCP: extra compressed data
libpng warning: iCCP: extra compressed data
libpng warning: iCCP: extra compressed data
libpng warning: iCCP: extra compressed data
libpng warning: iCCP: extra compressed data
libpng warning: iCCP: extra compressed data
libpng warning: iCCP: extra compressed data
libpng warning: iCCP: known incorrect sRGB profile
libpng warning: iCCP: cHRM chunk does not match sRGB
libpng warning: iCCP: extra compressed data
libpng warning: iCCP: extra compressed data
libpng warning: iCCP: extra compressed data
libpng warning: iCCP: extra compressed data
libpng warning: iCCP: extra compressed data
libpng warning: iCCP: known incorrect sRGB profile
libpng warning: iCCP: cHRM chunk does not match sRGB
libpng warning: iCCP: extra compressed data
libpng warning: iCCP: extra compressed data
libpng warning: iCCP: extra compressed data
libpng warning: iCCP: extra compressed data
libpng warning: iCCP: extra compressed data
libpng warning: iCCP: extra compressed data
libpng warning: iCCP: extra compressed data
libpng warning: iCCP: extra compressed data
libpng warning: iCCP: extra compressed data
epoch: 25 step: 2694, loss is 0.00030556228
libpng warning: iCCP: extra compressed data
libpng warning: iCCP: extra compressed data
libpng warning: iCCP: extra compressed data
libpng warning: iCCP: extra compressed data
libpng warning: iCCP: extra compressed data
libpng warning: iCCP: extra compressed data
libpng warning: iCCP: extra compressed data
libpng warning: iCCP: extra compressed data
libpng warning: iCCP: extra compressed data
libpng warning: iCCP: extra compressed data
libpng warning: iCCP: extra compressed data
libpng warning: iCCP: extra compressed data
libpng warning: iCCP: extra compressed data
libpng warning: iCCP: extra compressed data
libpng warning: iCCP: extra compressed data
libpng warning: iCCP: extra compressed data
libpng warning: iCCP: extra compressed data
libpng warning: iCCP: extra compressed data
libpng warning: iCCP: extra compressed data
libpng warning: iCCP: extra compressed data
libpng warning: iCCP: extra compressed data
libpng warning: iCCP: extra compressed data
libpng warning: iCCP: extra compressed data
libpng warning: iCCP: extra compressed data
libpng warning: iCCP: extra compressed data
libpng warning: iCCP: extra compressed data
libpng warning: iCCP: known incorrect sRGB profile
libpng warning: iCCP: cHRM chunk does not match sRGB
libpng warning: iCCP: extra compressed data
libpng warning: iCCP: extra compressed data
libpng warning: iCCP: extra compressed data
libpng warning: iCCP: extra compressed data
libpng warning: iCCP: extra compressed data
libpng warning: iCCP: extra compressed data
libpng warning: iCCP: extra compressed data
libpng warning: iCCP: extra compressed data
libpng warning: iCCP: extra compressed data
libpng warning: iCCP: extra compressed data
libpng warning: iCCP: known incorrect sRGB profile
libpng warning: iCCP: cHRM chunk does not match sRGB
libpng warning: iCCP: extra compressed data
libpng warning: iCCP: extra compressed data
libpng warning: iCCP: extra compressed data
libpng warning: iCCP: extra compressed data
libpng warning: iCCP: extra compressed data
epoch: 26 step: 2694, loss is 0.000433297
libpng warning: iCCP: extra compressed data
libpng warning: iCCP: extra compressed data
libpng warning: iCCP: extra compressed data
libpng warning: iCCP: extra compressed data
libpng warning: iCCP: known incorrect sRGB profile
libpng warning: iCCP: cHRM chunk does not match sRGB
libpng warning: iCCP: extra compressed data
libpng warning: iCCP: extra compressed data
libpng warning: iCCP: extra compressed data
libpng warning: iCCP: extra compressed data
libpng warning: iCCP: extra compressed data
libpng warning: iCCP: extra compressed data
libpng warning: iCCP: extra compressed data
libpng warning: iCCP: extra compressed data
libpng warning: iCCP: extra compressed data
libpng warning: iCCP: extra compressed data
libpng warning: iCCP: extra compressed data
libpng warning: iCCP: extra compressed data
libpng warning: iCCP: extra compressed data
libpng warning: iCCP: extra compressed data
libpng warning: iCCP: extra compressed data
libpng warning: iCCP: extra compressed data
libpng warning: iCCP: extra compressed data
libpng warning: iCCP: extra compressed data
libpng warning: iCCP: extra compressed data
libpng warning: iCCP: extra compressed data
libpng warning: iCCP: extra compressed data
libpng warning: iCCP: extra compressed data
libpng warning: iCCP: extra compressed data
libpng warning: iCCP: extra compressed data
libpng warning: iCCP: extra compressed data
libpng warning: iCCP: known incorrect sRGB profile
libpng warning: iCCP: cHRM chunk does not match sRGB
libpng warning: iCCP: extra compressed data
libpng warning: iCCP: extra compressed data
libpng warning: iCCP: extra compressed data
libpng warning: iCCP: extra compressed data
libpng warning: iCCP: extra compressed data
libpng warning: iCCP: extra compressed data
libpng warning: iCCP: extra compressed data
libpng warning: iCCP: extra compressed data
libpng warning: iCCP: extra compressed data
libpng warning: iCCP: extra compressed data
libpng warning: iCCP: extra compressed data
libpng warning: iCCP: extra compressed data
epoch: 27 step: 2694, loss is 0.00019482648
libpng warning: iCCP: extra compressed data
libpng warning: iCCP: extra compressed data
libpng warning: iCCP: extra compressed data
libpng warning: iCCP: known incorrect sRGB profile
libpng warning: iCCP: cHRM chunk does not match sRGB
libpng warning: iCCP: extra compressed data
libpng warning: iCCP: extra compressed data
libpng warning: iCCP: extra compressed data
libpng warning: iCCP: extra compressed data
libpng warning: iCCP: extra compressed data
libpng warning: iCCP: extra compressed data
libpng warning: iCCP: extra compressed data
libpng warning: iCCP: extra compressed data
libpng warning: iCCP: extra compressed data
libpng warning: iCCP: extra compressed data
libpng warning: iCCP: extra compressed data
libpng warning: iCCP: extra compressed data
libpng warning: iCCP: extra compressed data
libpng warning: iCCP: extra compressed data
libpng warning: iCCP: extra compressed data
libpng warning: iCCP: extra compressed data
libpng warning: iCCP: extra compressed data
libpng warning: iCCP: extra compressed data
libpng warning: iCCP: extra compressed data
libpng warning: iCCP: extra compressed data
libpng warning: iCCP: extra compressed data
libpng warning: iCCP: extra compressed data
libpng warning: iCCP: extra compressed data
libpng warning: iCCP: known incorrect sRGB profile
libpng warning: iCCP: cHRM chunk does not match sRGB
libpng warning: iCCP: extra compressed data
libpng warning: iCCP: extra compressed data
libpng warning: iCCP: extra compressed data
libpng warning: iCCP: extra compressed data
libpng warning: iCCP: extra compressed data
libpng warning: iCCP: extra compressed data
libpng warning: iCCP: extra compressed data
libpng warning: iCCP: extra compressed data
libpng warning: iCCP: extra compressed data
libpng warning: iCCP: extra compressed data
libpng warning: iCCP: extra compressed data
libpng warning: iCCP: extra compressed data
libpng warning: iCCP: extra compressed data
epoch: 28 step: 2694, loss is 0.00041164257
libpng warning: iCCP: extra compressed data
libpng warning: iCCP: extra compressed data
libpng warning: iCCP: extra compressed data
libpng warning: iCCP: extra compressed data
libpng warning: iCCP: extra compressed data
libpng warning: iCCP: extra compressed data
libpng warning: iCCP: extra compressed data
libpng warning: iCCP: extra compressed data
libpng warning: iCCP: extra compressed data
libpng warning: iCCP: extra compressed data
libpng warning: iCCP: extra compressed data
libpng warning: iCCP: extra compressed data
libpng warning: iCCP: extra compressed data
libpng warning: iCCP: extra compressed data
libpng warning: iCCP: extra compressed data
libpng warning: iCCP: extra compressed data
libpng warning: iCCP: extra compressed data
libpng warning: iCCP: extra compressed data
libpng warning: iCCP: extra compressed data
libpng warning: iCCP: extra compressed data
libpng warning: iCCP: extra compressed data
libpng warning: iCCP: extra compressed data
libpng warning: iCCP: known incorrect sRGB profile
libpng warning: iCCP: cHRM chunk does not match sRGB
libpng warning: iCCP: extra compressed data
libpng warning: iCCP: extra compressed data
libpng warning: iCCP: extra compressed data
libpng warning: iCCP: extra compressed data
libpng warning: iCCP: extra compressed data
libpng warning: iCCP: extra compressed data
libpng warning: iCCP: extra compressed data
libpng warning: iCCP: extra compressed data
libpng warning: iCCP: extra compressed data
libpng warning: iCCP: extra compressed data
libpng warning: iCCP: known incorrect sRGB profile
libpng warning: iCCP: cHRM chunk does not match sRGB
libpng warning: iCCP: extra compressed data
libpng warning: iCCP: extra compressed data
libpng warning: iCCP: extra compressed data
libpng warning: iCCP: extra compressed data
libpng warning: iCCP: extra compressed data
libpng warning: iCCP: extra compressed data
libpng warning: iCCP: known incorrect sRGB profile
libpng warning: iCCP: cHRM chunk does not match sRGB
epoch: 29 step: 2694, loss is 0.00029846875
libpng warning: iCCP: extra compressed data
libpng warning: iCCP: extra compressed data
libpng warning: iCCP: extra compressed data
libpng warning: iCCP: extra compressed data
libpng warning: iCCP: extra compressed data
libpng warning: iCCP: extra compressed data
libpng warning: iCCP: extra compressed data
libpng warning: iCCP: extra compressed data
libpng warning: iCCP: extra compressed data
libpng warning: iCCP: extra compressed data
libpng warning: iCCP: extra compressed data
libpng warning: iCCP: extra compressed data
libpng warning: iCCP: extra compressed data
libpng warning: iCCP: extra compressed data
libpng warning: iCCP: extra compressed data
libpng warning: iCCP: extra compressed data
libpng warning: iCCP: extra compressed data
libpng warning: iCCP: extra compressed data
libpng warning: iCCP: extra compressed data
libpng warning: iCCP: extra compressed data
libpng warning: iCCP: extra compressed data
libpng warning: iCCP: extra compressed data
libpng warning: iCCP: extra compressed data
libpng warning: iCCP: extra compressed data
libpng warning: iCCP: extra compressed data
libpng warning: iCCP: extra compressed data
libpng warning: iCCP: extra compressed data
libpng warning: iCCP: known incorrect sRGB profile
libpng warning: iCCP: cHRM chunk does not match sRGB
libpng warning: iCCP: extra compressed data
libpng warning: iCCP: extra compressed data
libpng warning: iCCP: extra compressed data
libpng warning: iCCP: extra compressed data
libpng warning: iCCP: extra compressed data
libpng warning: iCCP: extra compressed data
libpng warning: iCCP: extra compressed data
libpng warning: iCCP: extra compressed data
libpng warning: iCCP: extra compressed data
libpng warning: iCCP: extra compressed data
libpng warning: iCCP: extra compressed data
libpng warning: iCCP: extra compressed data
libpng warning: iCCP: extra compressed data
libpng warning: iCCP: extra compressed data
epoch: 30 step: 2694, loss is 0.0008546974
libpng warning: iCCP: extra compressed data
libpng warning: iCCP: extra compressed data
libpng warning: iCCP: extra compressed data
libpng warning: iCCP: extra compressed data
libpng warning: iCCP: extra compressed data
libpng warning: iCCP: extra compressed data
libpng warning: iCCP: known incorrect sRGB profile
libpng warning: iCCP: cHRM chunk does not match sRGB
libpng warning: iCCP: extra compressed data
libpng warning: iCCP: extra compressed data
libpng warning: iCCP: extra compressed data
libpng warning: iCCP: extra compressed data
libpng warning: iCCP: extra compressed data
libpng warning: iCCP: extra compressed data
libpng warning: iCCP: extra compressed data
libpng warning: iCCP: extra compressed data
libpng warning: iCCP: extra compressed data
libpng warning: iCCP: extra compressed data
libpng warning: iCCP: extra compressed data
libpng warning: iCCP: known incorrect sRGB profile
libpng warning: iCCP: cHRM chunk does not match sRGB
libpng warning: iCCP: extra compressed data
libpng warning: iCCP: extra compressed data
libpng warning: iCCP: extra compressed data
libpng warning: iCCP: extra compressed data
libpng warning: iCCP: extra compressed data
libpng warning: iCCP: extra compressed data
libpng warning: iCCP: extra compressed data
libpng warning: iCCP: extra compressed data
libpng warning: iCCP: extra compressed data
libpng warning: iCCP: extra compressed data
libpng warning: iCCP: extra compressed data
libpng warning: iCCP: extra compressed data
libpng warning: iCCP: extra compressed data
libpng warning: iCCP: extra compressed data
libpng warning: iCCP: extra compressed data
libpng warning: iCCP: extra compressed data
libpng warning: iCCP: extra compressed data
libpng warning: iCCP: extra compressed data
libpng warning: iCCP: extra compressed data
libpng warning: iCCP: extra compressed data
libpng warning: iCCP: extra compressed data
libpng warning: iCCP: extra compressed data
libpng warning: iCCP: extra compressed data
libpng warning: iCCP: extra compressed data
epoch: 31 step: 2694, loss is 0.00045045046
libpng warning: iCCP: extra compressed data
libpng warning: iCCP: extra compressed data
libpng warning: iCCP: extra compressed data
libpng warning: iCCP: extra compressed data
libpng warning: iCCP: extra compressed data
libpng warning: iCCP: extra compressed data
libpng warning: iCCP: extra compressed data
libpng warning: iCCP: extra compressed data
libpng warning: iCCP: extra compressed data
libpng warning: iCCP: extra compressed data
libpng warning: iCCP: extra compressed data
libpng warning: iCCP: extra compressed data
libpng warning: iCCP: extra compressed data
libpng warning: iCCP: extra compressed data
libpng warning: iCCP: extra compressed data
libpng warning: iCCP: extra compressed data
libpng warning: iCCP: extra compressed data
libpng warning: iCCP: extra compressed data
libpng warning: iCCP: extra compressed data
libpng warning: iCCP: known incorrect sRGB profile
libpng warning: iCCP: cHRM chunk does not match sRGB
libpng warning: iCCP: extra compressed data
libpng warning: iCCP: known incorrect sRGB profile
libpng warning: iCCP: cHRM chunk does not match sRGB
libpng warning: iCCP: extra compressed data
libpng warning: iCCP: extra compressed data
libpng warning: iCCP: extra compressed data
libpng warning: iCCP: extra compressed data
libpng warning: iCCP: extra compressed data
libpng warning: iCCP: extra compressed data
libpng warning: iCCP: extra compressed data
libpng warning: iCCP: extra compressed data
libpng warning: iCCP: extra compressed data
libpng warning: iCCP: extra compressed data
libpng warning: iCCP: extra compressed data
libpng warning: iCCP: extra compressed data
libpng warning: iCCP: extra compressed data
libpng warning: iCCP: extra compressed data
libpng warning: iCCP: extra compressed data
libpng warning: iCCP: extra compressed data
libpng warning: iCCP: extra compressed data
libpng warning: iCCP: extra compressed data
libpng warning: iCCP: extra compressed data
libpng warning: iCCP: extra compressed data
libpng warning: iCCP: extra compressed data
libpng warning: iCCP: extra compressed data
epoch: 32 step: 2694, loss is 0.00011351327
libpng warning: iCCP: extra compressed data
libpng warning: iCCP: extra compressed data
libpng warning: iCCP: extra compressed data
libpng warning: iCCP: extra compressed data
libpng warning: iCCP: extra compressed data
libpng warning: iCCP: extra compressed data
libpng warning: iCCP: known incorrect sRGB profile
libpng warning: iCCP: cHRM chunk does not match sRGB
libpng warning: iCCP: extra compressed data
libpng warning: iCCP: extra compressed data
libpng warning: iCCP: extra compressed data
libpng warning: iCCP: extra compressed data
libpng warning: iCCP: extra compressed data
libpng warning: iCCP: extra compressed data
libpng warning: iCCP: extra compressed data
libpng warning: iCCP: extra compressed data
libpng warning: iCCP: extra compressed data
libpng warning: iCCP: extra compressed data
libpng warning: iCCP: extra compressed data
libpng warning: iCCP: extra compressed data
libpng warning: iCCP: extra compressed data
libpng warning: iCCP: extra compressed data
libpng warning: iCCP: extra compressed data
libpng warning: iCCP: extra compressed data
libpng warning: iCCP: extra compressed data
libpng warning: iCCP: extra compressed data
libpng warning: iCCP: extra compressed data
libpng warning: iCCP: extra compressed data
libpng warning: iCCP: extra compressed data
libpng warning: iCCP: extra compressed data
libpng warning: iCCP: extra compressed data
libpng warning: iCCP: extra compressed data
libpng warning: iCCP: extra compressed data
libpng warning: iCCP: extra compressed data
libpng warning: iCCP: extra compressed data
libpng warning: iCCP: extra compressed data
libpng warning: iCCP: extra compressed data
libpng warning: iCCP: known incorrect sRGB profile
libpng warning: iCCP: cHRM chunk does not match sRGB
libpng warning: iCCP: extra compressed data
epoch: 33 step: 2694, loss is 0.00018916902
libpng warning: iCCP: extra compressed data
libpng warning: iCCP: extra compressed data
libpng warning: iCCP: extra compressed data
libpng warning: iCCP: extra compressed data
libpng warning: iCCP: extra compressed data
libpng warning: iCCP: extra compressed data
libpng warning: iCCP: extra compressed data
libpng warning: iCCP: extra compressed data
libpng warning: iCCP: extra compressed data
libpng warning: iCCP: extra compressed data
libpng warning: iCCP: extra compressed data
libpng warning: iCCP: extra compressed data
libpng warning: iCCP: extra compressed data
libpng warning: iCCP: extra compressed data
libpng warning: iCCP: extra compressed data
libpng warning: iCCP: extra compressed data
libpng warning: iCCP: extra compressed data
libpng warning: iCCP: extra compressed data
libpng warning: iCCP: extra compressed data
libpng warning: iCCP: extra compressed data
libpng warning: iCCP: known incorrect sRGB profile
libpng warning: iCCP: cHRM chunk does not match sRGB
libpng warning: iCCP: extra compressed data
libpng warning: iCCP: extra compressed data
libpng warning: iCCP: known incorrect sRGB profile
libpng warning: iCCP: cHRM chunk does not match sRGB
libpng warning: iCCP: extra compressed data
libpng warning: iCCP: extra compressed data
libpng warning: iCCP: extra compressed data
libpng warning: iCCP: extra compressed data
libpng warning: iCCP: extra compressed data
libpng warning: iCCP: extra compressed data
libpng warning: iCCP: extra compressed data
libpng warning: iCCP: extra compressed data
libpng warning: iCCP: extra compressed data
libpng warning: iCCP: extra compressed data
libpng warning: iCCP: extra compressed data
libpng warning: iCCP: extra compressed data
libpng warning: iCCP: extra compressed data
libpng warning: iCCP: extra compressed data
libpng warning: iCCP: extra compressed data
libpng warning: iCCP: extra compressed data
libpng warning: iCCP: extra compressed data
libpng warning: iCCP: extra compressed data
libpng warning: iCCP: extra compressed data
libpng warning: iCCP: extra compressed data
libpng warning: iCCP: extra compressed data
libpng warning: iCCP: extra compressed data
libpng warning: iCCP: extra compressed data
libpng warning: iCCP: known incorrect sRGB profile
libpng warning: iCCP: cHRM chunk does not match sRGB
epoch: 34 step: 2694, loss is 8.822947e-05
libpng warning: iCCP: extra compressed data
libpng warning: iCCP: extra compressed data
libpng warning: iCCP: extra compressed data
libpng warning: iCCP: extra compressed data
libpng warning: iCCP: extra compressed data
libpng warning: iCCP: extra compressed data
libpng warning: iCCP: extra compressed data
libpng warning: iCCP: extra compressed data
libpng warning: iCCP: extra compressed data
libpng warning: iCCP: extra compressed data
libpng warning: iCCP: extra compressed data
libpng warning: iCCP: extra compressed data
libpng warning: iCCP: extra compressed data
libpng warning: iCCP: extra compressed data
libpng warning: iCCP: known incorrect sRGB profile
libpng warning: iCCP: cHRM chunk does not match sRGB
libpng warning: iCCP: extra compressed data
libpng warning: iCCP: extra compressed data
libpng warning: iCCP: extra compressed data
libpng warning: iCCP: extra compressed data
libpng warning: iCCP: extra compressed data
libpng warning: iCCP: extra compressed data
libpng warning: iCCP: extra compressed data
libpng warning: iCCP: extra compressed data
libpng warning: iCCP: extra compressed data
libpng warning: iCCP: extra compressed data
libpng warning: iCCP: extra compressed data
libpng warning: iCCP: extra compressed data
libpng warning: iCCP: extra compressed data
libpng warning: iCCP: extra compressed data
libpng warning: iCCP: extra compressed data
libpng warning: iCCP: extra compressed data
libpng warning: iCCP: extra compressed data
libpng warning: iCCP: extra compressed data
libpng warning: iCCP: extra compressed data
libpng warning: iCCP: extra compressed data
libpng warning: iCCP: extra compressed data
libpng warning: iCCP: extra compressed data
libpng warning: iCCP: extra compressed data
libpng warning: iCCP: extra compressed data
epoch: 35 step: 2694, loss is 0.00016425352
libpng warning: iCCP: extra compressed data
libpng warning: iCCP: extra compressed data
libpng warning: iCCP: known incorrect sRGB profile
libpng warning: iCCP: cHRM chunk does not match sRGB
libpng warning: iCCP: extra compressed data
libpng warning: iCCP: extra compressed data
libpng warning: iCCP: extra compressed data
libpng warning: iCCP: extra compressed data
libpng warning: iCCP: extra compressed data
libpng warning: iCCP: extra compressed data
libpng warning: iCCP: extra compressed data
libpng warning: iCCP: extra compressed data
libpng warning: iCCP: extra compressed data
libpng warning: iCCP: extra compressed data
libpng warning: iCCP: extra compressed data
libpng warning: iCCP: extra compressed data
libpng warning: iCCP: extra compressed data
libpng warning: iCCP: extra compressed data
libpng warning: iCCP: known incorrect sRGB profile
libpng warning: iCCP: cHRM chunk does not match sRGB
libpng warning: iCCP: extra compressed data
libpng warning: iCCP: extra compressed data
libpng warning: iCCP: extra compressed data
libpng warning: iCCP: extra compressed data
libpng warning: iCCP: extra compressed data
libpng warning: iCCP: extra compressed data
libpng warning: iCCP: extra compressed data
libpng warning: iCCP: extra compressed data
libpng warning: iCCP: extra compressed data
libpng warning: iCCP: extra compressed data
libpng warning: iCCP: extra compressed data
libpng warning: iCCP: extra compressed data
libpng warning: iCCP: extra compressed data
libpng warning: iCCP: extra compressed data
libpng warning: iCCP: extra compressed data
libpng warning: iCCP: extra compressed data
libpng warning: iCCP: extra compressed data
libpng warning: iCCP: extra compressed data
libpng warning: iCCP: extra compressed data
libpng warning: iCCP: extra compressed data
libpng warning: iCCP: extra compressed data
libpng warning: iCCP: extra compressed data
libpng warning: iCCP: extra compressed data
libpng warning: iCCP: extra compressed data
libpng warning: iCCP: extra compressed data
epoch: 36 step: 2694, loss is 0.00016294316
libpng warning: iCCP: extra compressed data
libpng warning: iCCP: extra compressed data
libpng warning: iCCP: extra compressed data
libpng warning: iCCP: extra compressed data
libpng warning: iCCP: extra compressed data
libpng warning: iCCP: known incorrect sRGB profile
libpng warning: iCCP: cHRM chunk does not match sRGB
libpng warning: iCCP: extra compressed data
libpng warning: iCCP: extra compressed data
libpng warning: iCCP: extra compressed data
libpng warning: iCCP: extra compressed data
libpng warning: iCCP: extra compressed data
libpng warning: iCCP: extra compressed data
libpng warning: iCCP: extra compressed data
libpng warning: iCCP: extra compressed data
libpng warning: iCCP: extra compressed data
libpng warning: iCCP: extra compressed data
libpng warning: iCCP: extra compressed data
libpng warning: iCCP: extra compressed data
libpng warning: iCCP: known incorrect sRGB profile
libpng warning: iCCP: cHRM chunk does not match sRGB
libpng warning: iCCP: extra compressed data
libpng warning: iCCP: extra compressed data
libpng warning: iCCP: extra compressed data
libpng warning: iCCP: extra compressed data
libpng warning: iCCP: extra compressed data
libpng warning: iCCP: extra compressed data
libpng warning: iCCP: extra compressed data
libpng warning: iCCP: extra compressed data
libpng warning: iCCP: extra compressed data
libpng warning: iCCP: extra compressed data
libpng warning: iCCP: extra compressed data
libpng warning: iCCP: extra compressed data
libpng warning: iCCP: extra compressed data
libpng warning: iCCP: extra compressed data
libpng warning: iCCP: extra compressed data
libpng warning: iCCP: extra compressed data
libpng warning: iCCP: extra compressed data
libpng warning: iCCP: extra compressed data
libpng warning: iCCP: extra compressed data
libpng warning: iCCP: extra compressed data
epoch: 37 step: 2694, loss is 0.0002404418
libpng warning: iCCP: extra compressed data
libpng warning: iCCP: extra compressed data
libpng warning: iCCP: extra compressed data
libpng warning: iCCP: extra compressed data
libpng warning: iCCP: known incorrect sRGB profile
libpng warning: iCCP: cHRM chunk does not match sRGB
libpng warning: iCCP: extra compressed data
libpng warning: iCCP: extra compressed data
libpng warning: iCCP: extra compressed data
libpng warning: iCCP: extra compressed data
libpng warning: iCCP: extra compressed data
libpng warning: iCCP: extra compressed data
libpng warning: iCCP: extra compressed data
libpng warning: iCCP: extra compressed data
libpng warning: iCCP: extra compressed data
libpng warning: iCCP: extra compressed data
libpng warning: iCCP: extra compressed data
libpng warning: iCCP: extra compressed data
libpng warning: iCCP: extra compressed data
libpng warning: iCCP: extra compressed data
libpng warning: iCCP: extra compressed data
libpng warning: iCCP: extra compressed data
libpng warning: iCCP: extra compressed data
libpng warning: iCCP: extra compressed data
libpng warning: iCCP: extra compressed data
libpng warning: iCCP: extra compressed data
libpng warning: iCCP: extra compressed data
libpng warning: iCCP: extra compressed data
libpng warning: iCCP: extra compressed data
libpng warning: iCCP: extra compressed data
libpng warning: iCCP: known incorrect sRGB profile
libpng warning: iCCP: cHRM chunk does not match sRGB
libpng warning: iCCP: extra compressed data
libpng warning: iCCP: extra compressed data
libpng warning: iCCP: extra compressed data
libpng warning: iCCP: extra compressed data
libpng warning: iCCP: extra compressed data
libpng warning: iCCP: extra compressed data
libpng warning: iCCP: extra compressed data
libpng warning: iCCP: extra compressed data
libpng warning: iCCP: extra compressed data
libpng warning: iCCP: extra compressed data
libpng warning: iCCP: extra compressed data
libpng warning: iCCP: extra compressed data
libpng warning: iCCP: known incorrect sRGB profile
libpng warning: iCCP: cHRM chunk does not match sRGB
epoch: 38 step: 2694, loss is 0.00038542118
libpng warning: iCCP: extra compressed data
libpng warning: iCCP: extra compressed data
libpng warning: iCCP: extra compressed data
libpng warning: iCCP: extra compressed data
libpng warning: iCCP: extra compressed data
libpng warning: iCCP: extra compressed data
libpng warning: iCCP: extra compressed data
libpng warning: iCCP: extra compressed data
libpng warning: iCCP: extra compressed data
libpng warning: iCCP: extra compressed data
libpng warning: iCCP: extra compressed data
libpng warning: iCCP: extra compressed data
libpng warning: iCCP: extra compressed data
libpng warning: iCCP: known incorrect sRGB profile
libpng warning: iCCP: cHRM chunk does not match sRGB
libpng warning: iCCP: extra compressed data
libpng warning: iCCP: extra compressed data
libpng warning: iCCP: extra compressed data
libpng warning: iCCP: extra compressed data
libpng warning: iCCP: extra compressed data
libpng warning: iCCP: extra compressed data
libpng warning: iCCP: extra compressed data
libpng warning: iCCP: extra compressed data
libpng warning: iCCP: extra compressed data
libpng warning: iCCP: extra compressed data
libpng warning: iCCP: extra compressed data
libpng warning: iCCP: extra compressed data
libpng warning: iCCP: extra compressed data
libpng warning: iCCP: extra compressed data
libpng warning: iCCP: extra compressed data
libpng warning: iCCP: extra compressed data
libpng warning: iCCP: extra compressed data
libpng warning: iCCP: extra compressed data
libpng warning: iCCP: extra compressed data
libpng warning: iCCP: extra compressed data
libpng warning: iCCP: extra compressed data
libpng warning: iCCP: extra compressed data
libpng warning: iCCP: extra compressed data
libpng warning: iCCP: extra compressed data
libpng warning: iCCP: extra compressed data
libpng warning: iCCP: extra compressed data
epoch: 39 step: 2694, loss is 0.00025843614
libpng warning: iCCP: extra compressed data
libpng warning: iCCP: extra compressed data
libpng warning: iCCP: extra compressed data
libpng warning: iCCP: extra compressed data
libpng warning: iCCP: extra compressed data
libpng warning: iCCP: extra compressed data
libpng warning: iCCP: extra compressed data
libpng warning: iCCP: extra compressed data
libpng warning: iCCP: extra compressed data
libpng warning: iCCP: extra compressed data
libpng warning: iCCP: extra compressed data
libpng warning: iCCP: extra compressed data
libpng warning: iCCP: extra compressed data
libpng warning: iCCP: extra compressed data
libpng warning: iCCP: extra compressed data
libpng warning: iCCP: extra compressed data
libpng warning: iCCP: extra compressed data
libpng warning: iCCP: extra compressed data
libpng warning: iCCP: extra compressed data
libpng warning: iCCP: extra compressed data
libpng warning: iCCP: extra compressed data
libpng warning: iCCP: extra compressed data
libpng warning: iCCP: extra compressed data
libpng warning: iCCP: extra compressed data
libpng warning: iCCP: extra compressed data
libpng warning: iCCP: known incorrect sRGB profile
libpng warning: iCCP: cHRM chunk does not match sRGB
libpng warning: iCCP: extra compressed data
libpng warning: iCCP: extra compressed data
libpng warning: iCCP: extra compressed data
libpng warning: iCCP: extra compressed data
libpng warning: iCCP: extra compressed data
libpng warning: iCCP: extra compressed data
libpng warning: iCCP: extra compressed data
libpng warning: iCCP: extra compressed data
libpng warning: iCCP: extra compressed data
libpng warning: iCCP: known incorrect sRGB profile
libpng warning: iCCP: cHRM chunk does not match sRGB
libpng warning: iCCP: extra compressed data
libpng warning: iCCP: extra compressed data
libpng warning: iCCP: extra compressed data
libpng warning: iCCP: extra compressed data
libpng warning: iCCP: extra compressed data
libpng warning: iCCP: extra compressed data
libpng warning: iCCP: extra compressed data
epoch: 40 step: 2694, loss is 9.168744e-05
libpng warning: iCCP: extra compressed data
libpng warning: iCCP: extra compressed data
libpng warning: iCCP: extra compressed data
libpng warning: iCCP: extra compressed data
libpng warning: iCCP: extra compressed data
libpng warning: iCCP: extra compressed data
libpng warning: iCCP: extra compressed data
libpng warning: iCCP: extra compressed data
libpng warning: iCCP: extra compressed data
libpng warning: iCCP: extra compressed data
libpng warning: iCCP: extra compressed data
libpng warning: iCCP: extra compressed data
libpng warning: iCCP: extra compressed data
libpng warning: iCCP: extra compressed data
libpng warning: iCCP: extra compressed data
libpng warning: iCCP: known incorrect sRGB profile
libpng warning: iCCP: cHRM chunk does not match sRGB
libpng warning: iCCP: extra compressed data
libpng warning: iCCP: extra compressed data
libpng warning: iCCP: extra compressed data
libpng warning: iCCP: extra compressed data
libpng warning: iCCP: extra compressed data
libpng warning: iCCP: extra compressed data
libpng warning: iCCP: extra compressed data
libpng warning: iCCP: known incorrect sRGB profile
libpng warning: iCCP: cHRM chunk does not match sRGB
libpng warning: iCCP: extra compressed data
libpng warning: iCCP: extra compressed data
libpng warning: iCCP: extra compressed data
libpng warning: iCCP: extra compressed data
libpng warning: iCCP: extra compressed data
libpng warning: iCCP: extra compressed data
libpng warning: iCCP: extra compressed data
libpng warning: iCCP: extra compressed data
libpng warning: iCCP: extra compressed data
libpng warning: iCCP: extra compressed data
libpng warning: iCCP: extra compressed data
libpng warning: iCCP: extra compressed data
libpng warning: iCCP: extra compressed data
libpng warning: iCCP: extra compressed data
libpng warning: iCCP: extra compressed data
libpng warning: iCCP: extra compressed data
libpng warning: iCCP: extra compressed data
libpng warning: iCCP: extra compressed data
libpng warning: iCCP: extra compressed data
libpng warning: iCCP: extra compressed data
epoch: 41 step: 2694, loss is 0.003686478
libpng warning: iCCP: known incorrect sRGB profile
libpng warning: iCCP: cHRM chunk does not match sRGB
libpng warning: iCCP: extra compressed data
libpng warning: iCCP: extra compressed data
libpng warning: iCCP: extra compressed data
libpng warning: iCCP: extra compressed data
libpng warning: iCCP: extra compressed data
libpng warning: iCCP: extra compressed data
libpng warning: iCCP: extra compressed data
libpng warning: iCCP: extra compressed data
libpng warning: iCCP: extra compressed data
libpng warning: iCCP: extra compressed data
libpng warning: iCCP: extra compressed data
libpng warning: iCCP: extra compressed data
libpng warning: iCCP: extra compressed data
libpng warning: iCCP: extra compressed data
libpng warning: iCCP: extra compressed data
libpng warning: iCCP: extra compressed data
libpng warning: iCCP: extra compressed data
libpng warning: iCCP: extra compressed data
libpng warning: iCCP: extra compressed data
libpng warning: iCCP: extra compressed data
libpng warning: iCCP: extra compressed data
libpng warning: iCCP: extra compressed data
libpng warning: iCCP: extra compressed data
libpng warning: iCCP: extra compressed data
libpng warning: iCCP: extra compressed data
libpng warning: iCCP: extra compressed data
libpng warning: iCCP: extra compressed data
libpng warning: iCCP: extra compressed data
libpng warning: iCCP: extra compressed data
libpng warning: iCCP: extra compressed data
libpng warning: iCCP: extra compressed data
libpng warning: iCCP: known incorrect sRGB profile
libpng warning: iCCP: cHRM chunk does not match sRGB
libpng warning: iCCP: extra compressed data
libpng warning: iCCP: extra compressed data
libpng warning: iCCP: extra compressed data
libpng warning: iCCP: extra compressed data
libpng warning: iCCP: extra compressed data
libpng warning: iCCP: extra compressed data
libpng warning: iCCP: extra compressed data
epoch: 42 step: 2694, loss is 0.00015263801
libpng warning: iCCP: extra compressed data
libpng warning: iCCP: extra compressed data
libpng warning: iCCP: extra compressed data
libpng warning: iCCP: extra compressed data
libpng warning: iCCP: extra compressed data
libpng warning: iCCP: extra compressed data
libpng warning: iCCP: extra compressed data
libpng warning: iCCP: extra compressed data
libpng warning: iCCP: extra compressed data
libpng warning: iCCP: known incorrect sRGB profile
libpng warning: iCCP: cHRM chunk does not match sRGB
libpng warning: iCCP: extra compressed data
libpng warning: iCCP: extra compressed data
libpng warning: iCCP: extra compressed data
libpng warning: iCCP: extra compressed data
libpng warning: iCCP: extra compressed data
libpng warning: iCCP: extra compressed data
libpng warning: iCCP: extra compressed data
libpng warning: iCCP: extra compressed data
libpng warning: iCCP: extra compressed data
libpng warning: iCCP: extra compressed data
libpng warning: iCCP: extra compressed data
libpng warning: iCCP: extra compressed data
libpng warning: iCCP: extra compressed data
libpng warning: iCCP: extra compressed data
libpng warning: iCCP: extra compressed data
libpng warning: iCCP: extra compressed data
libpng warning: iCCP: extra compressed data
libpng warning: iCCP: known incorrect sRGB profile
libpng warning: iCCP: cHRM chunk does not match sRGB
libpng warning: iCCP: extra compressed data
libpng warning: iCCP: extra compressed data
libpng warning: iCCP: extra compressed data
libpng warning: iCCP: extra compressed data
libpng warning: iCCP: extra compressed data
libpng warning: iCCP: extra compressed data
libpng warning: iCCP: extra compressed data
libpng warning: iCCP: extra compressed data
libpng warning: iCCP: extra compressed data
libpng warning: iCCP: extra compressed data
libpng warning: iCCP: extra compressed data
libpng warning: iCCP: extra compressed data
libpng warning: iCCP: extra compressed data
libpng warning: iCCP: extra compressed data
libpng warning: iCCP: extra compressed data
epoch: 43 step: 2694, loss is 0.0031466074
libpng warning: iCCP: known incorrect sRGB profile
libpng warning: iCCP: cHRM chunk does not match sRGB
libpng warning: iCCP: extra compressed data
libpng warning: iCCP: extra compressed data
libpng warning: iCCP: extra compressed data
libpng warning: iCCP: extra compressed data
libpng warning: iCCP: extra compressed data
libpng warning: iCCP: extra compressed data
libpng warning: iCCP: extra compressed data
libpng warning: iCCP: extra compressed data
libpng warning: iCCP: extra compressed data
libpng warning: iCCP: extra compressed data
libpng warning: iCCP: extra compressed data
libpng warning: iCCP: extra compressed data
libpng warning: iCCP: extra compressed data
libpng warning: iCCP: extra compressed data
libpng warning: iCCP: extra compressed data
libpng warning: iCCP: extra compressed data
libpng warning: iCCP: extra compressed data
libpng warning: iCCP: extra compressed data
libpng warning: iCCP: extra compressed data
libpng warning: iCCP: extra compressed data
libpng warning: iCCP: extra compressed data
libpng warning: iCCP: extra compressed data
libpng warning: iCCP: extra compressed data
libpng warning: iCCP: known incorrect sRGB profile
libpng warning: iCCP: cHRM chunk does not match sRGB
libpng warning: iCCP: extra compressed data
libpng warning: iCCP: extra compressed data
libpng warning: iCCP: extra compressed data
libpng warning: iCCP: extra compressed data
libpng warning: iCCP: extra compressed data
libpng warning: iCCP: extra compressed data
libpng warning: iCCP: extra compressed data
libpng warning: iCCP: extra compressed data
libpng warning: iCCP: extra compressed data
libpng warning: iCCP: extra compressed data
libpng warning: iCCP: extra compressed data
libpng warning: iCCP: extra compressed data
libpng warning: iCCP: extra compressed data
libpng warning: iCCP: extra compressed data
libpng warning: iCCP: extra compressed data
epoch: 44 step: 2694, loss is 0.0007201478
libpng warning: iCCP: extra compressed data
libpng warning: iCCP: extra compressed data
libpng warning: iCCP: extra compressed data
libpng warning: iCCP: extra compressed data
libpng warning: iCCP: extra compressed data
libpng warning: iCCP: extra compressed data
libpng warning: iCCP: extra compressed data
libpng warning: iCCP: extra compressed data
libpng warning: iCCP: extra compressed data
libpng warning: iCCP: extra compressed data
libpng warning: iCCP: extra compressed data
libpng warning: iCCP: extra compressed data
libpng warning: iCCP: extra compressed data
libpng warning: iCCP: extra compressed data
libpng warning: iCCP: extra compressed data
libpng warning: iCCP: extra compressed data
libpng warning: iCCP: extra compressed data
libpng warning: iCCP: extra compressed data
libpng warning: iCCP: extra compressed data
libpng warning: iCCP: extra compressed data
libpng warning: iCCP: extra compressed data
libpng warning: iCCP: extra compressed data
libpng warning: iCCP: known incorrect sRGB profile
libpng warning: iCCP: extra compressed data
libpng warning: iCCP: cHRM chunk does not match sRGB
libpng warning: iCCP: extra compressed data
libpng warning: iCCP: extra compressed data
libpng warning: iCCP: extra compressed data
libpng warning: iCCP: extra compressed data
libpng warning: iCCP: extra compressed data
libpng warning: iCCP: extra compressed data
libpng warning: iCCP: extra compressed data
libpng warning: iCCP: known incorrect sRGB profile
libpng warning: iCCP: cHRM chunk does not match sRGB
libpng warning: iCCP: extra compressed data
libpng warning: iCCP: extra compressed data
libpng warning: iCCP: extra compressed data
libpng warning: iCCP: extra compressed data
libpng warning: iCCP: extra compressed data
libpng warning: iCCP: extra compressed data
libpng warning: iCCP: extra compressed data
libpng warning: iCCP: extra compressed data
libpng warning: iCCP: extra compressed data
libpng warning: iCCP: extra compressed data
libpng warning: iCCP: extra compressed data
epoch: 45 step: 2694, loss is 0.00010480089
libpng warning: iCCP: extra compressed data
libpng warning: iCCP: extra compressed data
libpng warning: iCCP: extra compressed data
libpng warning: iCCP: extra compressed data
libpng warning: iCCP: extra compressed data
libpng warning: iCCP: extra compressed data
libpng warning: iCCP: extra compressed data
libpng warning: iCCP: extra compressed data
libpng warning: iCCP: extra compressed data
libpng warning: iCCP: extra compressed data
libpng warning: iCCP: extra compressed data
libpng warning: iCCP: extra compressed data
libpng warning: iCCP: extra compressed data
libpng warning: iCCP: extra compressed data
libpng warning: iCCP: extra compressed data
libpng warning: iCCP: extra compressed data
libpng warning: iCCP: extra compressed data
libpng warning: iCCP: extra compressed data
libpng warning: iCCP: extra compressed data
libpng warning: iCCP: extra compressed data
libpng warning: iCCP: extra compressed data
libpng warning: iCCP: extra compressed data
libpng warning: iCCP: extra compressed data
libpng warning: iCCP: extra compressed data
libpng warning: iCCP: extra compressed data
libpng warning: iCCP: extra compressed data
libpng warning: iCCP: extra compressed data
libpng warning: iCCP: extra compressed data
libpng warning: iCCP: extra compressed data
libpng warning: iCCP: extra compressed data
libpng warning: iCCP: extra compressed data
libpng warning: iCCP: extra compressed data
libpng warning: iCCP: known incorrect sRGB profile
libpng warning: iCCP: cHRM chunk does not match sRGB
libpng warning: iCCP: extra compressed data
libpng warning: iCCP: extra compressed data
libpng warning: iCCP: extra compressed data
libpng warning: iCCP: extra compressed data
libpng warning: iCCP: known incorrect sRGB profile
libpng warning: iCCP: cHRM chunk does not match sRGB
libpng warning: iCCP: extra compressed data
libpng warning: iCCP: extra compressed data
libpng warning: iCCP: extra compressed data
libpng warning: iCCP: extra compressed data
libpng warning: iCCP: extra compressed data
epoch: 46 step: 2694, loss is 0.00021843695
libpng warning: iCCP: extra compressed data
libpng warning: iCCP: extra compressed data
libpng warning: iCCP: extra compressed data
libpng warning: iCCP: extra compressed data
libpng warning: iCCP: extra compressed data
libpng warning: iCCP: extra compressed data
libpng warning: iCCP: extra compressed data
libpng warning: iCCP: extra compressed data
libpng warning: iCCP: extra compressed data
libpng warning: iCCP: extra compressed data
libpng warning: iCCP: extra compressed data
libpng warning: iCCP: extra compressed data
libpng warning: iCCP: extra compressed data
libpng warning: iCCP: extra compressed data
libpng warning: iCCP: extra compressed data
libpng warning: iCCP: extra compressed data
libpng warning: iCCP: extra compressed data
libpng warning: iCCP: extra compressed data
libpng warning: iCCP: extra compressed data
libpng warning: iCCP: extra compressed data
libpng warning: iCCP: extra compressed data
libpng warning: iCCP: known incorrect sRGB profile
libpng warning: iCCP: cHRM chunk does not match sRGB
libpng warning: iCCP: extra compressed data
libpng warning: iCCP: known incorrect sRGB profile
libpng warning: iCCP: cHRM chunk does not match sRGB
libpng warning: iCCP: extra compressed data
libpng warning: iCCP: extra compressed data
libpng warning: iCCP: extra compressed data
libpng warning: iCCP: extra compressed data
libpng warning: iCCP: extra compressed data
libpng warning: iCCP: extra compressed data
libpng warning: iCCP: extra compressed data
libpng warning: iCCP: extra compressed data
libpng warning: iCCP: extra compressed data
libpng warning: iCCP: extra compressed data
libpng warning: iCCP: extra compressed data
libpng warning: iCCP: extra compressed data
libpng warning: iCCP: extra compressed data
libpng warning: iCCP: extra compressed data
libpng warning: iCCP: extra compressed data
libpng warning: iCCP: extra compressed data
epoch: 47 step: 2694, loss is 0.0005118229
libpng warning: iCCP: extra compressed data
libpng warning: iCCP: extra compressed data
libpng warning: iCCP: extra compressed data
libpng warning: iCCP: extra compressed data
libpng warning: iCCP: extra compressed data
libpng warning: iCCP: extra compressed data
libpng warning: iCCP: extra compressed data
libpng warning: iCCP: extra compressed data
libpng warning: iCCP: extra compressed data
libpng warning: iCCP: extra compressed data
libpng warning: iCCP: extra compressed data
libpng warning: iCCP: extra compressed data
libpng warning: iCCP: extra compressed data
libpng warning: iCCP: extra compressed data

===========================================

