libpng warning: iCCP: extra compressed data
libpng warning: iCCP: extra compressed data
libpng warning: iCCP: extra compressed data
libpng warning: iCCP: extra compressed data
libpng warning: iCCP: extra compressed data
libpng warning: iCCP: extra compressed data
libpng warning: iCCP: extra compressed data
libpng warning: iCCP: extra compressed data
libpng warning: iCCP: extra compressed data
libpng warning: iCCP: extra compressed data
libpng warning: iCCP: extra compressed data
libpng warning: iCCP: extra compressed data
libpng warning: iCCP: extra compressed data
libpng warning: iCCP: extra compressed data
libpng warning: iCCP: extra compressed data
libpng warning: iCCP: extra compressed data
libpng warning: iCCP: extra compressed data
libpng warning: iCCP: extra compressed data
libpng warning: iCCP: extra compressed data
libpng warning: iCCP: extra compressed data
libpng warning: iCCP: extra compressed data
libpng warning: iCCP: extra compressed data
libpng warning: iCCP: extra compressed data
libpng warning: iCCP: known incorrect sRGB profile
libpng warning: iCCP: cHRM chunk does not match sRGB
libpng warning: iCCP: extra compressed data
libpng warning: iCCP: extra compressed data
libpng warning: iCCP: extra compressed data
libpng warning: iCCP: extra compressed data
libpng warning: iCCP: extra compressed data
libpng warning: iCCP: known incorrect sRGB profile
libpng warning: iCCP: cHRM chunk does not match sRGB
libpng warning: iCCP: extra compressed data
libpng warning: iCCP: extra compressed data
libpng warning: iCCP: extra compressed data
libpng warning: iCCP: extra compressed data
libpng warning: iCCP: extra compressed data
libpng warning: iCCP: extra compressed data
libpng warning: iCCP: extra compressed data
libpng warning: iCCP: extra compressed data
libpng warning: iCCP: extra compressed data
libpng warning: iCCP: extra compressed data
libpng warning: iCCP: extra compressed data
libpng warning: iCCP: extra compressed data
libpng warning: iCCP: extra compressed data
Checking /home/twang/.mscache/mindspore/ascend/1.2/resnet50thorcp_v1.2_imagenet2012.md...[1;32mPassed![0m
Checking /home/twang/.mscache/mindspore/ascend/1.2/resnet50thorcp_v1.2_imagenet2012.md...[1;32mPassed![0m
epoch: 1 step: 2694, loss is 0.00040404248
libpng warning: iCCP: extra compressed data
libpng warning: iCCP: extra compressed data
libpng warning: iCCP: extra compressed data
libpng warning: iCCP: extra compressed data
libpng warning: iCCP: extra compressed data
libpng warning: iCCP: extra compressed data
libpng warning: iCCP: extra compressed data
libpng warning: iCCP: extra compressed data
libpng warning: iCCP: extra compressed data
libpng warning: iCCP: extra compressed data
libpng warning: iCCP: extra compressed data
libpng warning: iCCP: extra compressed data
libpng warning: iCCP: extra compressed data
libpng warning: iCCP: extra compressed data
libpng warning: iCCP: extra compressed data
libpng warning: iCCP: extra compressed data
libpng warning: iCCP: extra compressed data
libpng warning: iCCP: extra compressed data
libpng warning: iCCP: extra compressed data
libpng warning: iCCP: extra compressed data
libpng warning: iCCP: extra compressed data
libpng warning: iCCP: extra compressed data
libpng warning: iCCP: extra compressed data
libpng warning: iCCP: extra compressed data
libpng warning: iCCP: extra compressed data
libpng warning: iCCP: extra compressed data
libpng warning: iCCP: extra compressed data
libpng warning: iCCP: extra compressed data
libpng warning: iCCP: extra compressed data
libpng warning: iCCP: known incorrect sRGB profile
libpng warning: iCCP: cHRM chunk does not match sRGB
libpng warning: iCCP: extra compressed data
libpng warning: iCCP: known incorrect sRGB profile
libpng warning: iCCP: cHRM chunk does not match sRGB
libpng warning: iCCP: extra compressed data
libpng warning: iCCP: extra compressed data
libpng warning: iCCP: extra compressed data
libpng warning: iCCP: extra compressed data
libpng warning: iCCP: extra compressed data
libpng warning: iCCP: extra compressed data
libpng warning: iCCP: extra compressed data
libpng warning: iCCP: extra compressed data
libpng warning: iCCP: extra compressed data
libpng warning: iCCP: extra compressed data
libpng warning: iCCP: extra compressed data
libpng warning: iCCP: extra compressed data
libpng warning: iCCP: extra compressed data
epoch: 2 step: 2694, loss is 0.00025242302
libpng warning: iCCP: extra compressed data
libpng warning: iCCP: extra compressed data
libpng warning: iCCP: extra compressed data
libpng warning: iCCP: extra compressed data
libpng warning: iCCP: extra compressed data
libpng warning: iCCP: extra compressed data
libpng warning: iCCP: extra compressed data
libpng warning: iCCP: extra compressed data
libpng warning: iCCP: extra compressed data
libpng warning: iCCP: extra compressed data
libpng warning: iCCP: extra compressed data
libpng warning: iCCP: extra compressed data
libpng warning: iCCP: known incorrect sRGB profile
libpng warning: iCCP: cHRM chunk does not match sRGB
libpng warning: iCCP: extra compressed data
libpng warning: iCCP: extra compressed data
libpng warning: iCCP: extra compressed data
libpng warning: iCCP: extra compressed data
libpng warning: iCCP: extra compressed data
libpng warning: iCCP: extra compressed data
libpng warning: iCCP: extra compressed data
libpng warning: iCCP: extra compressed data
libpng warning: iCCP: extra compressed data
libpng warning: iCCP: extra compressed data
libpng warning: iCCP: extra compressed data
libpng warning: iCCP: extra compressed data
libpng warning: iCCP: extra compressed data
libpng warning: iCCP: extra compressed data
libpng warning: iCCP: extra compressed data
libpng warning: iCCP: extra compressed data
libpng warning: iCCP: extra compressed data
libpng warning: iCCP: extra compressed data
libpng warning: iCCP: extra compressed data
libpng warning: iCCP: extra compressed data
libpng warning: iCCP: extra compressed data
libpng warning: iCCP: extra compressed data
libpng warning: iCCP: known incorrect sRGB profile
libpng warning: iCCP: cHRM chunk does not match sRGB
libpng warning: iCCP: extra compressed data
libpng warning: iCCP: extra compressed data
libpng warning: iCCP: extra compressed data
libpng warning: iCCP: extra compressed data
libpng warning: iCCP: extra compressed data
epoch: 3 step: 2694, loss is 0.00089464034
libpng warning: iCCP: extra compressed data
libpng warning: iCCP: extra compressed data
libpng warning: iCCP: extra compressed data
libpng warning: iCCP: extra compressed data
libpng warning: iCCP: extra compressed data
libpng warning: iCCP: known incorrect sRGB profile
libpng warning: iCCP: cHRM chunk does not match sRGB
libpng warning: iCCP: extra compressed data
libpng warning: iCCP: extra compressed data
libpng warning: iCCP: extra compressed data
libpng warning: iCCP: extra compressed data
libpng warning: iCCP: extra compressed data
libpng warning: iCCP: extra compressed data
libpng warning: iCCP: extra compressed data
libpng warning: iCCP: extra compressed data
libpng warning: iCCP: extra compressed data
libpng warning: iCCP: extra compressed data
libpng warning: iCCP: extra compressed data
libpng warning: iCCP: extra compressed data
libpng warning: iCCP: extra compressed data
libpng warning: iCCP: extra compressed data
libpng warning: iCCP: extra compressed data
libpng warning: iCCP: extra compressed data
libpng warning: iCCP: extra compressed data
libpng warning: iCCP: extra compressed data
libpng warning: iCCP: extra compressed data
libpng warning: iCCP: extra compressed data
libpng warning: iCCP: extra compressed data
libpng warning: iCCP: extra compressed data
libpng warning: iCCP: extra compressed data
libpng warning: iCCP: known incorrect sRGB profile
libpng warning: iCCP: cHRM chunk does not match sRGB
libpng warning: iCCP: extra compressed data
libpng warning: iCCP: extra compressed data
libpng warning: iCCP: extra compressed data
libpng warning: iCCP: extra compressed data
libpng warning: iCCP: extra compressed data
libpng warning: iCCP: extra compressed data
libpng warning: iCCP: extra compressed data
libpng warning: iCCP: extra compressed data
libpng warning: iCCP: extra compressed data
libpng warning: iCCP: extra compressed data
epoch: 4 step: 2694, loss is 0.0041794125
libpng warning: iCCP: extra compressed data
libpng warning: iCCP: extra compressed data
libpng warning: iCCP: extra compressed data
libpng warning: iCCP: extra compressed data
libpng warning: iCCP: extra compressed data
libpng warning: iCCP: extra compressed data
libpng warning: iCCP: extra compressed data
libpng warning: iCCP: extra compressed data
libpng warning: iCCP: extra compressed data
libpng warning: iCCP: extra compressed data
libpng warning: iCCP: extra compressed data
libpng warning: iCCP: extra compressed data
libpng warning: iCCP: extra compressed data
libpng warning: iCCP: extra compressed data
libpng warning: iCCP: extra compressed data
libpng warning: iCCP: extra compressed data
libpng warning: iCCP: extra compressed data
libpng warning: iCCP: extra compressed data
libpng warning: iCCP: extra compressed data
libpng warning: iCCP: extra compressed data
libpng warning: iCCP: extra compressed data
libpng warning: iCCP: extra compressed data
libpng warning: iCCP: known incorrect sRGB profile
libpng warning: iCCP: cHRM chunk does not match sRGB
libpng warning: iCCP: extra compressed data
libpng warning: iCCP: extra compressed data
libpng warning: iCCP: extra compressed data
libpng warning: iCCP: extra compressed data
libpng warning: iCCP: extra compressed data
libpng warning: iCCP: extra compressed data
libpng warning: iCCP: extra compressed data
libpng warning: iCCP: extra compressed data
libpng warning: iCCP: extra compressed data
libpng warning: iCCP: extra compressed data
libpng warning: iCCP: extra compressed data
libpng warning: iCCP: extra compressed data
libpng warning: iCCP: extra compressed data
libpng warning: iCCP: known incorrect sRGB profile
libpng warning: iCCP: cHRM chunk does not match sRGB
libpng warning: iCCP: extra compressed data
libpng warning: iCCP: extra compressed data
libpng warning: iCCP: extra compressed data
libpng warning: iCCP: extra compressed data
libpng warning: iCCP: extra compressed data
epoch: 5 step: 2694, loss is 0.0022788234
libpng warning: iCCP: extra compressed data
libpng warning: iCCP: extra compressed data
libpng warning: iCCP: extra compressed data
libpng warning: iCCP: extra compressed data
libpng warning: iCCP: extra compressed data
libpng warning: iCCP: extra compressed data
libpng warning: iCCP: extra compressed data
libpng warning: iCCP: extra compressed data
libpng warning: iCCP: extra compressed data
libpng warning: iCCP: known incorrect sRGB profile
libpng warning: iCCP: cHRM chunk does not match sRGB
libpng warning: iCCP: extra compressed data
libpng warning: iCCP: extra compressed data
libpng warning: iCCP: extra compressed data
libpng warning: iCCP: extra compressed data
libpng warning: iCCP: extra compressed data
libpng warning: iCCP: extra compressed data
libpng warning: iCCP: extra compressed data
libpng warning: iCCP: extra compressed data
libpng warning: iCCP: extra compressed data
libpng warning: iCCP: extra compressed data
libpng warning: iCCP: extra compressed data
libpng warning: iCCP: known incorrect sRGB profile
libpng warning: iCCP: cHRM chunk does not match sRGB
libpng warning: iCCP: extra compressed data
libpng warning: iCCP: extra compressed data
libpng warning: iCCP: extra compressed data
libpng warning: iCCP: extra compressed data
libpng warning: iCCP: extra compressed data
libpng warning: iCCP: extra compressed data
libpng warning: iCCP: extra compressed data
libpng warning: iCCP: extra compressed data
libpng warning: iCCP: extra compressed data
libpng warning: iCCP: extra compressed data
libpng warning: iCCP: extra compressed data
libpng warning: iCCP: extra compressed data
libpng warning: iCCP: extra compressed data
libpng warning: iCCP: extra compressed data
libpng warning: iCCP: extra compressed data
libpng warning: iCCP: extra compressed data
libpng warning: iCCP: extra compressed data
libpng warning: iCCP: extra compressed data
libpng warning: iCCP: extra compressed data
libpng warning: iCCP: extra compressed data
libpng warning: iCCP: known incorrect sRGB profile
libpng warning: iCCP: cHRM chunk does not match sRGB
epoch: 6 step: 2694, loss is 0.004755747
libpng warning: iCCP: extra compressed data
libpng warning: iCCP: extra compressed data
libpng warning: iCCP: extra compressed data
libpng warning: iCCP: extra compressed data
libpng warning: iCCP: extra compressed data
libpng warning: iCCP: extra compressed data
libpng warning: iCCP: extra compressed data
libpng warning: iCCP: extra compressed data
libpng warning: iCCP: extra compressed data
libpng warning: iCCP: extra compressed data
libpng warning: iCCP: extra compressed data
libpng warning: iCCP: extra compressed data
libpng warning: iCCP: extra compressed data
libpng warning: iCCP: extra compressed data
libpng warning: iCCP: extra compressed data
libpng warning: iCCP: extra compressed data
libpng warning: iCCP: extra compressed data
libpng warning: iCCP: extra compressed data
libpng warning: iCCP: extra compressed data
libpng warning: iCCP: extra compressed data
libpng warning: iCCP: extra compressed data
libpng warning: iCCP: extra compressed data
libpng warning: iCCP: extra compressed data
libpng warning: iCCP: extra compressed data
libpng warning: iCCP: extra compressed data
libpng warning: iCCP: extra compressed data
libpng warning: iCCP: extra compressed data
libpng warning: iCCP: extra compressed data
libpng warning: iCCP: extra compressed data
libpng warning: iCCP: extra compressed data
libpng warning: iCCP: extra compressed data
libpng warning: iCCP: extra compressed data
libpng warning: iCCP: extra compressed data
libpng warning: iCCP: extra compressed data
libpng warning: iCCP: extra compressed data
libpng warning: iCCP: extra compressed data
libpng warning: iCCP: extra compressed data
libpng warning: iCCP: extra compressed data
libpng warning: iCCP: known incorrect sRGB profile
libpng warning: iCCP: cHRM chunk does not match sRGB
libpng warning: iCCP: extra compressed data
libpng warning: iCCP: extra compressed data
libpng warning: iCCP: extra compressed data
epoch: 7 step: 2694, loss is 0.0011177853
libpng warning: iCCP: extra compressed data
libpng warning: iCCP: extra compressed data
libpng warning: iCCP: extra compressed data
libpng warning: iCCP: extra compressed data
libpng warning: iCCP: extra compressed data
libpng warning: iCCP: extra compressed data
libpng warning: iCCP: extra compressed data
libpng warning: iCCP: extra compressed data
libpng warning: iCCP: extra compressed data
libpng warning: iCCP: extra compressed data
libpng warning: iCCP: extra compressed data
libpng warning: iCCP: extra compressed data
libpng warning: iCCP: extra compressed data
libpng warning: iCCP: extra compressed data
libpng warning: iCCP: extra compressed data
libpng warning: iCCP: extra compressed data
libpng warning: iCCP: extra compressed data
libpng warning: iCCP: extra compressed data
libpng warning: iCCP: extra compressed data
libpng warning: iCCP: extra compressed data
libpng warning: iCCP: extra compressed data
libpng warning: iCCP: extra compressed data
libpng warning: iCCP: extra compressed data
libpng warning: iCCP: extra compressed data
libpng warning: iCCP: extra compressed data
libpng warning: iCCP: extra compressed data
libpng warning: iCCP: known incorrect sRGB profile
libpng warning: iCCP: cHRM chunk does not match sRGB
libpng warning: iCCP: extra compressed data
libpng warning: iCCP: extra compressed data
libpng warning: iCCP: known incorrect sRGB profile
libpng warning: iCCP: cHRM chunk does not match sRGB
libpng warning: iCCP: extra compressed data
libpng warning: iCCP: extra compressed data
libpng warning: iCCP: extra compressed data
libpng warning: iCCP: extra compressed data
libpng warning: iCCP: extra compressed data
libpng warning: iCCP: extra compressed data
libpng warning: iCCP: extra compressed data
libpng warning: iCCP: extra compressed data
libpng warning: iCCP: extra compressed data
libpng warning: iCCP: extra compressed data
libpng warning: iCCP: extra compressed data
libpng warning: iCCP: extra compressed data
libpng warning: iCCP: extra compressed data
epoch: 8 step: 2694, loss is 0.00076348166
libpng warning: iCCP: extra compressed data
libpng warning: iCCP: extra compressed data
libpng warning: iCCP: extra compressed data
libpng warning: iCCP: extra compressed data
libpng warning: iCCP: extra compressed data
libpng warning: iCCP: extra compressed data
libpng warning: iCCP: extra compressed data
libpng warning: iCCP: extra compressed data
libpng warning: iCCP: extra compressed data
libpng warning: iCCP: extra compressed data
libpng warning: iCCP: known incorrect sRGB profile
libpng warning: iCCP: cHRM chunk does not match sRGB
libpng warning: iCCP: extra compressed data
libpng warning: iCCP: extra compressed data
libpng warning: iCCP: extra compressed data
libpng warning: iCCP: extra compressed data
libpng warning: iCCP: extra compressed data
libpng warning: iCCP: extra compressed data
libpng warning: iCCP: extra compressed data
libpng warning: iCCP: extra compressed data
libpng warning: iCCP: extra compressed data
libpng warning: iCCP: extra compressed data
libpng warning: iCCP: extra compressed data
libpng warning: iCCP: extra compressed data
libpng warning: iCCP: extra compressed data
libpng warning: iCCP: extra compressed data
libpng warning: iCCP: extra compressed data
libpng warning: iCCP: extra compressed data
libpng warning: iCCP: extra compressed data
libpng warning: iCCP: extra compressed data
libpng warning: iCCP: extra compressed data
libpng warning: iCCP: extra compressed data
libpng warning: iCCP: extra compressed data
libpng warning: iCCP: known incorrect sRGB profile
libpng warning: iCCP: cHRM chunk does not match sRGB
libpng warning: iCCP: extra compressed data
libpng warning: iCCP: extra compressed data
libpng warning: iCCP: extra compressed data
libpng warning: iCCP: extra compressed data
libpng warning: iCCP: extra compressed data
libpng warning: iCCP: extra compressed data
libpng warning: iCCP: extra compressed data
libpng warning: iCCP: extra compressed data
epoch: 9 step: 2694, loss is 0.00053923344
libpng warning: iCCP: extra compressed data
libpng warning: iCCP: extra compressed data
libpng warning: iCCP: extra compressed data
libpng warning: iCCP: extra compressed data
libpng warning: iCCP: extra compressed data
libpng warning: iCCP: extra compressed data
libpng warning: iCCP: extra compressed data
libpng warning: iCCP: extra compressed data
libpng warning: iCCP: extra compressed data
libpng warning: iCCP: extra compressed data
libpng warning: iCCP: extra compressed data
libpng warning: iCCP: extra compressed data
libpng warning: iCCP: extra compressed data
libpng warning: iCCP: extra compressed data
libpng warning: iCCP: known incorrect sRGB profile
libpng warning: iCCP: cHRM chunk does not match sRGB
libpng warning: iCCP: extra compressed data
libpng warning: iCCP: extra compressed data
libpng warning: iCCP: extra compressed data
libpng warning: iCCP: extra compressed data
libpng warning: iCCP: extra compressed data
libpng warning: iCCP: extra compressed data
libpng warning: iCCP: extra compressed data
libpng warning: iCCP: extra compressed data
libpng warning: iCCP: extra compressed data
libpng warning: iCCP: extra compressed data
libpng warning: iCCP: extra compressed data
libpng warning: iCCP: extra compressed data
libpng warning: iCCP: extra compressed data
libpng warning: iCCP: extra compressed data
libpng warning: iCCP: extra compressed data
libpng warning: iCCP: extra compressed data
libpng warning: iCCP: known incorrect sRGB profile
libpng warning: iCCP: cHRM chunk does not match sRGB
libpng warning: iCCP: extra compressed data
libpng warning: iCCP: extra compressed data
libpng warning: iCCP: extra compressed data
libpng warning: iCCP: extra compressed data
libpng warning: iCCP: extra compressed data
libpng warning: iCCP: extra compressed data
libpng warning: iCCP: extra compressed data
libpng warning: iCCP: extra compressed data
epoch: 10 step: 2694, loss is 0.0010103739
libpng warning: iCCP: extra compressed data
libpng warning: iCCP: extra compressed data
libpng warning: iCCP: extra compressed data
libpng warning: iCCP: extra compressed data
libpng warning: iCCP: extra compressed data
libpng warning: iCCP: extra compressed data
libpng warning: iCCP: extra compressed data
libpng warning: iCCP: extra compressed data
libpng warning: iCCP: extra compressed data
libpng warning: iCCP: extra compressed data
libpng warning: iCCP: extra compressed data
libpng warning: iCCP: extra compressed data
libpng warning: iCCP: extra compressed data
libpng warning: iCCP: extra compressed data
libpng warning: iCCP: extra compressed data
libpng warning: iCCP: known incorrect sRGB profile
libpng warning: iCCP: cHRM chunk does not match sRGB
libpng warning: iCCP: extra compressed data
libpng warning: iCCP: extra compressed data
libpng warning: iCCP: extra compressed data
libpng warning: iCCP: extra compressed data
libpng warning: iCCP: extra compressed data
libpng warning: iCCP: extra compressed data
libpng warning: iCCP: extra compressed data
libpng warning: iCCP: extra compressed data
libpng warning: iCCP: extra compressed data
libpng warning: iCCP: known incorrect sRGB profile
libpng warning: iCCP: cHRM chunk does not match sRGB
libpng warning: iCCP: extra compressed data
libpng warning: iCCP: extra compressed data
libpng warning: iCCP: extra compressed data
libpng warning: iCCP: extra compressed data
libpng warning: iCCP: extra compressed data
libpng warning: iCCP: extra compressed data
libpng warning: iCCP: extra compressed data
libpng warning: iCCP: extra compressed data
libpng warning: iCCP: extra compressed data
libpng warning: iCCP: extra compressed data
libpng warning: iCCP: extra compressed data
libpng warning: iCCP: extra compressed data
libpng warning: iCCP: extra compressed data
libpng warning: iCCP: extra compressed data
libpng warning: iCCP: extra compressed data
libpng warning: iCCP: extra compressed data
libpng warning: iCCP: extra compressed data
libpng warning: iCCP: extra compressed data
libpng warning: iCCP: known incorrect sRGB profile
libpng warning: iCCP: cHRM chunk does not match sRGB
epoch: 11 step: 2694, loss is 0.00045003183
libpng warning: iCCP: extra compressed data
libpng warning: iCCP: extra compressed data
libpng warning: iCCP: extra compressed data
libpng warning: iCCP: extra compressed data
libpng warning: iCCP: extra compressed data
libpng warning: iCCP: extra compressed data
libpng warning: iCCP: extra compressed data
libpng warning: iCCP: extra compressed data
libpng warning: iCCP: extra compressed data
libpng warning: iCCP: extra compressed data
libpng warning: iCCP: extra compressed data
libpng warning: iCCP: extra compressed data
libpng warning: iCCP: extra compressed data
libpng warning: iCCP: extra compressed data
libpng warning: iCCP: extra compressed data
libpng warning: iCCP: extra compressed data
libpng warning: iCCP: extra compressed data
libpng warning: iCCP: extra compressed data
libpng warning: iCCP: extra compressed data
libpng warning: iCCP: extra compressed data
libpng warning: iCCP: extra compressed data
libpng warning: iCCP: extra compressed data
libpng warning: iCCP: extra compressed data
libpng warning: iCCP: extra compressed data
libpng warning: iCCP: extra compressed data
libpng warning: iCCP: extra compressed data
libpng warning: iCCP: extra compressed data
libpng warning: iCCP: extra compressed data
libpng warning: iCCP: extra compressed data
libpng warning: iCCP: extra compressed data
libpng warning: iCCP: extra compressed data
libpng warning: iCCP: known incorrect sRGB profile
libpng warning: iCCP: cHRM chunk does not match sRGB
libpng warning: iCCP: extra compressed data
libpng warning: iCCP: extra compressed data
libpng warning: iCCP: extra compressed data
libpng warning: iCCP: extra compressed data
libpng warning: iCCP: extra compressed data
libpng warning: iCCP: extra compressed data
libpng warning: iCCP: extra compressed data
libpng warning: iCCP: extra compressed data
libpng warning: iCCP: extra compressed data
epoch: 12 step: 2694, loss is 0.00045089916
libpng warning: iCCP: extra compressed data
libpng warning: iCCP: extra compressed data
libpng warning: iCCP: extra compressed data
libpng warning: iCCP: extra compressed data
libpng warning: iCCP: extra compressed data
libpng warning: iCCP: extra compressed data
libpng warning: iCCP: extra compressed data
libpng warning: iCCP: extra compressed data
libpng warning: iCCP: extra compressed data
libpng warning: iCCP: extra compressed data
libpng warning: iCCP: extra compressed data
libpng warning: iCCP: extra compressed data
libpng warning: iCCP: extra compressed data
libpng warning: iCCP: extra compressed data
libpng warning: iCCP: extra compressed data
libpng warning: iCCP: extra compressed data
libpng warning: iCCP: extra compressed data
libpng warning: iCCP: extra compressed data
libpng warning: iCCP: known incorrect sRGB profile
libpng warning: iCCP: cHRM chunk does not match sRGB
libpng warning: iCCP: extra compressed data
libpng warning: iCCP: extra compressed data
libpng warning: iCCP: extra compressed data
libpng warning: iCCP: extra compressed data
libpng warning: iCCP: extra compressed data
libpng warning: iCCP: extra compressed data
libpng warning: iCCP: extra compressed data
libpng warning: iCCP: extra compressed data
libpng warning: iCCP: extra compressed data
libpng warning: iCCP: extra compressed data
libpng warning: iCCP: extra compressed data
libpng warning: iCCP: extra compressed data
libpng warning: iCCP: extra compressed data
libpng warning: iCCP: extra compressed data
libpng warning: iCCP: extra compressed data
libpng warning: iCCP: known incorrect sRGB profile
libpng warning: iCCP: cHRM chunk does not match sRGB
libpng warning: iCCP: extra compressed data
libpng warning: iCCP: extra compressed data
libpng warning: iCCP: extra compressed data
libpng warning: iCCP: extra compressed data
libpng warning: iCCP: extra compressed data
epoch: 13 step: 2694, loss is 0.00029870454
libpng warning: iCCP: extra compressed data
libpng warning: iCCP: extra compressed data
libpng warning: iCCP: extra compressed data
libpng warning: iCCP: extra compressed data
libpng warning: iCCP: known incorrect sRGB profile
libpng warning: iCCP: cHRM chunk does not match sRGB
libpng warning: iCCP: extra compressed data
libpng warning: iCCP: extra compressed data
libpng warning: iCCP: extra compressed data
libpng warning: iCCP: extra compressed data
libpng warning: iCCP: extra compressed data
libpng warning: iCCP: extra compressed data
libpng warning: iCCP: extra compressed data
libpng warning: iCCP: extra compressed data
libpng warning: iCCP: extra compressed data
libpng warning: iCCP: extra compressed data
libpng warning: iCCP: extra compressed data
libpng warning: iCCP: known incorrect sRGB profile
libpng warning: iCCP: cHRM chunk does not match sRGB
libpng warning: iCCP: extra compressed data
libpng warning: iCCP: extra compressed data
libpng warning: iCCP: extra compressed data
libpng warning: iCCP: extra compressed data
libpng warning: iCCP: extra compressed data
libpng warning: iCCP: extra compressed data
libpng warning: iCCP: extra compressed data
libpng warning: iCCP: extra compressed data
libpng warning: iCCP: extra compressed data
libpng warning: iCCP: extra compressed data
libpng warning: iCCP: extra compressed data
libpng warning: iCCP: extra compressed data
libpng warning: iCCP: extra compressed data
libpng warning: iCCP: extra compressed data
libpng warning: iCCP: extra compressed data
libpng warning: iCCP: extra compressed data
libpng warning: iCCP: extra compressed data
libpng warning: iCCP: extra compressed data
libpng warning: iCCP: extra compressed data
libpng warning: iCCP: extra compressed data
libpng warning: iCCP: extra compressed data
libpng warning: iCCP: extra compressed data
libpng warning: iCCP: extra compressed data
libpng warning: iCCP: extra compressed data
libpng warning: iCCP: extra compressed data
libpng warning: iCCP: extra compressed data
epoch: 14 step: 2694, loss is 0.0003671796
libpng warning: iCCP: extra compressed data
libpng warning: iCCP: extra compressed data
libpng warning: iCCP: extra compressed data
libpng warning: iCCP: extra compressed data
libpng warning: iCCP: extra compressed data
libpng warning: iCCP: extra compressed data
libpng warning: iCCP: extra compressed data
libpng warning: iCCP: extra compressed data
libpng warning: iCCP: extra compressed data
libpng warning: iCCP: extra compressed data
libpng warning: iCCP: known incorrect sRGB profile
libpng warning: iCCP: cHRM chunk does not match sRGB
libpng warning: iCCP: extra compressed data
libpng warning: iCCP: extra compressed data
libpng warning: iCCP: extra compressed data
libpng warning: iCCP: extra compressed data
libpng warning: iCCP: extra compressed data
libpng warning: iCCP: extra compressed data
libpng warning: iCCP: extra compressed data
libpng warning: iCCP: extra compressed data
libpng warning: iCCP: extra compressed data
libpng warning: iCCP: extra compressed data
libpng warning: iCCP: extra compressed data
libpng warning: iCCP: extra compressed data
libpng warning: iCCP: extra compressed data
libpng warning: iCCP: extra compressed data
libpng warning: iCCP: extra compressed data
libpng warning: iCCP: known incorrect sRGB profile
libpng warning: iCCP: cHRM chunk does not match sRGB
libpng warning: iCCP: extra compressed data
libpng warning: iCCP: extra compressed data
libpng warning: iCCP: extra compressed data
libpng warning: iCCP: extra compressed data
libpng warning: iCCP: extra compressed data
libpng warning: iCCP: extra compressed data
libpng warning: iCCP: extra compressed data
libpng warning: iCCP: extra compressed data
libpng warning: iCCP: extra compressed data
libpng warning: iCCP: extra compressed data
libpng warning: iCCP: extra compressed data
libpng warning: iCCP: extra compressed data
libpng warning: iCCP: extra compressed data
libpng warning: iCCP: extra compressed data
libpng warning: iCCP: extra compressed data
libpng warning: iCCP: extra compressed data
libpng warning: iCCP: extra compressed data
libpng warning: iCCP: extra compressed data
libpng warning: iCCP: extra compressed data
epoch: 15 step: 2694, loss is 0.000118813245
libpng warning: iCCP: extra compressed data
libpng warning: iCCP: extra compressed data
libpng warning: iCCP: extra compressed data
libpng warning: iCCP: extra compressed data
libpng warning: iCCP: extra compressed data
libpng warning: iCCP: extra compressed data
libpng warning: iCCP: extra compressed data
libpng warning: iCCP: extra compressed data
libpng warning: iCCP: extra compressed data
libpng warning: iCCP: extra compressed data
libpng warning: iCCP: extra compressed data
libpng warning: iCCP: extra compressed data
libpng warning: iCCP: extra compressed data
libpng warning: iCCP: extra compressed data
libpng warning: iCCP: extra compressed data
libpng warning: iCCP: extra compressed data
libpng warning: iCCP: extra compressed data
libpng warning: iCCP: extra compressed data
libpng warning: iCCP: extra compressed data
libpng warning: iCCP: extra compressed data
libpng warning: iCCP: extra compressed data
libpng warning: iCCP: extra compressed data
libpng warning: iCCP: extra compressed data
libpng warning: iCCP: extra compressed data
libpng warning: iCCP: extra compressed data
libpng warning: iCCP: extra compressed data
libpng warning: iCCP: known incorrect sRGB profile
libpng warning: iCCP: cHRM chunk does not match sRGB
libpng warning: iCCP: extra compressed data
libpng warning: iCCP: extra compressed data
libpng warning: iCCP: extra compressed data
libpng warning: iCCP: extra compressed data
libpng warning: iCCP: extra compressed data
libpng warning: iCCP: known incorrect sRGB profile
libpng warning: iCCP: cHRM chunk does not match sRGB
libpng warning: iCCP: extra compressed data
libpng warning: iCCP: extra compressed data
libpng warning: iCCP: extra compressed data
libpng warning: iCCP: extra compressed data
epoch: 16 step: 2694, loss is 0.00015923218
libpng warning: iCCP: extra compressed data
libpng warning: iCCP: known incorrect sRGB profile
libpng warning: iCCP: cHRM chunk does not match sRGB
libpng warning: iCCP: extra compressed data
libpng warning: iCCP: extra compressed data
libpng warning: iCCP: extra compressed data
libpng warning: iCCP: extra compressed data
libpng warning: iCCP: extra compressed data
libpng warning: iCCP: extra compressed data
libpng warning: iCCP: extra compressed data
libpng warning: iCCP: extra compressed data
libpng warning: iCCP: extra compressed data
libpng warning: iCCP: extra compressed data
libpng warning: iCCP: extra compressed data
libpng warning: iCCP: extra compressed data
libpng warning: iCCP: extra compressed data
libpng warning: iCCP: extra compressed data
libpng warning: iCCP: extra compressed data
libpng warning: iCCP: extra compressed data
libpng warning: iCCP: extra compressed data
libpng warning: iCCP: extra compressed data
libpng warning: iCCP: extra compressed data
libpng warning: iCCP: extra compressed data
libpng warning: iCCP: extra compressed data
libpng warning: iCCP: extra compressed data
libpng warning: iCCP: extra compressed data
libpng warning: iCCP: extra compressed data
libpng warning: iCCP: extra compressed data
libpng warning: iCCP: extra compressed data
libpng warning: iCCP: extra compressed data
libpng warning: iCCP: extra compressed data
libpng warning: iCCP: extra compressed data
libpng warning: iCCP: extra compressed data
libpng warning: iCCP: extra compressed data
libpng warning: iCCP: extra compressed data
libpng warning: iCCP: known incorrect sRGB profile
libpng warning: iCCP: cHRM chunk does not match sRGB
libpng warning: iCCP: extra compressed data
libpng warning: iCCP: extra compressed data
libpng warning: iCCP: extra compressed data
libpng warning: iCCP: extra compressed data
libpng warning: iCCP: extra compressed data
libpng warning: iCCP: extra compressed data
libpng warning: iCCP: extra compressed data
libpng warning: iCCP: extra compressed data
libpng warning: iCCP: extra compressed data
epoch: 17 step: 2694, loss is 0.00026243096
libpng warning: iCCP: extra compressed data
libpng warning: iCCP: extra compressed data
libpng warning: iCCP: extra compressed data
libpng warning: iCCP: extra compressed data
libpng warning: iCCP: extra compressed data
libpng warning: iCCP: extra compressed data
libpng warning: iCCP: extra compressed data
libpng warning: iCCP: extra compressed data
libpng warning: iCCP: extra compressed data
libpng warning: iCCP: extra compressed data
libpng warning: iCCP: extra compressed data
libpng warning: iCCP: extra compressed data
libpng warning: iCCP: extra compressed data
libpng warning: iCCP: extra compressed data
libpng warning: iCCP: extra compressed data
libpng warning: iCCP: extra compressed data
libpng warning: iCCP: extra compressed data
libpng warning: iCCP: extra compressed data
libpng warning: iCCP: extra compressed data
libpng warning: iCCP: known incorrect sRGB profile
libpng warning: iCCP: cHRM chunk does not match sRGB
libpng warning: iCCP: extra compressed data
libpng warning: iCCP: extra compressed data
libpng warning: iCCP: extra compressed data
libpng warning: iCCP: extra compressed data
libpng warning: iCCP: known incorrect sRGB profile
libpng warning: iCCP: cHRM chunk does not match sRGB
libpng warning: iCCP: extra compressed data
libpng warning: iCCP: extra compressed data
libpng warning: iCCP: extra compressed data
libpng warning: iCCP: extra compressed data
libpng warning: iCCP: extra compressed data
libpng warning: iCCP: extra compressed data
libpng warning: iCCP: extra compressed data
libpng warning: iCCP: extra compressed data
libpng warning: iCCP: extra compressed data
libpng warning: iCCP: extra compressed data
libpng warning: iCCP: extra compressed data
libpng warning: iCCP: extra compressed data
libpng warning: iCCP: extra compressed data
libpng warning: iCCP: extra compressed data
libpng warning: iCCP: extra compressed data
libpng warning: iCCP: extra compressed data
libpng warning: iCCP: extra compressed data
libpng warning: iCCP: extra compressed data
libpng warning: iCCP: extra compressed data
libpng warning: iCCP: extra compressed data
epoch: 18 step: 2694, loss is 0.00019775292
libpng warning: iCCP: extra compressed data
libpng warning: iCCP: extra compressed data
libpng warning: iCCP: extra compressed data
libpng warning: iCCP: extra compressed data
libpng warning: iCCP: extra compressed data
libpng warning: iCCP: extra compressed data
libpng warning: iCCP: extra compressed data
libpng warning: iCCP: extra compressed data
libpng warning: iCCP: extra compressed data
libpng warning: iCCP: extra compressed data
libpng warning: iCCP: extra compressed data
libpng warning: iCCP: extra compressed data
libpng warning: iCCP: extra compressed data
libpng warning: iCCP: extra compressed data
libpng warning: iCCP: extra compressed data
libpng warning: iCCP: extra compressed data
libpng warning: iCCP: extra compressed data
libpng warning: iCCP: extra compressed data
libpng warning: iCCP: extra compressed data
libpng warning: iCCP: extra compressed data
libpng warning: iCCP: extra compressed data
libpng warning: iCCP: known incorrect sRGB profile
libpng warning: iCCP: cHRM chunk does not match sRGB
libpng warning: iCCP: extra compressed data
libpng warning: iCCP: extra compressed data
libpng warning: iCCP: extra compressed data
libpng warning: iCCP: extra compressed data
libpng warning: iCCP: extra compressed data
libpng warning: iCCP: extra compressed data
libpng warning: iCCP: extra compressed data
libpng warning: iCCP: extra compressed data
libpng warning: iCCP: extra compressed data
libpng warning: iCCP: extra compressed data
libpng warning: iCCP: extra compressed data
libpng warning: iCCP: extra compressed data
libpng warning: iCCP: known incorrect sRGB profile
libpng warning: iCCP: cHRM chunk does not match sRGB
libpng warning: iCCP: extra compressed data
libpng warning: iCCP: extra compressed data
libpng warning: iCCP: extra compressed data
libpng warning: iCCP: extra compressed data
epoch: 19 step: 2694, loss is 0.00014388189
libpng warning: iCCP: extra compressed data
libpng warning: iCCP: extra compressed data
libpng warning: iCCP: extra compressed data
libpng warning: iCCP: extra compressed data
libpng warning: iCCP: extra compressed data
libpng warning: iCCP: extra compressed data
libpng warning: iCCP: extra compressed data
libpng warning: iCCP: extra compressed data
libpng warning: iCCP: extra compressed data
libpng warning: iCCP: extra compressed data
libpng warning: iCCP: extra compressed data
libpng warning: iCCP: extra compressed data
libpng warning: iCCP: extra compressed data
libpng warning: iCCP: extra compressed data
libpng warning: iCCP: extra compressed data
libpng warning: iCCP: extra compressed data
libpng warning: iCCP: extra compressed data
libpng warning: iCCP: extra compressed data
libpng warning: iCCP: extra compressed data
libpng warning: iCCP: known incorrect sRGB profile
libpng warning: iCCP: cHRM chunk does not match sRGB
libpng warning: iCCP: extra compressed data
libpng warning: iCCP: extra compressed data
libpng warning: iCCP: extra compressed data
libpng warning: iCCP: extra compressed data
libpng warning: iCCP: known incorrect sRGB profile
libpng warning: iCCP: cHRM chunk does not match sRGB
libpng warning: iCCP: extra compressed data
libpng warning: iCCP: extra compressed data
libpng warning: iCCP: extra compressed data
libpng warning: iCCP: extra compressed data
libpng warning: iCCP: extra compressed data
libpng warning: iCCP: extra compressed data
libpng warning: iCCP: extra compressed data
libpng warning: iCCP: extra compressed data
libpng warning: iCCP: extra compressed data
libpng warning: iCCP: extra compressed data
libpng warning: iCCP: extra compressed data
libpng warning: iCCP: extra compressed data
libpng warning: iCCP: extra compressed data
libpng warning: iCCP: extra compressed data
libpng warning: iCCP: extra compressed data
libpng warning: iCCP: extra compressed data
libpng warning: iCCP: extra compressed data
libpng warning: iCCP: extra compressed data
epoch: 20 step: 2694, loss is 0.00036904038
libpng warning: iCCP: extra compressed data
libpng warning: iCCP: extra compressed data
libpng warning: iCCP: extra compressed data
libpng warning: iCCP: extra compressed data
libpng warning: iCCP: extra compressed data
libpng warning: iCCP: extra compressed data
libpng warning: iCCP: extra compressed data
libpng warning: iCCP: extra compressed data
libpng warning: iCCP: extra compressed data
libpng warning: iCCP: extra compressed data
libpng warning: iCCP: extra compressed data
libpng warning: iCCP: extra compressed data
libpng warning: iCCP: extra compressed data
libpng warning: iCCP: known incorrect sRGB profile
libpng warning: iCCP: cHRM chunk does not match sRGB
libpng warning: iCCP: extra compressed data
libpng warning: iCCP: extra compressed data
libpng warning: iCCP: extra compressed data
libpng warning: iCCP: extra compressed data
libpng warning: iCCP: known incorrect sRGB profile
libpng warning: iCCP: cHRM chunk does not match sRGB
libpng warning: iCCP: extra compressed data
libpng warning: iCCP: extra compressed data
libpng warning: iCCP: extra compressed data
libpng warning: iCCP: extra compressed data
libpng warning: iCCP: extra compressed data
libpng warning: iCCP: extra compressed data
libpng warning: iCCP: extra compressed data
libpng warning: iCCP: extra compressed data
libpng warning: iCCP: extra compressed data
libpng warning: iCCP: extra compressed data
libpng warning: iCCP: extra compressed data
libpng warning: iCCP: extra compressed data
libpng warning: iCCP: extra compressed data
libpng warning: iCCP: extra compressed data
libpng warning: iCCP: extra compressed data
libpng warning: iCCP: extra compressed data
libpng warning: iCCP: extra compressed data
libpng warning: iCCP: extra compressed data
libpng warning: iCCP: extra compressed data
libpng warning: iCCP: extra compressed data
libpng warning: iCCP: extra compressed data
epoch: 21 step: 2694, loss is 0.00013762817
libpng warning: iCCP: extra compressed data
libpng warning: iCCP: extra compressed data
libpng warning: iCCP: extra compressed data
libpng warning: iCCP: extra compressed data
libpng warning: iCCP: extra compressed data
libpng warning: iCCP: extra compressed data
libpng warning: iCCP: extra compressed data
libpng warning: iCCP: extra compressed data
libpng warning: iCCP: extra compressed data
libpng warning: iCCP: extra compressed data
libpng warning: iCCP: extra compressed data
libpng warning: iCCP: extra compressed data
libpng warning: iCCP: extra compressed data
libpng warning: iCCP: extra compressed data
libpng warning: iCCP: extra compressed data
libpng warning: iCCP: extra compressed data
libpng warning: iCCP: extra compressed data
libpng warning: iCCP: extra compressed data
libpng warning: iCCP: extra compressed data
libpng warning: iCCP: extra compressed data
libpng warning: iCCP: extra compressed data
libpng warning: iCCP: extra compressed data
libpng warning: iCCP: extra compressed data
libpng warning: iCCP: extra compressed data
libpng warning: iCCP: extra compressed data
libpng warning: iCCP: known incorrect sRGB profile
libpng warning: iCCP: cHRM chunk does not match sRGB
libpng warning: iCCP: extra compressed data
libpng warning: iCCP: extra compressed data
libpng warning: iCCP: extra compressed data
libpng warning: iCCP: extra compressed data
libpng warning: iCCP: extra compressed data
libpng warning: iCCP: extra compressed data
libpng warning: iCCP: extra compressed data
libpng warning: iCCP: extra compressed data
libpng warning: iCCP: extra compressed data
libpng warning: iCCP: known incorrect sRGB profile
libpng warning: iCCP: cHRM chunk does not match sRGB
libpng warning: iCCP: extra compressed data
libpng warning: iCCP: extra compressed data
libpng warning: iCCP: extra compressed data
libpng warning: iCCP: extra compressed data
libpng warning: iCCP: extra compressed data
libpng warning: iCCP: extra compressed data
epoch: 22 step: 2694, loss is 0.00013253071
libpng warning: iCCP: extra compressed data
libpng warning: iCCP: extra compressed data
libpng warning: iCCP: known incorrect sRGB profile
libpng warning: iCCP: cHRM chunk does not match sRGB
libpng warning: iCCP: extra compressed data
libpng warning: iCCP: extra compressed data
libpng warning: iCCP: extra compressed data
libpng warning: iCCP: extra compressed data
libpng warning: iCCP: extra compressed data
libpng warning: iCCP: extra compressed data
libpng warning: iCCP: extra compressed data
libpng warning: iCCP: extra compressed data
libpng warning: iCCP: extra compressed data
libpng warning: iCCP: extra compressed data
libpng warning: iCCP: extra compressed data
libpng warning: iCCP: extra compressed data
libpng warning: iCCP: extra compressed data
libpng warning: iCCP: extra compressed data
libpng warning: iCCP: extra compressed data
libpng warning: iCCP: extra compressed data
libpng warning: iCCP: extra compressed data
libpng warning: iCCP: extra compressed data
libpng warning: iCCP: extra compressed data
libpng warning: iCCP: extra compressed data
libpng warning: iCCP: extra compressed data
libpng warning: iCCP: extra compressed data
libpng warning: iCCP: known incorrect sRGB profile
libpng warning: iCCP: cHRM chunk does not match sRGB
libpng warning: iCCP: extra compressed data
libpng warning: iCCP: extra compressed data
libpng warning: iCCP: extra compressed data
libpng warning: iCCP: extra compressed data
libpng warning: iCCP: extra compressed data
libpng warning: iCCP: extra compressed data
libpng warning: iCCP: extra compressed data
libpng warning: iCCP: extra compressed data
libpng warning: iCCP: extra compressed data
libpng warning: iCCP: extra compressed data
libpng warning: iCCP: extra compressed data
libpng warning: iCCP: extra compressed data
libpng warning: iCCP: extra compressed data
libpng warning: iCCP: extra compressed data
libpng warning: iCCP: extra compressed data
libpng warning: iCCP: extra compressed data
libpng warning: iCCP: extra compressed data
epoch: 23 step: 2694, loss is 0.00014126665
libpng warning: iCCP: extra compressed data
libpng warning: iCCP: extra compressed data
libpng warning: iCCP: extra compressed data
libpng warning: iCCP: extra compressed data
libpng warning: iCCP: extra compressed data
libpng warning: iCCP: extra compressed data
libpng warning: iCCP: extra compressed data
libpng warning: iCCP: extra compressed data
libpng warning: iCCP: extra compressed data
libpng warning: iCCP: known incorrect sRGB profile
libpng warning: iCCP: cHRM chunk does not match sRGB
libpng warning: iCCP: extra compressed data
libpng warning: iCCP: extra compressed data
libpng warning: iCCP: extra compressed data
libpng warning: iCCP: known incorrect sRGB profile
libpng warning: iCCP: cHRM chunk does not match sRGB
libpng warning: iCCP: extra compressed data
libpng warning: iCCP: extra compressed data
libpng warning: iCCP: extra compressed data
libpng warning: iCCP: extra compressed data
libpng warning: iCCP: extra compressed data
libpng warning: iCCP: extra compressed data
libpng warning: iCCP: extra compressed data
libpng warning: iCCP: extra compressed data
libpng warning: iCCP: extra compressed data
libpng warning: iCCP: extra compressed data
libpng warning: iCCP: extra compressed data
libpng warning: iCCP: extra compressed data
libpng warning: iCCP: extra compressed data
libpng warning: iCCP: extra compressed data
libpng warning: iCCP: extra compressed data
libpng warning: iCCP: extra compressed data
libpng warning: iCCP: extra compressed data
libpng warning: iCCP: extra compressed data
libpng warning: iCCP: extra compressed data
libpng warning: iCCP: extra compressed data
libpng warning: iCCP: extra compressed data
libpng warning: iCCP: extra compressed data
libpng warning: iCCP: extra compressed data
libpng warning: iCCP: extra compressed data
libpng warning: iCCP: extra compressed data
libpng warning: iCCP: extra compressed data
libpng warning: iCCP: extra compressed data
libpng warning: iCCP: extra compressed data
libpng warning: iCCP: extra compressed data
epoch: 24 step: 2694, loss is 0.00014752662
libpng warning: iCCP: extra compressed data
libpng warning: iCCP: extra compressed data
libpng warning: iCCP: extra compressed data
libpng warning: iCCP: extra compressed data
libpng warning: iCCP: extra compressed data
libpng warning: iCCP: extra compressed data
libpng warning: iCCP: extra compressed data
libpng warning: iCCP: extra compressed data
libpng warning: iCCP: extra compressed data
libpng warning: iCCP: extra compressed data
libpng warning: iCCP: known incorrect sRGB profile
libpng warning: iCCP: cHRM chunk does not match sRGB
libpng warning: iCCP: extra compressed data
libpng warning: iCCP: extra compressed data
libpng warning: iCCP: extra compressed data
libpng warning: iCCP: extra compressed data
libpng warning: iCCP: extra compressed data
libpng warning: iCCP: extra compressed data
libpng warning: iCCP: extra compressed data
libpng warning: iCCP: extra compressed data
libpng warning: iCCP: extra compressed data
libpng warning: iCCP: extra compressed data
libpng warning: iCCP: extra compressed data
libpng warning: iCCP: extra compressed data
libpng warning: iCCP: extra compressed data
libpng warning: iCCP: extra compressed data
libpng warning: iCCP: extra compressed data
libpng warning: iCCP: extra compressed data
libpng warning: iCCP: extra compressed data
libpng warning: iCCP: extra compressed data
libpng warning: iCCP: extra compressed data
libpng warning: iCCP: extra compressed data
libpng warning: iCCP: extra compressed data
libpng warning: iCCP: known incorrect sRGB profile
libpng warning: iCCP: cHRM chunk does not match sRGB
libpng warning: iCCP: extra compressed data
libpng warning: iCCP: extra compressed data
libpng warning: iCCP: extra compressed data
libpng warning: iCCP: extra compressed data
libpng warning: iCCP: extra compressed data
libpng warning: iCCP: extra compressed data
epoch: 25 step: 2694, loss is 0.00011469567
libpng warning: iCCP: extra compressed data
libpng warning: iCCP: extra compressed data
libpng warning: iCCP: extra compressed data
libpng warning: iCCP: extra compressed data
libpng warning: iCCP: extra compressed data
libpng warning: iCCP: extra compressed data
libpng warning: iCCP: extra compressed data
libpng warning: iCCP: extra compressed data
libpng warning: iCCP: extra compressed data
libpng warning: iCCP: extra compressed data
libpng warning: iCCP: extra compressed data
libpng warning: iCCP: extra compressed data
libpng warning: iCCP: extra compressed data
libpng warning: iCCP: extra compressed data
libpng warning: iCCP: extra compressed data
libpng warning: iCCP: extra compressed data
libpng warning: iCCP: extra compressed data
libpng warning: iCCP: extra compressed data
libpng warning: iCCP: extra compressed data
libpng warning: iCCP: extra compressed data
libpng warning: iCCP: extra compressed data
libpng warning: iCCP: known incorrect sRGB profile
libpng warning: iCCP: cHRM chunk does not match sRGB
libpng warning: iCCP: extra compressed data
libpng warning: iCCP: known incorrect sRGB profile
libpng warning: iCCP: cHRM chunk does not match sRGB
libpng warning: iCCP: extra compressed data
libpng warning: iCCP: extra compressed data
libpng warning: iCCP: extra compressed data
libpng warning: iCCP: extra compressed data
libpng warning: iCCP: extra compressed data
libpng warning: iCCP: extra compressed data
libpng warning: iCCP: extra compressed data
libpng warning: iCCP: extra compressed data
libpng warning: iCCP: extra compressed data
libpng warning: iCCP: extra compressed data
libpng warning: iCCP: extra compressed data
libpng warning: iCCP: extra compressed data
libpng warning: iCCP: extra compressed data
libpng warning: iCCP: extra compressed data
libpng warning: iCCP: extra compressed data
libpng warning: iCCP: extra compressed data
libpng warning: iCCP: extra compressed data
libpng warning: iCCP: extra compressed data
libpng warning: iCCP: extra compressed data
libpng warning: iCCP: extra compressed data
libpng warning: iCCP: extra compressed data
epoch: 26 step: 2694, loss is 9.906664e-05
libpng warning: iCCP: extra compressed data
libpng warning: iCCP: extra compressed data
libpng warning: iCCP: extra compressed data
libpng warning: iCCP: extra compressed data
libpng warning: iCCP: extra compressed data
libpng warning: iCCP: extra compressed data
libpng warning: iCCP: extra compressed data
libpng warning: iCCP: extra compressed data
libpng warning: iCCP: extra compressed data
libpng warning: iCCP: extra compressed data
libpng warning: iCCP: extra compressed data
libpng warning: iCCP: extra compressed data
libpng warning: iCCP: extra compressed data
libpng warning: iCCP: known incorrect sRGB profile
libpng warning: iCCP: cHRM chunk does not match sRGB
libpng warning: iCCP: extra compressed data
libpng warning: iCCP: extra compressed data
libpng warning: iCCP: extra compressed data
libpng warning: iCCP: extra compressed data
libpng warning: iCCP: extra compressed data
libpng warning: iCCP: extra compressed data
libpng warning: iCCP: known incorrect sRGB profile
libpng warning: iCCP: cHRM chunk does not match sRGB
libpng warning: iCCP: extra compressed data
libpng warning: iCCP: extra compressed data
libpng warning: iCCP: extra compressed data
libpng warning: iCCP: extra compressed data
libpng warning: iCCP: extra compressed data
libpng warning: iCCP: extra compressed data
libpng warning: iCCP: extra compressed data
libpng warning: iCCP: extra compressed data
libpng warning: iCCP: extra compressed data
libpng warning: iCCP: extra compressed data
libpng warning: iCCP: extra compressed data
libpng warning: iCCP: extra compressed data
libpng warning: iCCP: extra compressed data
libpng warning: iCCP: extra compressed data
libpng warning: iCCP: extra compressed data
libpng warning: iCCP: extra compressed data
libpng warning: iCCP: extra compressed data
libpng warning: iCCP: extra compressed data
libpng warning: iCCP: known incorrect sRGB profile
libpng warning: iCCP: cHRM chunk does not match sRGB
libpng warning: iCCP: extra compressed data
epoch: 27 step: 2694, loss is 0.00014836734
libpng warning: iCCP: known incorrect sRGB profile
libpng warning: iCCP: cHRM chunk does not match sRGB
libpng warning: iCCP: extra compressed data
libpng warning: iCCP: extra compressed data
libpng warning: iCCP: extra compressed data
libpng warning: iCCP: extra compressed data
libpng warning: iCCP: extra compressed data
libpng warning: iCCP: extra compressed data
libpng warning: iCCP: extra compressed data
libpng warning: iCCP: extra compressed data
libpng warning: iCCP: extra compressed data
libpng warning: iCCP: extra compressed data
libpng warning: iCCP: extra compressed data
libpng warning: iCCP: extra compressed data
libpng warning: iCCP: extra compressed data
libpng warning: iCCP: extra compressed data
libpng warning: iCCP: extra compressed data
libpng warning: iCCP: extra compressed data
libpng warning: iCCP: extra compressed data
libpng warning: iCCP: extra compressed data
libpng warning: iCCP: extra compressed data
libpng warning: iCCP: extra compressed data
libpng warning: iCCP: extra compressed data
libpng warning: iCCP: extra compressed data
libpng warning: iCCP: extra compressed data
libpng warning: iCCP: extra compressed data
libpng warning: iCCP: extra compressed data
libpng warning: iCCP: extra compressed data
libpng warning: iCCP: extra compressed data
libpng warning: iCCP: extra compressed data
libpng warning: iCCP: extra compressed data
libpng warning: iCCP: extra compressed data
libpng warning: iCCP: extra compressed data
libpng warning: iCCP: extra compressed data
libpng warning: iCCP: extra compressed data
libpng warning: iCCP: extra compressed data
libpng warning: iCCP: extra compressed data
libpng warning: iCCP: extra compressed data
libpng warning: iCCP: extra compressed data
libpng warning: iCCP: extra compressed data
libpng warning: iCCP: extra compressed data
libpng warning: iCCP: extra compressed data
epoch: 28 step: 2694, loss is 4.5258286e-05
libpng warning: iCCP: extra compressed data
libpng warning: iCCP: extra compressed data
libpng warning: iCCP: extra compressed data
libpng warning: iCCP: extra compressed data
libpng warning: iCCP: extra compressed data
libpng warning: iCCP: extra compressed data
libpng warning: iCCP: extra compressed data
libpng warning: iCCP: extra compressed data
libpng warning: iCCP: extra compressed data
libpng warning: iCCP: extra compressed data
libpng warning: iCCP: extra compressed data
libpng warning: iCCP: extra compressed data
libpng warning: iCCP: extra compressed data
libpng warning: iCCP: extra compressed data
libpng warning: iCCP: known incorrect sRGB profile
libpng warning: iCCP: cHRM chunk does not match sRGB
libpng warning: iCCP: extra compressed data
libpng warning: iCCP: extra compressed data
libpng warning: iCCP: extra compressed data
libpng warning: iCCP: extra compressed data
libpng warning: iCCP: extra compressed data
libpng warning: iCCP: extra compressed data
libpng warning: iCCP: extra compressed data
libpng warning: iCCP: extra compressed data
libpng warning: iCCP: extra compressed data
libpng warning: iCCP: extra compressed data
libpng warning: iCCP: extra compressed data
libpng warning: iCCP: extra compressed data
libpng warning: iCCP: extra compressed data
libpng warning: iCCP: extra compressed data
libpng warning: iCCP: extra compressed data
libpng warning: iCCP: extra compressed data
libpng warning: iCCP: extra compressed data
libpng warning: iCCP: extra compressed data
libpng warning: iCCP: extra compressed data
libpng warning: iCCP: extra compressed data
libpng warning: iCCP: extra compressed data
libpng warning: iCCP: extra compressed data
libpng warning: iCCP: extra compressed data
libpng warning: iCCP: extra compressed data
libpng warning: iCCP: extra compressed data
libpng warning: iCCP: known incorrect sRGB profile
libpng warning: iCCP: cHRM chunk does not match sRGB
libpng warning: iCCP: extra compressed data
epoch: 29 step: 2694, loss is 0.00011978002
libpng warning: iCCP: extra compressed data
libpng warning: iCCP: extra compressed data
libpng warning: iCCP: extra compressed data
libpng warning: iCCP: extra compressed data
libpng warning: iCCP: extra compressed data
libpng warning: iCCP: known incorrect sRGB profile
libpng warning: iCCP: cHRM chunk does not match sRGB
libpng warning: iCCP: extra compressed data
libpng warning: iCCP: extra compressed data
libpng warning: iCCP: extra compressed data
libpng warning: iCCP: extra compressed data
libpng warning: iCCP: extra compressed data
libpng warning: iCCP: extra compressed data
libpng warning: iCCP: extra compressed data
libpng warning: iCCP: extra compressed data
libpng warning: iCCP: extra compressed data
libpng warning: iCCP: extra compressed data
libpng warning: iCCP: extra compressed data
libpng warning: iCCP: extra compressed data
libpng warning: iCCP: extra compressed data
libpng warning: iCCP: extra compressed data
libpng warning: iCCP: extra compressed data
libpng warning: iCCP: extra compressed data
libpng warning: iCCP: extra compressed data
libpng warning: iCCP: extra compressed data
libpng warning: iCCP: extra compressed data
libpng warning: iCCP: extra compressed data
libpng warning: iCCP: known incorrect sRGB profile
libpng warning: iCCP: cHRM chunk does not match sRGB
libpng warning: iCCP: extra compressed data
libpng warning: iCCP: extra compressed data
libpng warning: iCCP: extra compressed data
libpng warning: iCCP: extra compressed data
libpng warning: iCCP: extra compressed data
libpng warning: iCCP: extra compressed data
libpng warning: iCCP: extra compressed data
libpng warning: iCCP: extra compressed data
libpng warning: iCCP: extra compressed data
libpng warning: iCCP: extra compressed data
libpng warning: iCCP: extra compressed data
libpng warning: iCCP: extra compressed data
libpng warning: iCCP: extra compressed data
libpng warning: iCCP: extra compressed data
libpng warning: iCCP: extra compressed data
libpng warning: iCCP: extra compressed data
epoch: 30 step: 2694, loss is 0.00015738804
libpng warning: iCCP: extra compressed data
libpng warning: iCCP: extra compressed data
libpng warning: iCCP: extra compressed data
libpng warning: iCCP: extra compressed data
libpng warning: iCCP: extra compressed data
libpng warning: iCCP: extra compressed data
libpng warning: iCCP: extra compressed data
libpng warning: iCCP: extra compressed data
libpng warning: iCCP: extra compressed data
libpng warning: iCCP: extra compressed data
libpng warning: iCCP: extra compressed data
libpng warning: iCCP: known incorrect sRGB profile
libpng warning: iCCP: cHRM chunk does not match sRGB
libpng warning: iCCP: extra compressed data
libpng warning: iCCP: extra compressed data
libpng warning: iCCP: extra compressed data
libpng warning: iCCP: extra compressed data
libpng warning: iCCP: extra compressed data
libpng warning: iCCP: extra compressed data
libpng warning: iCCP: extra compressed data
libpng warning: iCCP: extra compressed data
libpng warning: iCCP: extra compressed data
libpng warning: iCCP: extra compressed data
libpng warning: iCCP: extra compressed data
libpng warning: iCCP: extra compressed data
libpng warning: iCCP: extra compressed data
libpng warning: iCCP: extra compressed data
libpng warning: iCCP: known incorrect sRGB profile
libpng warning: iCCP: cHRM chunk does not match sRGB
libpng warning: iCCP: extra compressed data
libpng warning: iCCP: extra compressed data
libpng warning: iCCP: extra compressed data
libpng warning: iCCP: extra compressed data
libpng warning: iCCP: extra compressed data
libpng warning: iCCP: extra compressed data
libpng warning: iCCP: extra compressed data
libpng warning: iCCP: extra compressed data
libpng warning: iCCP: extra compressed data
libpng warning: iCCP: extra compressed data
libpng warning: iCCP: extra compressed data
libpng warning: iCCP: extra compressed data
libpng warning: iCCP: extra compressed data
libpng warning: iCCP: extra compressed data
libpng warning: iCCP: extra compressed data
epoch: 31 step: 2694, loss is 0.0012527936
libpng warning: iCCP: extra compressed data
libpng warning: iCCP: extra compressed data
libpng warning: iCCP: extra compressed data
libpng warning: iCCP: extra compressed data
libpng warning: iCCP: extra compressed data
libpng warning: iCCP: extra compressed data
libpng warning: iCCP: extra compressed data
libpng warning: iCCP: known incorrect sRGB profile
libpng warning: iCCP: cHRM chunk does not match sRGB
libpng warning: iCCP: extra compressed data
libpng warning: iCCP: extra compressed data
libpng warning: iCCP: extra compressed data
libpng warning: iCCP: extra compressed data
libpng warning: iCCP: extra compressed data
libpng warning: iCCP: extra compressed data
libpng warning: iCCP: extra compressed data
libpng warning: iCCP: extra compressed data
libpng warning: iCCP: extra compressed data
libpng warning: iCCP: extra compressed data
libpng warning: iCCP: extra compressed data
libpng warning: iCCP: extra compressed data
libpng warning: iCCP: extra compressed data
libpng warning: iCCP: known incorrect sRGB profile
libpng warning: iCCP: cHRM chunk does not match sRGB
libpng warning: iCCP: extra compressed data
libpng warning: iCCP: extra compressed data
libpng warning: iCCP: extra compressed data
libpng warning: iCCP: extra compressed data
libpng warning: iCCP: extra compressed data
libpng warning: iCCP: extra compressed data
libpng warning: iCCP: extra compressed data
libpng warning: iCCP: extra compressed data
libpng warning: iCCP: extra compressed data
libpng warning: iCCP: extra compressed data
libpng warning: iCCP: extra compressed data
libpng warning: iCCP: extra compressed data
libpng warning: iCCP: extra compressed data
libpng warning: iCCP: extra compressed data
libpng warning: iCCP: extra compressed data
libpng warning: iCCP: extra compressed data
libpng warning: iCCP: extra compressed data
libpng warning: iCCP: extra compressed data
libpng warning: iCCP: extra compressed data
libpng warning: iCCP: extra compressed data
epoch: 32 step: 2694, loss is 0.00028360094
libpng warning: iCCP: extra compressed data
libpng warning: iCCP: extra compressed data
libpng warning: iCCP: extra compressed data
libpng warning: iCCP: extra compressed data
libpng warning: iCCP: extra compressed data
libpng warning: iCCP: extra compressed data
libpng warning: iCCP: extra compressed data
libpng warning: iCCP: extra compressed data
libpng warning: iCCP: known incorrect sRGB profile
libpng warning: iCCP: cHRM chunk does not match sRGB
libpng warning: iCCP: extra compressed data
libpng warning: iCCP: extra compressed data
libpng warning: iCCP: extra compressed data
libpng warning: iCCP: extra compressed data
libpng warning: iCCP: extra compressed data
libpng warning: iCCP: extra compressed data
libpng warning: iCCP: extra compressed data
libpng warning: iCCP: extra compressed data
libpng warning: iCCP: extra compressed data
libpng warning: iCCP: extra compressed data
libpng warning: iCCP: extra compressed data
libpng warning: iCCP: extra compressed data
libpng warning: iCCP: extra compressed data
libpng warning: iCCP: extra compressed data
libpng warning: iCCP: extra compressed data
libpng warning: iCCP: extra compressed data
libpng warning: iCCP: extra compressed data
libpng warning: iCCP: known incorrect sRGB profile
libpng warning: iCCP: cHRM chunk does not match sRGB
libpng warning: iCCP: extra compressed data
libpng warning: iCCP: extra compressed data
libpng warning: iCCP: extra compressed data
libpng warning: iCCP: extra compressed data
libpng warning: iCCP: extra compressed data
libpng warning: iCCP: extra compressed data
libpng warning: iCCP: extra compressed data
libpng warning: iCCP: extra compressed data
libpng warning: iCCP: extra compressed data
libpng warning: iCCP: extra compressed data
libpng warning: iCCP: extra compressed data
libpng warning: iCCP: extra compressed data
libpng warning: iCCP: extra compressed data
libpng warning: iCCP: extra compressed data
libpng warning: iCCP: extra compressed data
epoch: 33 step: 2694, loss is 0.00017654772
libpng warning: iCCP: known incorrect sRGB profile
libpng warning: iCCP: cHRM chunk does not match sRGB
libpng warning: iCCP: extra compressed data
libpng warning: iCCP: extra compressed data
libpng warning: iCCP: extra compressed data
libpng warning: iCCP: extra compressed data
libpng warning: iCCP: extra compressed data
libpng warning: iCCP: extra compressed data
libpng warning: iCCP: extra compressed data
libpng warning: iCCP: extra compressed data
libpng warning: iCCP: extra compressed data
libpng warning: iCCP: extra compressed data
libpng warning: iCCP: extra compressed data
libpng warning: iCCP: extra compressed data
libpng warning: iCCP: extra compressed data
libpng warning: iCCP: extra compressed data
libpng warning: iCCP: extra compressed data
libpng warning: iCCP: extra compressed data
libpng warning: iCCP: known incorrect sRGB profile
libpng warning: iCCP: cHRM chunk does not match sRGB
libpng warning: iCCP: extra compressed data
libpng warning: iCCP: extra compressed data
libpng warning: iCCP: extra compressed data
libpng warning: iCCP: extra compressed data
libpng warning: iCCP: extra compressed data
libpng warning: iCCP: extra compressed data
libpng warning: iCCP: extra compressed data
libpng warning: iCCP: extra compressed data
libpng warning: iCCP: extra compressed data
libpng warning: iCCP: extra compressed data
libpng warning: iCCP: extra compressed data
libpng warning: iCCP: extra compressed data
libpng warning: iCCP: extra compressed data
libpng warning: iCCP: extra compressed data
libpng warning: iCCP: extra compressed data
libpng warning: iCCP: extra compressed data
libpng warning: iCCP: extra compressed data
libpng warning: iCCP: extra compressed data
libpng warning: iCCP: extra compressed data
libpng warning: iCCP: extra compressed data
libpng warning: iCCP: extra compressed data
libpng warning: iCCP: extra compressed data
libpng warning: iCCP: extra compressed data
libpng warning: iCCP: extra compressed data
libpng warning: iCCP: extra compressed data
epoch: 34 step: 2694, loss is 0.0015168573
libpng warning: iCCP: extra compressed data
libpng warning: iCCP: extra compressed data
libpng warning: iCCP: extra compressed data
libpng warning: iCCP: extra compressed data
libpng warning: iCCP: extra compressed data
libpng warning: iCCP: extra compressed data
libpng warning: iCCP: extra compressed data
libpng warning: iCCP: extra compressed data
libpng warning: iCCP: extra compressed data
libpng warning: iCCP: extra compressed data
libpng warning: iCCP: extra compressed data
libpng warning: iCCP: extra compressed data
libpng warning: iCCP: extra compressed data
libpng warning: iCCP: extra compressed data
libpng warning: iCCP: extra compressed data
libpng warning: iCCP: extra compressed data
libpng warning: iCCP: extra compressed data
libpng warning: iCCP: extra compressed data
libpng warning: iCCP: extra compressed data
libpng warning: iCCP: extra compressed data
libpng warning: iCCP: extra compressed data
libpng warning: iCCP: extra compressed data
libpng warning: iCCP: extra compressed data
libpng warning: iCCP: extra compressed data
libpng warning: iCCP: extra compressed data
libpng warning: iCCP: extra compressed data
libpng warning: iCCP: extra compressed data
libpng warning: iCCP: extra compressed data
libpng warning: iCCP: extra compressed data
libpng warning: iCCP: extra compressed data
libpng warning: iCCP: known incorrect sRGB profile
libpng warning: iCCP: cHRM chunk does not match sRGB
libpng warning: iCCP: extra compressed data
libpng warning: iCCP: extra compressed data
libpng warning: iCCP: extra compressed data
libpng warning: iCCP: extra compressed data
libpng warning: iCCP: extra compressed data
libpng warning: iCCP: extra compressed data
libpng warning: iCCP: extra compressed data
libpng warning: iCCP: known incorrect sRGB profile
libpng warning: iCCP: cHRM chunk does not match sRGB
libpng warning: iCCP: extra compressed data
epoch: 35 step: 2694, loss is 0.00061517005
libpng warning: iCCP: extra compressed data
libpng warning: iCCP: extra compressed data
libpng warning: iCCP: extra compressed data
libpng warning: iCCP: extra compressed data
libpng warning: iCCP: extra compressed data
libpng warning: iCCP: extra compressed data
libpng warning: iCCP: extra compressed data
libpng warning: iCCP: extra compressed data
libpng warning: iCCP: extra compressed data
libpng warning: iCCP: extra compressed data
libpng warning: iCCP: extra compressed data
libpng warning: iCCP: extra compressed data
libpng warning: iCCP: extra compressed data
libpng warning: iCCP: extra compressed data
libpng warning: iCCP: extra compressed data
libpng warning: iCCP: extra compressed data
libpng warning: iCCP: extra compressed data
libpng warning: iCCP: extra compressed data
libpng warning: iCCP: known incorrect sRGB profile
libpng warning: iCCP: cHRM chunk does not match sRGB
libpng warning: iCCP: extra compressed data
libpng warning: iCCP: extra compressed data
libpng warning: iCCP: extra compressed data
libpng warning: iCCP: extra compressed data
libpng warning: iCCP: extra compressed data
libpng warning: iCCP: known incorrect sRGB profile
libpng warning: iCCP: cHRM chunk does not match sRGB
libpng warning: iCCP: extra compressed data
libpng warning: iCCP: extra compressed data
libpng warning: iCCP: extra compressed data
libpng warning: iCCP: extra compressed data
libpng warning: iCCP: extra compressed data
libpng warning: iCCP: extra compressed data
libpng warning: iCCP: extra compressed data
libpng warning: iCCP: extra compressed data
libpng warning: iCCP: extra compressed data
libpng warning: iCCP: extra compressed data
libpng warning: iCCP: extra compressed data
libpng warning: iCCP: extra compressed data
libpng warning: iCCP: extra compressed data
libpng warning: iCCP: extra compressed data
libpng warning: iCCP: extra compressed data
libpng warning: iCCP: extra compressed data
libpng warning: iCCP: extra compressed data
libpng warning: iCCP: extra compressed data
epoch: 36 step: 2694, loss is 0.00020419378
libpng warning: iCCP: extra compressed data
libpng warning: iCCP: extra compressed data
libpng warning: iCCP: extra compressed data
libpng warning: iCCP: extra compressed data
libpng warning: iCCP: extra compressed data
libpng warning: iCCP: extra compressed data
libpng warning: iCCP: extra compressed data
libpng warning: iCCP: extra compressed data
libpng warning: iCCP: extra compressed data
libpng warning: iCCP: extra compressed data
libpng warning: iCCP: extra compressed data
libpng warning: iCCP: extra compressed data
libpng warning: iCCP: extra compressed data
libpng warning: iCCP: known incorrect sRGB profile
libpng warning: iCCP: cHRM chunk does not match sRGB
libpng warning: iCCP: extra compressed data
libpng warning: iCCP: extra compressed data
libpng warning: iCCP: extra compressed data
libpng warning: iCCP: extra compressed data
libpng warning: iCCP: known incorrect sRGB profile
libpng warning: iCCP: cHRM chunk does not match sRGB
libpng warning: iCCP: extra compressed data
libpng warning: iCCP: extra compressed data
libpng warning: iCCP: extra compressed data
libpng warning: iCCP: extra compressed data
libpng warning: iCCP: extra compressed data
libpng warning: iCCP: extra compressed data
libpng warning: iCCP: extra compressed data
libpng warning: iCCP: extra compressed data
libpng warning: iCCP: extra compressed data
libpng warning: iCCP: extra compressed data
libpng warning: iCCP: extra compressed data
libpng warning: iCCP: extra compressed data
libpng warning: iCCP: extra compressed data
libpng warning: iCCP: extra compressed data
libpng warning: iCCP: extra compressed data
libpng warning: iCCP: extra compressed data
libpng warning: iCCP: extra compressed data
libpng warning: iCCP: extra compressed data
libpng warning: iCCP: extra compressed data
libpng warning: iCCP: extra compressed data
libpng warning: iCCP: extra compressed data
libpng warning: iCCP: extra compressed data
epoch: 37 step: 2694, loss is 0.0011433169
libpng warning: iCCP: extra compressed data
libpng warning: iCCP: extra compressed data
libpng warning: iCCP: extra compressed data
libpng warning: iCCP: extra compressed data
libpng warning: iCCP: extra compressed data
libpng warning: iCCP: extra compressed data
libpng warning: iCCP: extra compressed data
libpng warning: iCCP: extra compressed data
libpng warning: iCCP: extra compressed data
libpng warning: iCCP: extra compressed data
libpng warning: iCCP: extra compressed data
libpng warning: iCCP: extra compressed data
libpng warning: iCCP: extra compressed data
libpng warning: iCCP: extra compressed data
libpng warning: iCCP: extra compressed data
libpng warning: iCCP: extra compressed data
libpng warning: iCCP: extra compressed data
libpng warning: iCCP: extra compressed data
libpng warning: iCCP: known incorrect sRGB profile
libpng warning: iCCP: cHRM chunk does not match sRGB
libpng warning: iCCP: extra compressed data
libpng warning: iCCP: extra compressed data
libpng warning: iCCP: extra compressed data
libpng warning: iCCP: extra compressed data
libpng warning: iCCP: extra compressed data
libpng warning: iCCP: extra compressed data
libpng warning: iCCP: extra compressed data
libpng warning: iCCP: extra compressed data
libpng warning: iCCP: extra compressed data
libpng warning: iCCP: extra compressed data
libpng warning: iCCP: extra compressed data
libpng warning: iCCP: extra compressed data
libpng warning: iCCP: extra compressed data
libpng warning: iCCP: extra compressed data
libpng warning: iCCP: extra compressed data
libpng warning: iCCP: extra compressed data
libpng warning: iCCP: extra compressed data
libpng warning: iCCP: extra compressed data
libpng warning: iCCP: extra compressed data
libpng warning: iCCP: extra compressed data
libpng warning: iCCP: extra compressed data
libpng warning: iCCP: known incorrect sRGB profile
libpng warning: iCCP: cHRM chunk does not match sRGB
libpng warning: iCCP: extra compressed data
libpng warning: iCCP: extra compressed data
libpng warning: iCCP: extra compressed data
libpng warning: iCCP: extra compressed data
libpng warning: iCCP: extra compressed data
epoch: 38 step: 2694, loss is 0.00028865223
libpng warning: iCCP: extra compressed data
libpng warning: iCCP: extra compressed data
libpng warning: iCCP: extra compressed data
libpng warning: iCCP: extra compressed data
libpng warning: iCCP: extra compressed data
libpng warning: iCCP: extra compressed data
libpng warning: iCCP: extra compressed data
libpng warning: iCCP: extra compressed data
libpng warning: iCCP: extra compressed data
libpng warning: iCCP: extra compressed data
libpng warning: iCCP: extra compressed data
libpng warning: iCCP: known incorrect sRGB profile
libpng warning: iCCP: cHRM chunk does not match sRGB
libpng warning: iCCP: extra compressed data
libpng warning: iCCP: extra compressed data
libpng warning: iCCP: extra compressed data
libpng warning: iCCP: extra compressed data
libpng warning: iCCP: extra compressed data
libpng warning: iCCP: extra compressed data
libpng warning: iCCP: extra compressed data
libpng warning: iCCP: extra compressed data
libpng warning: iCCP: extra compressed data
libpng warning: iCCP: extra compressed data
libpng warning: iCCP: extra compressed data
libpng warning: iCCP: extra compressed data
libpng warning: iCCP: extra compressed data
libpng warning: iCCP: extra compressed data
libpng warning: iCCP: extra compressed data
libpng warning: iCCP: extra compressed data
libpng warning: iCCP: extra compressed data
libpng warning: iCCP: known incorrect sRGB profile
libpng warning: iCCP: cHRM chunk does not match sRGB
libpng warning: iCCP: extra compressed data
libpng warning: iCCP: extra compressed data
libpng warning: iCCP: extra compressed data
libpng warning: iCCP: extra compressed data
libpng warning: iCCP: extra compressed data
libpng warning: iCCP: extra compressed data
libpng warning: iCCP: extra compressed data
epoch: 39 step: 2694, loss is 9.8981116e-05
libpng warning: iCCP: extra compressed data
libpng warning: iCCP: extra compressed data
libpng warning: iCCP: extra compressed data
libpng warning: iCCP: extra compressed data
libpng warning: iCCP: extra compressed data
libpng warning: iCCP: extra compressed data
libpng warning: iCCP: extra compressed data
libpng warning: iCCP: extra compressed data
libpng warning: iCCP: extra compressed data
libpng warning: iCCP: extra compressed data
libpng warning: iCCP: extra compressed data
libpng warning: iCCP: extra compressed data
libpng warning: iCCP: extra compressed data
libpng warning: iCCP: extra compressed data
libpng warning: iCCP: extra compressed data
libpng warning: iCCP: extra compressed data
libpng warning: iCCP: extra compressed data
libpng warning: iCCP: extra compressed data
libpng warning: iCCP: extra compressed data
libpng warning: iCCP: extra compressed data
