libpng warning: iCCP: extra compressed data
libpng warning: iCCP: extra compressed data
libpng warning: iCCP: extra compressed data
libpng warning: iCCP: extra compressed data
libpng warning: iCCP: extra compressed data
libpng warning: iCCP: extra compressed data
libpng warning: iCCP: extra compressed data
libpng warning: iCCP: extra compressed data
libpng warning: iCCP: extra compressed data
libpng warning: iCCP: extra compressed data
libpng warning: iCCP: extra compressed data
libpng warning: iCCP: extra compressed data
libpng warning: iCCP: extra compressed data
libpng warning: iCCP: extra compressed data
libpng warning: iCCP: extra compressed data
libpng warning: iCCP: extra compressed data
libpng warning: iCCP: extra compressed data
libpng warning: iCCP: extra compressed data
libpng warning: iCCP: extra compressed data
libpng warning: iCCP: extra compressed data
libpng warning: iCCP: extra compressed data
libpng warning: iCCP: extra compressed data
libpng warning: iCCP: known incorrect sRGB profile
libpng warning: iCCP: cHRM chunk does not match sRGB
libpng warning: iCCP: extra compressed data
libpng warning: iCCP: extra compressed data
libpng warning: iCCP: extra compressed data
libpng warning: iCCP: extra compressed data
libpng warning: iCCP: extra compressed data
libpng warning: iCCP: extra compressed data
libpng warning: iCCP: extra compressed data
libpng warning: iCCP: extra compressed data
libpng warning: iCCP: extra compressed data
libpng warning: iCCP: extra compressed data
libpng warning: iCCP: extra compressed data
libpng warning: iCCP: extra compressed data
libpng warning: iCCP: extra compressed data
libpng warning: iCCP: extra compressed data
libpng warning: iCCP: extra compressed data
libpng warning: iCCP: extra compressed data
libpng warning: iCCP: extra compressed data
libpng warning: iCCP: known incorrect sRGB profile
libpng warning: iCCP: cHRM chunk does not match sRGB
libpng warning: iCCP: extra compressed data
libpng warning: iCCP: extra compressed data
libpng warning: iCCP: extra compressed data
libpng warning: iCCP: extra compressed data
libpng warning: iCCP: extra compressed data
Checking /home/twang/.mscache/mindspore/ascend/1.2/resnet50thorcp_v1.2_imagenet2012.md...[1;32mPassed![0m
Checking /home/twang/.mscache/mindspore/ascend/1.2/resnet50thorcp_v1.2_imagenet2012.md...[1;32mPassed![0m
epoch: 1 step: 2619, loss is 2.7828186
libpng warning: iCCP: known incorrect sRGB profile
libpng warning: iCCP: cHRM chunk does not match sRGB
libpng warning: iCCP: extra compressed data
libpng warning: iCCP: extra compressed data
libpng warning: iCCP: extra compressed data
libpng warning: iCCP: extra compressed data
libpng warning: iCCP: extra compressed data
libpng warning: iCCP: extra compressed data
libpng warning: iCCP: extra compressed data
libpng warning: iCCP: extra compressed data
libpng warning: iCCP: extra compressed data
libpng warning: iCCP: extra compressed data
libpng warning: iCCP: extra compressed data
libpng warning: iCCP: extra compressed data
libpng warning: iCCP: extra compressed data
libpng warning: iCCP: extra compressed data
libpng warning: iCCP: extra compressed data
libpng warning: iCCP: known incorrect sRGB profile
libpng warning: iCCP: cHRM chunk does not match sRGB
libpng warning: iCCP: extra compressed data
libpng warning: iCCP: extra compressed data
libpng warning: iCCP: extra compressed data
libpng warning: iCCP: extra compressed data
libpng warning: iCCP: extra compressed data
libpng warning: iCCP: extra compressed data
libpng warning: iCCP: extra compressed data
libpng warning: iCCP: extra compressed data
libpng warning: iCCP: extra compressed data
libpng warning: iCCP: extra compressed data
libpng warning: iCCP: extra compressed data
libpng warning: iCCP: extra compressed data
libpng warning: iCCP: extra compressed data
libpng warning: iCCP: extra compressed data
libpng warning: iCCP: extra compressed data
libpng warning: iCCP: extra compressed data
libpng warning: iCCP: extra compressed data
libpng warning: iCCP: extra compressed data
libpng warning: iCCP: extra compressed data
libpng warning: iCCP: extra compressed data
libpng warning: iCCP: extra compressed data
libpng warning: iCCP: extra compressed data
libpng warning: iCCP: extra compressed data
libpng warning: iCCP: extra compressed data
libpng warning: iCCP: extra compressed data
libpng warning: iCCP: extra compressed data
libpng warning: iCCP: extra compressed data
epoch: 2 step: 2619, loss is 1.7255051
libpng warning: iCCP: extra compressed data
libpng warning: iCCP: extra compressed data
libpng warning: iCCP: extra compressed data
libpng warning: iCCP: extra compressed data
libpng warning: iCCP: extra compressed data
libpng warning: iCCP: extra compressed data
libpng warning: iCCP: extra compressed data
libpng warning: iCCP: extra compressed data
libpng warning: iCCP: extra compressed data
libpng warning: iCCP: extra compressed data
libpng warning: iCCP: extra compressed data
libpng warning: iCCP: extra compressed data
libpng warning: iCCP: extra compressed data
libpng warning: iCCP: known incorrect sRGB profile
libpng warning: iCCP: cHRM chunk does not match sRGB
libpng warning: iCCP: extra compressed data
libpng warning: iCCP: known incorrect sRGB profile
libpng warning: iCCP: cHRM chunk does not match sRGB
libpng warning: iCCP: extra compressed data
libpng warning: iCCP: extra compressed data
libpng warning: iCCP: extra compressed data
libpng warning: iCCP: extra compressed data
libpng warning: iCCP: extra compressed data
libpng warning: iCCP: extra compressed data
libpng warning: iCCP: extra compressed data
libpng warning: iCCP: extra compressed data
libpng warning: iCCP: extra compressed data
libpng warning: iCCP: extra compressed data
libpng warning: iCCP: extra compressed data
libpng warning: iCCP: extra compressed data
libpng warning: iCCP: extra compressed data
libpng warning: iCCP: extra compressed data
libpng warning: iCCP: extra compressed data
libpng warning: iCCP: extra compressed data
libpng warning: iCCP: extra compressed data
libpng warning: iCCP: extra compressed data
libpng warning: iCCP: extra compressed data
libpng warning: iCCP: extra compressed data
libpng warning: iCCP: extra compressed data
libpng warning: iCCP: extra compressed data
libpng warning: iCCP: extra compressed data
libpng warning: iCCP: extra compressed data
libpng warning: iCCP: known incorrect sRGB profile
libpng warning: iCCP: cHRM chunk does not match sRGB
epoch: 3 step: 2619, loss is 0.1145291
libpng warning: iCCP: extra compressed data
libpng warning: iCCP: extra compressed data
libpng warning: iCCP: extra compressed data
libpng warning: iCCP: extra compressed data
libpng warning: iCCP: extra compressed data
libpng warning: iCCP: extra compressed data
libpng warning: iCCP: extra compressed data
libpng warning: iCCP: extra compressed data
libpng warning: iCCP: extra compressed data
libpng warning: iCCP: extra compressed data
libpng warning: iCCP: extra compressed data
libpng warning: iCCP: extra compressed data
libpng warning: iCCP: extra compressed data
libpng warning: iCCP: extra compressed data
libpng warning: iCCP: extra compressed data
libpng warning: iCCP: extra compressed data
libpng warning: iCCP: extra compressed data
libpng warning: iCCP: extra compressed data
libpng warning: iCCP: extra compressed data
libpng warning: iCCP: extra compressed data
libpng warning: iCCP: extra compressed data
libpng warning: iCCP: extra compressed data
libpng warning: iCCP: extra compressed data
libpng warning: iCCP: extra compressed data
libpng warning: iCCP: extra compressed data
libpng warning: iCCP: extra compressed data
libpng warning: iCCP: extra compressed data
libpng warning: iCCP: extra compressed data
libpng warning: iCCP: extra compressed data
libpng warning: iCCP: extra compressed data
libpng warning: iCCP: extra compressed data
libpng warning: iCCP: extra compressed data
libpng warning: iCCP: extra compressed data
libpng warning: iCCP: extra compressed data
libpng warning: iCCP: extra compressed data
libpng warning: iCCP: extra compressed data
libpng warning: iCCP: known incorrect sRGB profile
libpng warning: iCCP: cHRM chunk does not match sRGB
libpng warning: iCCP: extra compressed data
libpng warning: iCCP: extra compressed data
libpng warning: iCCP: extra compressed data
libpng warning: iCCP: extra compressed data
libpng warning: iCCP: extra compressed data
libpng warning: iCCP: extra compressed data
epoch: 4 step: 2619, loss is 1.7557516
libpng warning: iCCP: extra compressed data
libpng warning: iCCP: extra compressed data
libpng warning: iCCP: extra compressed data
libpng warning: iCCP: extra compressed data
libpng warning: iCCP: extra compressed data
libpng warning: iCCP: extra compressed data
libpng warning: iCCP: extra compressed data
libpng warning: iCCP: extra compressed data
libpng warning: iCCP: extra compressed data
libpng warning: iCCP: extra compressed data
libpng warning: iCCP: extra compressed data
libpng warning: iCCP: extra compressed data
libpng warning: iCCP: known incorrect sRGB profile
libpng warning: iCCP: cHRM chunk does not match sRGB
libpng warning: iCCP: extra compressed data
libpng warning: iCCP: extra compressed data
libpng warning: iCCP: extra compressed data
libpng warning: iCCP: extra compressed data
libpng warning: iCCP: extra compressed data
libpng warning: iCCP: extra compressed data
libpng warning: iCCP: extra compressed data
libpng warning: iCCP: extra compressed data
libpng warning: iCCP: extra compressed data
libpng warning: iCCP: extra compressed data
libpng warning: iCCP: extra compressed data
libpng warning: iCCP: extra compressed data
libpng warning: iCCP: extra compressed data
libpng warning: iCCP: extra compressed data
libpng warning: iCCP: extra compressed data
libpng warning: iCCP: extra compressed data
libpng warning: iCCP: known incorrect sRGB profile
libpng warning: iCCP: cHRM chunk does not match sRGB
libpng warning: iCCP: extra compressed data
libpng warning: iCCP: extra compressed data
libpng warning: iCCP: extra compressed data
libpng warning: iCCP: extra compressed data
libpng warning: iCCP: extra compressed data
libpng warning: iCCP: extra compressed data
libpng warning: iCCP: extra compressed data
libpng warning: iCCP: extra compressed data
libpng warning: iCCP: extra compressed data
libpng warning: iCCP: extra compressed data
libpng warning: iCCP: extra compressed data
libpng warning: iCCP: extra compressed data
epoch: 5 step: 2619, loss is 0.82578266
libpng warning: iCCP: extra compressed data
libpng warning: iCCP: extra compressed data
libpng warning: iCCP: extra compressed data
libpng warning: iCCP: extra compressed data
libpng warning: iCCP: extra compressed data
libpng warning: iCCP: extra compressed data
libpng warning: iCCP: extra compressed data
libpng warning: iCCP: extra compressed data
libpng warning: iCCP: extra compressed data
libpng warning: iCCP: extra compressed data
libpng warning: iCCP: extra compressed data
libpng warning: iCCP: extra compressed data
libpng warning: iCCP: extra compressed data
libpng warning: iCCP: extra compressed data
libpng warning: iCCP: extra compressed data
libpng warning: iCCP: extra compressed data
libpng warning: iCCP: extra compressed data
libpng warning: iCCP: known incorrect sRGB profile
libpng warning: iCCP: cHRM chunk does not match sRGB
libpng warning: iCCP: extra compressed data
libpng warning: iCCP: extra compressed data
libpng warning: iCCP: extra compressed data
libpng warning: iCCP: extra compressed data
libpng warning: iCCP: extra compressed data
libpng warning: iCCP: extra compressed data
libpng warning: iCCP: extra compressed data
libpng warning: iCCP: extra compressed data
libpng warning: iCCP: extra compressed data
libpng warning: iCCP: extra compressed data
libpng warning: iCCP: extra compressed data
libpng warning: iCCP: extra compressed data
libpng warning: iCCP: extra compressed data
libpng warning: iCCP: extra compressed data
libpng warning: iCCP: known incorrect sRGB profile
libpng warning: iCCP: cHRM chunk does not match sRGB
libpng warning: iCCP: extra compressed data
libpng warning: iCCP: extra compressed data
libpng warning: iCCP: extra compressed data
libpng warning: iCCP: extra compressed data
libpng warning: iCCP: extra compressed data
libpng warning: iCCP: extra compressed data
libpng warning: iCCP: extra compressed data
libpng warning: iCCP: extra compressed data
libpng warning: iCCP: extra compressed data
epoch: 6 step: 2619, loss is 1.5105639
libpng warning: iCCP: extra compressed data
libpng warning: iCCP: extra compressed data
libpng warning: iCCP: extra compressed data
libpng warning: iCCP: extra compressed data
libpng warning: iCCP: extra compressed data
libpng warning: iCCP: extra compressed data
libpng warning: iCCP: extra compressed data
libpng warning: iCCP: extra compressed data
libpng warning: iCCP: extra compressed data
libpng warning: iCCP: extra compressed data
libpng warning: iCCP: extra compressed data
libpng warning: iCCP: extra compressed data
libpng warning: iCCP: extra compressed data
libpng warning: iCCP: extra compressed data
libpng warning: iCCP: extra compressed data
libpng warning: iCCP: extra compressed data
libpng warning: iCCP: extra compressed data
libpng warning: iCCP: known incorrect sRGB profile
libpng warning: iCCP: cHRM chunk does not match sRGB
libpng warning: iCCP: extra compressed data
libpng warning: iCCP: extra compressed data
libpng warning: iCCP: extra compressed data
libpng warning: iCCP: extra compressed data
libpng warning: iCCP: extra compressed data
libpng warning: iCCP: extra compressed data
libpng warning: iCCP: extra compressed data
libpng warning: iCCP: extra compressed data
libpng warning: iCCP: extra compressed data
libpng warning: iCCP: extra compressed data
libpng warning: iCCP: extra compressed data
libpng warning: iCCP: extra compressed data
libpng warning: iCCP: extra compressed data
libpng warning: iCCP: known incorrect sRGB profile
libpng warning: iCCP: cHRM chunk does not match sRGB
libpng warning: iCCP: extra compressed data
libpng warning: iCCP: extra compressed data
libpng warning: iCCP: extra compressed data
libpng warning: iCCP: extra compressed data
libpng warning: iCCP: extra compressed data
libpng warning: iCCP: extra compressed data
epoch: 7 step: 2619, loss is 0.7414407
libpng warning: iCCP: extra compressed data
libpng warning: iCCP: extra compressed data
libpng warning: iCCP: extra compressed data
libpng warning: iCCP: extra compressed data
libpng warning: iCCP: extra compressed data
libpng warning: iCCP: extra compressed data
libpng warning: iCCP: extra compressed data
libpng warning: iCCP: known incorrect sRGB profile
libpng warning: iCCP: cHRM chunk does not match sRGB
libpng warning: iCCP: extra compressed data
libpng warning: iCCP: extra compressed data
libpng warning: iCCP: extra compressed data
libpng warning: iCCP: extra compressed data
libpng warning: iCCP: extra compressed data
libpng warning: iCCP: extra compressed data
libpng warning: iCCP: extra compressed data
libpng warning: iCCP: extra compressed data
libpng warning: iCCP: extra compressed data
libpng warning: iCCP: extra compressed data
libpng warning: iCCP: extra compressed data
libpng warning: iCCP: extra compressed data
libpng warning: iCCP: extra compressed data
libpng warning: iCCP: extra compressed data
libpng warning: iCCP: extra compressed data
libpng warning: iCCP: extra compressed data
libpng warning: iCCP: extra compressed data
libpng warning: iCCP: extra compressed data
libpng warning: iCCP: extra compressed data
libpng warning: iCCP: extra compressed data
libpng warning: iCCP: extra compressed data
libpng warning: iCCP: known incorrect sRGB profile
libpng warning: iCCP: cHRM chunk does not match sRGB
libpng warning: iCCP: extra compressed data
libpng warning: iCCP: extra compressed data
libpng warning: iCCP: extra compressed data
libpng warning: iCCP: extra compressed data
libpng warning: iCCP: extra compressed data
libpng warning: iCCP: extra compressed data
libpng warning: iCCP: extra compressed data
libpng warning: iCCP: extra compressed data
libpng warning: iCCP: extra compressed data
libpng warning: iCCP: extra compressed data
libpng warning: iCCP: extra compressed data
libpng warning: iCCP: extra compressed data
libpng warning: iCCP: extra compressed data
libpng warning: iCCP: extra compressed data
epoch: 8 step: 2619, loss is 1.267493
libpng warning: iCCP: extra compressed data
libpng warning: iCCP: extra compressed data
libpng warning: iCCP: extra compressed data
libpng warning: iCCP: extra compressed data
libpng warning: iCCP: extra compressed data
libpng warning: iCCP: extra compressed data
libpng warning: iCCP: known incorrect sRGB profile
libpng warning: iCCP: cHRM chunk does not match sRGB
libpng warning: iCCP: extra compressed data
libpng warning: iCCP: extra compressed data
libpng warning: iCCP: extra compressed data
libpng warning: iCCP: extra compressed data
libpng warning: iCCP: extra compressed data
libpng warning: iCCP: extra compressed data
libpng warning: iCCP: extra compressed data
libpng warning: iCCP: extra compressed data
libpng warning: iCCP: extra compressed data
libpng warning: iCCP: extra compressed data
libpng warning: iCCP: extra compressed data
libpng warning: iCCP: extra compressed data
libpng warning: iCCP: extra compressed data
libpng warning: iCCP: extra compressed data
libpng warning: iCCP: extra compressed data
libpng warning: iCCP: extra compressed data
libpng warning: iCCP: extra compressed data
libpng warning: iCCP: extra compressed data
libpng warning: iCCP: extra compressed data
libpng warning: iCCP: extra compressed data
libpng warning: iCCP: extra compressed data
libpng warning: iCCP: known incorrect sRGB profile
libpng warning: iCCP: cHRM chunk does not match sRGB
libpng warning: iCCP: extra compressed data
libpng warning: iCCP: extra compressed data
libpng warning: iCCP: extra compressed data
libpng warning: iCCP: extra compressed data
libpng warning: iCCP: extra compressed data
libpng warning: iCCP: extra compressed data
libpng warning: iCCP: extra compressed data
libpng warning: iCCP: extra compressed data
libpng warning: iCCP: extra compressed data
libpng warning: iCCP: extra compressed data
libpng warning: iCCP: extra compressed data
libpng warning: iCCP: extra compressed data
libpng warning: iCCP: known incorrect sRGB profile
libpng warning: iCCP: cHRM chunk does not match sRGB
epoch: 9 step: 2619, loss is 0.8734648
libpng warning: iCCP: extra compressed data
libpng warning: iCCP: extra compressed data
libpng warning: iCCP: extra compressed data
libpng warning: iCCP: extra compressed data
libpng warning: iCCP: known incorrect sRGB profile
libpng warning: iCCP: cHRM chunk does not match sRGB
libpng warning: iCCP: extra compressed data
libpng warning: iCCP: extra compressed data
libpng warning: iCCP: extra compressed data
libpng warning: iCCP: extra compressed data
libpng warning: iCCP: extra compressed data
libpng warning: iCCP: extra compressed data
libpng warning: iCCP: extra compressed data
libpng warning: iCCP: extra compressed data
libpng warning: iCCP: extra compressed data
libpng warning: iCCP: extra compressed data
libpng warning: iCCP: extra compressed data
libpng warning: iCCP: extra compressed data
libpng warning: iCCP: extra compressed data
libpng warning: iCCP: extra compressed data
libpng warning: iCCP: extra compressed data
libpng warning: iCCP: extra compressed data
libpng warning: iCCP: extra compressed data
libpng warning: iCCP: extra compressed data
libpng warning: iCCP: extra compressed data
libpng warning: iCCP: extra compressed data
libpng warning: iCCP: extra compressed data
libpng warning: iCCP: extra compressed data
libpng warning: iCCP: extra compressed data
libpng warning: iCCP: extra compressed data
libpng warning: iCCP: extra compressed data
libpng warning: iCCP: extra compressed data
libpng warning: iCCP: extra compressed data
libpng warning: iCCP: extra compressed data
libpng warning: iCCP: extra compressed data
libpng warning: iCCP: extra compressed data
libpng warning: iCCP: extra compressed data
libpng warning: iCCP: extra compressed data
libpng warning: iCCP: extra compressed data
libpng warning: iCCP: extra compressed data
libpng warning: iCCP: known incorrect sRGB profile
libpng warning: iCCP: cHRM chunk does not match sRGB
libpng warning: iCCP: extra compressed data
libpng warning: iCCP: extra compressed data
libpng warning: iCCP: extra compressed data
libpng warning: iCCP: extra compressed data
libpng warning: iCCP: extra compressed data
libpng warning: iCCP: extra compressed data
epoch: 10 step: 2619, loss is 1.2334177
libpng warning: iCCP: extra compressed data
libpng warning: iCCP: extra compressed data
libpng warning: iCCP: extra compressed data
libpng warning: iCCP: extra compressed data
libpng warning: iCCP: extra compressed data
libpng warning: iCCP: extra compressed data
libpng warning: iCCP: extra compressed data
libpng warning: iCCP: extra compressed data
libpng warning: iCCP: extra compressed data
libpng warning: iCCP: extra compressed data
libpng warning: iCCP: extra compressed data
libpng warning: iCCP: extra compressed data
libpng warning: iCCP: extra compressed data
libpng warning: iCCP: extra compressed data
libpng warning: iCCP: extra compressed data
libpng warning: iCCP: extra compressed data
libpng warning: iCCP: extra compressed data
libpng warning: iCCP: extra compressed data
libpng warning: iCCP: extra compressed data
libpng warning: iCCP: extra compressed data
libpng warning: iCCP: extra compressed data
libpng warning: iCCP: extra compressed data
libpng warning: iCCP: extra compressed data
libpng warning: iCCP: extra compressed data
libpng warning: iCCP: extra compressed data
libpng warning: iCCP: extra compressed data
libpng warning: iCCP: extra compressed data
libpng warning: iCCP: known incorrect sRGB profile
libpng warning: iCCP: cHRM chunk does not match sRGB
libpng warning: iCCP: extra compressed data
libpng warning: iCCP: extra compressed data
libpng warning: iCCP: extra compressed data
libpng warning: iCCP: extra compressed data
libpng warning: iCCP: extra compressed data
libpng warning: iCCP: extra compressed data
libpng warning: iCCP: extra compressed data
libpng warning: iCCP: extra compressed data
libpng warning: iCCP: extra compressed data
epoch: 11 step: 2619, loss is 1.3236434
libpng warning: iCCP: extra compressed data
libpng warning: iCCP: extra compressed data
libpng warning: iCCP: extra compressed data
libpng warning: iCCP: extra compressed data
libpng warning: iCCP: extra compressed data
libpng warning: iCCP: extra compressed data
libpng warning: iCCP: extra compressed data
libpng warning: iCCP: extra compressed data
libpng warning: iCCP: extra compressed data
libpng warning: iCCP: extra compressed data
libpng warning: iCCP: extra compressed data
libpng warning: iCCP: extra compressed data
libpng warning: iCCP: extra compressed data
libpng warning: iCCP: extra compressed data
libpng warning: iCCP: extra compressed data
libpng warning: iCCP: extra compressed data
libpng warning: iCCP: extra compressed data
libpng warning: iCCP: extra compressed data
libpng warning: iCCP: extra compressed data
libpng warning: iCCP: extra compressed data
libpng warning: iCCP: extra compressed data
libpng warning: iCCP: extra compressed data
libpng warning: iCCP: extra compressed data
libpng warning: iCCP: extra compressed data
libpng warning: iCCP: extra compressed data
libpng warning: iCCP: extra compressed data
libpng warning: iCCP: extra compressed data
libpng warning: iCCP: known incorrect sRGB profile
libpng warning: iCCP: cHRM chunk does not match sRGB
libpng warning: iCCP: extra compressed data
libpng warning: iCCP: extra compressed data
libpng warning: iCCP: extra compressed data
libpng warning: iCCP: extra compressed data
libpng warning: iCCP: extra compressed data
libpng warning: iCCP: extra compressed data
libpng warning: iCCP: extra compressed data
libpng warning: iCCP: extra compressed data
libpng warning: iCCP: extra compressed data
libpng warning: iCCP: extra compressed data
libpng warning: iCCP: known incorrect sRGB profile
libpng warning: iCCP: cHRM chunk does not match sRGB
libpng warning: iCCP: extra compressed data
libpng warning: iCCP: extra compressed data
libpng warning: iCCP: extra compressed data
libpng warning: iCCP: extra compressed data
epoch: 12 step: 2619, loss is 1.1938816
libpng warning: iCCP: extra compressed data
libpng warning: iCCP: extra compressed data
libpng warning: iCCP: extra compressed data
libpng warning: iCCP: extra compressed data
libpng warning: iCCP: extra compressed data
libpng warning: iCCP: extra compressed data
libpng warning: iCCP: extra compressed data
libpng warning: iCCP: extra compressed data
libpng warning: iCCP: extra compressed data
libpng warning: iCCP: extra compressed data
libpng warning: iCCP: extra compressed data
libpng warning: iCCP: extra compressed data
libpng warning: iCCP: extra compressed data
libpng warning: iCCP: extra compressed data
libpng warning: iCCP: extra compressed data
libpng warning: iCCP: extra compressed data
libpng warning: iCCP: known incorrect sRGB profile
libpng warning: iCCP: cHRM chunk does not match sRGB
libpng warning: iCCP: extra compressed data
libpng warning: iCCP: extra compressed data
libpng warning: iCCP: extra compressed data
libpng warning: iCCP: extra compressed data
libpng warning: iCCP: extra compressed data
libpng warning: iCCP: extra compressed data
libpng warning: iCCP: extra compressed data
libpng warning: iCCP: extra compressed data
libpng warning: iCCP: extra compressed data
libpng warning: iCCP: extra compressed data
libpng warning: iCCP: extra compressed data
libpng warning: iCCP: extra compressed data
libpng warning: iCCP: extra compressed data
libpng warning: iCCP: extra compressed data
libpng warning: iCCP: extra compressed data
libpng warning: iCCP: extra compressed data
libpng warning: iCCP: extra compressed data
libpng warning: iCCP: known incorrect sRGB profile
libpng warning: iCCP: cHRM chunk does not match sRGB
libpng warning: iCCP: extra compressed data
libpng warning: iCCP: extra compressed data
libpng warning: iCCP: extra compressed data
libpng warning: iCCP: extra compressed data
libpng warning: iCCP: extra compressed data
libpng warning: iCCP: extra compressed data
epoch: 13 step: 2619, loss is 0.15915996
libpng warning: iCCP: extra compressed data
libpng warning: iCCP: extra compressed data
libpng warning: iCCP: extra compressed data
libpng warning: iCCP: extra compressed data
libpng warning: iCCP: extra compressed data
libpng warning: iCCP: extra compressed data
libpng warning: iCCP: extra compressed data
libpng warning: iCCP: extra compressed data
libpng warning: iCCP: extra compressed data
libpng warning: iCCP: extra compressed data
libpng warning: iCCP: extra compressed data
libpng warning: iCCP: extra compressed data
libpng warning: iCCP: extra compressed data
libpng warning: iCCP: extra compressed data
libpng warning: iCCP: extra compressed data
libpng warning: iCCP: extra compressed data
libpng warning: iCCP: extra compressed data
libpng warning: iCCP: extra compressed data
libpng warning: iCCP: extra compressed data
libpng warning: iCCP: extra compressed data
libpng warning: iCCP: known incorrect sRGB profile
libpng warning: iCCP: cHRM chunk does not match sRGB
libpng warning: iCCP: extra compressed data
libpng warning: iCCP: extra compressed data
libpng warning: iCCP: extra compressed data
libpng warning: iCCP: extra compressed data
libpng warning: iCCP: extra compressed data
libpng warning: iCCP: extra compressed data
libpng warning: iCCP: extra compressed data
libpng warning: iCCP: extra compressed data
libpng warning: iCCP: extra compressed data
libpng warning: iCCP: extra compressed data
libpng warning: iCCP: extra compressed data
libpng warning: iCCP: extra compressed data
libpng warning: iCCP: extra compressed data
libpng warning: iCCP: extra compressed data
libpng warning: iCCP: extra compressed data
libpng warning: iCCP: extra compressed data
libpng warning: iCCP: extra compressed data
libpng warning: iCCP: extra compressed data
libpng warning: iCCP: known incorrect sRGB profile
libpng warning: iCCP: cHRM chunk does not match sRGB
libpng warning: iCCP: extra compressed data
libpng warning: iCCP: extra compressed data
libpng warning: iCCP: extra compressed data
epoch: 14 step: 2619, loss is 1.1960799
libpng warning: iCCP: extra compressed data
libpng warning: iCCP: extra compressed data
libpng warning: iCCP: extra compressed data
libpng warning: iCCP: known incorrect sRGB profile
libpng warning: iCCP: cHRM chunk does not match sRGB
libpng warning: iCCP: extra compressed data
libpng warning: iCCP: extra compressed data
libpng warning: iCCP: extra compressed data
libpng warning: iCCP: extra compressed data
libpng warning: iCCP: known incorrect sRGB profile
libpng warning: iCCP: cHRM chunk does not match sRGB
libpng warning: iCCP: extra compressed data
libpng warning: iCCP: extra compressed data
libpng warning: iCCP: extra compressed data
libpng warning: iCCP: extra compressed data
libpng warning: iCCP: extra compressed data
libpng warning: iCCP: extra compressed data
libpng warning: iCCP: extra compressed data
libpng warning: iCCP: extra compressed data
libpng warning: iCCP: extra compressed data
libpng warning: iCCP: extra compressed data
libpng warning: iCCP: extra compressed data
libpng warning: iCCP: extra compressed data
libpng warning: iCCP: extra compressed data
libpng warning: iCCP: extra compressed data
libpng warning: iCCP: extra compressed data
libpng warning: iCCP: extra compressed data
libpng warning: iCCP: extra compressed data
libpng warning: iCCP: extra compressed data
libpng warning: iCCP: extra compressed data
libpng warning: iCCP: extra compressed data
libpng warning: iCCP: extra compressed data
libpng warning: iCCP: extra compressed data
libpng warning: iCCP: extra compressed data
libpng warning: iCCP: extra compressed data
libpng warning: iCCP: extra compressed data
libpng warning: iCCP: extra compressed data
libpng warning: iCCP: extra compressed data
libpng warning: iCCP: extra compressed data
libpng warning: iCCP: extra compressed data
libpng warning: iCCP: extra compressed data
libpng warning: iCCP: extra compressed data
libpng warning: iCCP: extra compressed data
epoch: 15 step: 2619, loss is 0.91952187
libpng warning: iCCP: extra compressed data
libpng warning: iCCP: extra compressed data
libpng warning: iCCP: extra compressed data
libpng warning: iCCP: extra compressed data
libpng warning: iCCP: extra compressed data
libpng warning: iCCP: known incorrect sRGB profile
libpng warning: iCCP: cHRM chunk does not match sRGB
libpng warning: iCCP: extra compressed data
libpng warning: iCCP: extra compressed data
libpng warning: iCCP: extra compressed data
libpng warning: iCCP: extra compressed data
libpng warning: iCCP: extra compressed data
libpng warning: iCCP: extra compressed data
libpng warning: iCCP: extra compressed data
libpng warning: iCCP: extra compressed data
libpng warning: iCCP: extra compressed data
libpng warning: iCCP: extra compressed data
libpng warning: iCCP: extra compressed data
libpng warning: iCCP: extra compressed data
libpng warning: iCCP: extra compressed data
libpng warning: iCCP: extra compressed data
libpng warning: iCCP: extra compressed data
libpng warning: iCCP: extra compressed data
libpng warning: iCCP: extra compressed data
libpng warning: iCCP: extra compressed data
libpng warning: iCCP: extra compressed data
libpng warning: iCCP: extra compressed data
libpng warning: iCCP: extra compressed data
libpng warning: iCCP: extra compressed data
libpng warning: iCCP: extra compressed data
libpng warning: iCCP: known incorrect sRGB profile
libpng warning: iCCP: cHRM chunk does not match sRGB
libpng warning: iCCP: extra compressed data
libpng warning: iCCP: extra compressed data
libpng warning: iCCP: extra compressed data
libpng warning: iCCP: extra compressed data
libpng warning: iCCP: extra compressed data
libpng warning: iCCP: extra compressed data
libpng warning: iCCP: extra compressed data
libpng warning: iCCP: extra compressed data
libpng warning: iCCP: extra compressed data
libpng warning: iCCP: extra compressed data
libpng warning: iCCP: extra compressed data
libpng warning: iCCP: extra compressed data
libpng warning: iCCP: extra compressed data
libpng warning: iCCP: extra compressed data
libpng warning: iCCP: extra compressed data
epoch: 16 step: 2619, loss is 1.2760603
libpng warning: iCCP: extra compressed data
libpng warning: iCCP: extra compressed data
libpng warning: iCCP: extra compressed data
libpng warning: iCCP: extra compressed data
libpng warning: iCCP: extra compressed data
libpng warning: iCCP: extra compressed data
libpng warning: iCCP: extra compressed data
libpng warning: iCCP: extra compressed data
libpng warning: iCCP: known incorrect sRGB profile
libpng warning: iCCP: cHRM chunk does not match sRGB
libpng warning: iCCP: extra compressed data
libpng warning: iCCP: extra compressed data
libpng warning: iCCP: known incorrect sRGB profile
libpng warning: iCCP: cHRM chunk does not match sRGB
libpng warning: iCCP: extra compressed data
libpng warning: iCCP: extra compressed data
libpng warning: iCCP: extra compressed data
libpng warning: iCCP: extra compressed data
libpng warning: iCCP: extra compressed data
libpng warning: iCCP: extra compressed data
libpng warning: iCCP: extra compressed data
libpng warning: iCCP: extra compressed data
libpng warning: iCCP: extra compressed data
libpng warning: iCCP: extra compressed data
libpng warning: iCCP: extra compressed data
libpng warning: iCCP: extra compressed data
libpng warning: iCCP: extra compressed data
libpng warning: iCCP: extra compressed data
libpng warning: iCCP: extra compressed data
libpng warning: iCCP: extra compressed data
libpng warning: iCCP: extra compressed data
libpng warning: iCCP: extra compressed data
libpng warning: iCCP: extra compressed data
libpng warning: iCCP: extra compressed data
libpng warning: iCCP: extra compressed data
libpng warning: iCCP: extra compressed data
libpng warning: iCCP: extra compressed data
libpng warning: iCCP: extra compressed data
libpng warning: iCCP: extra compressed data
libpng warning: iCCP: extra compressed data
libpng warning: iCCP: extra compressed data
libpng warning: iCCP: extra compressed data
libpng warning: iCCP: extra compressed data
libpng warning: iCCP: extra compressed data
libpng warning: iCCP: extra compressed data
libpng warning: iCCP: extra compressed data
epoch: 17 step: 2619, loss is 0.17261536
libpng warning: iCCP: extra compressed data
libpng warning: iCCP: extra compressed data
libpng warning: iCCP: extra compressed data
libpng warning: iCCP: extra compressed data
libpng warning: iCCP: extra compressed data
libpng warning: iCCP: extra compressed data
libpng warning: iCCP: extra compressed data
libpng warning: iCCP: extra compressed data
libpng warning: iCCP: extra compressed data
libpng warning: iCCP: extra compressed data
libpng warning: iCCP: extra compressed data
libpng warning: iCCP: extra compressed data
libpng warning: iCCP: extra compressed data
libpng warning: iCCP: extra compressed data
libpng warning: iCCP: extra compressed data
libpng warning: iCCP: known incorrect sRGB profile
libpng warning: iCCP: cHRM chunk does not match sRGB
libpng warning: iCCP: extra compressed data
libpng warning: iCCP: extra compressed data
libpng warning: iCCP: extra compressed data
libpng warning: iCCP: extra compressed data
libpng warning: iCCP: extra compressed data
libpng warning: iCCP: known incorrect sRGB profile
libpng warning: iCCP: cHRM chunk does not match sRGB
libpng warning: iCCP: extra compressed data
libpng warning: iCCP: extra compressed data
libpng warning: iCCP: extra compressed data
libpng warning: iCCP: extra compressed data
libpng warning: iCCP: extra compressed data
libpng warning: iCCP: extra compressed data
libpng warning: iCCP: extra compressed data
libpng warning: iCCP: extra compressed data
libpng warning: iCCP: extra compressed data
libpng warning: iCCP: extra compressed data
libpng warning: iCCP: extra compressed data
libpng warning: iCCP: extra compressed data
libpng warning: iCCP: extra compressed data
libpng warning: iCCP: known incorrect sRGB profile
libpng warning: iCCP: cHRM chunk does not match sRGB
libpng warning: iCCP: extra compressed data
libpng warning: iCCP: extra compressed data
libpng warning: iCCP: extra compressed data
epoch: 18 step: 2619, loss is 0.986186
libpng warning: iCCP: extra compressed data
libpng warning: iCCP: extra compressed data
libpng warning: iCCP: extra compressed data
libpng warning: iCCP: extra compressed data
libpng warning: iCCP: extra compressed data
libpng warning: iCCP: extra compressed data
libpng warning: iCCP: extra compressed data
libpng warning: iCCP: extra compressed data
libpng warning: iCCP: extra compressed data
libpng warning: iCCP: extra compressed data
libpng warning: iCCP: extra compressed data
libpng warning: iCCP: extra compressed data
libpng warning: iCCP: extra compressed data
libpng warning: iCCP: extra compressed data
libpng warning: iCCP: extra compressed data
libpng warning: iCCP: extra compressed data
libpng warning: iCCP: extra compressed data
libpng warning: iCCP: extra compressed data
libpng warning: iCCP: extra compressed data
libpng warning: iCCP: extra compressed data
libpng warning: iCCP: extra compressed data
libpng warning: iCCP: extra compressed data
libpng warning: iCCP: extra compressed data
libpng warning: iCCP: extra compressed data
libpng warning: iCCP: extra compressed data
libpng warning: iCCP: extra compressed data
libpng warning: iCCP: extra compressed data
libpng warning: iCCP: extra compressed data
libpng warning: iCCP: extra compressed data
libpng warning: iCCP: extra compressed data
libpng warning: iCCP: extra compressed data
libpng warning: iCCP: extra compressed data
libpng warning: iCCP: extra compressed data
libpng warning: iCCP: extra compressed data
libpng warning: iCCP: extra compressed data
libpng warning: iCCP: extra compressed data
libpng warning: iCCP: known incorrect sRGB profile
libpng warning: iCCP: cHRM chunk does not match sRGB
libpng warning: iCCP: extra compressed data
libpng warning: iCCP: extra compressed data
libpng warning: iCCP: extra compressed data
epoch: 19 step: 2619, loss is 1.1012523
libpng warning: iCCP: extra compressed data
libpng warning: iCCP: extra compressed data
libpng warning: iCCP: extra compressed data
libpng warning: iCCP: extra compressed data
libpng warning: iCCP: extra compressed data
libpng warning: iCCP: known incorrect sRGB profile
libpng warning: iCCP: cHRM chunk does not match sRGB
libpng warning: iCCP: extra compressed data
libpng warning: iCCP: extra compressed data
libpng warning: iCCP: extra compressed data
libpng warning: iCCP: extra compressed data
libpng warning: iCCP: extra compressed data
libpng warning: iCCP: extra compressed data
libpng warning: iCCP: extra compressed data
libpng warning: iCCP: extra compressed data
libpng warning: iCCP: extra compressed data
libpng warning: iCCP: extra compressed data
libpng warning: iCCP: extra compressed data
libpng warning: iCCP: extra compressed data
libpng warning: iCCP: extra compressed data
libpng warning: iCCP: extra compressed data
libpng warning: iCCP: extra compressed data
libpng warning: iCCP: known incorrect sRGB profile
libpng warning: iCCP: cHRM chunk does not match sRGB
libpng warning: iCCP: extra compressed data
libpng warning: iCCP: extra compressed data
libpng warning: iCCP: extra compressed data
libpng warning: iCCP: extra compressed data
libpng warning: iCCP: extra compressed data
libpng warning: iCCP: extra compressed data
libpng warning: iCCP: extra compressed data
libpng warning: iCCP: extra compressed data
libpng warning: iCCP: extra compressed data
libpng warning: iCCP: extra compressed data
libpng warning: iCCP: extra compressed data
libpng warning: iCCP: extra compressed data
libpng warning: iCCP: extra compressed data
libpng warning: iCCP: extra compressed data
libpng warning: iCCP: extra compressed data
libpng warning: iCCP: extra compressed data
libpng warning: iCCP: extra compressed data
libpng warning: iCCP: extra compressed data
libpng warning: iCCP: extra compressed data
libpng warning: iCCP: extra compressed data
epoch: 20 step: 2619, loss is 0.2590882
libpng warning: iCCP: known incorrect sRGB profile
libpng warning: iCCP: cHRM chunk does not match sRGB
libpng warning: iCCP: extra compressed data
libpng warning: iCCP: extra compressed data
libpng warning: iCCP: extra compressed data
libpng warning: iCCP: extra compressed data
libpng warning: iCCP: extra compressed data
libpng warning: iCCP: extra compressed data
libpng warning: iCCP: extra compressed data
libpng warning: iCCP: extra compressed data
libpng warning: iCCP: extra compressed data
libpng warning: iCCP: extra compressed data
libpng warning: iCCP: extra compressed data
libpng warning: iCCP: extra compressed data
libpng warning: iCCP: extra compressed data
libpng warning: iCCP: extra compressed data
libpng warning: iCCP: extra compressed data
libpng warning: iCCP: extra compressed data
libpng warning: iCCP: extra compressed data
libpng warning: iCCP: extra compressed data
libpng warning: iCCP: known incorrect sRGB profile
libpng warning: iCCP: cHRM chunk does not match sRGB
libpng warning: iCCP: extra compressed data
libpng warning: iCCP: extra compressed data
libpng warning: iCCP: extra compressed data
libpng warning: iCCP: extra compressed data
libpng warning: iCCP: extra compressed data
libpng warning: iCCP: extra compressed data
libpng warning: iCCP: extra compressed data
libpng warning: iCCP: extra compressed data
libpng warning: iCCP: extra compressed data
libpng warning: iCCP: extra compressed data
libpng warning: iCCP: extra compressed data
libpng warning: iCCP: extra compressed data
libpng warning: iCCP: extra compressed data
libpng warning: iCCP: extra compressed data
libpng warning: iCCP: extra compressed data
libpng warning: iCCP: extra compressed data
libpng warning: iCCP: extra compressed data
libpng warning: iCCP: extra compressed data
libpng warning: iCCP: extra compressed data
libpng warning: iCCP: extra compressed data
libpng warning: iCCP: extra compressed data
libpng warning: iCCP: extra compressed data
libpng warning: iCCP: extra compressed data
libpng warning: iCCP: extra compressed data
libpng warning: iCCP: extra compressed data
epoch: 21 step: 2619, loss is 0.47513083
libpng warning: iCCP: extra compressed data
libpng warning: iCCP: extra compressed data
libpng warning: iCCP: extra compressed data
libpng warning: iCCP: extra compressed data
libpng warning: iCCP: extra compressed data
libpng warning: iCCP: extra compressed data
libpng warning: iCCP: extra compressed data
libpng warning: iCCP: extra compressed data
libpng warning: iCCP: extra compressed data
libpng warning: iCCP: extra compressed data
libpng warning: iCCP: extra compressed data
libpng warning: iCCP: extra compressed data
libpng warning: iCCP: known incorrect sRGB profile
libpng warning: iCCP: cHRM chunk does not match sRGB
libpng warning: iCCP: extra compressed data
libpng warning: iCCP: extra compressed data
libpng warning: iCCP: extra compressed data
libpng warning: iCCP: extra compressed data
libpng warning: iCCP: extra compressed data
libpng warning: iCCP: extra compressed data
libpng warning: iCCP: extra compressed data
libpng warning: iCCP: extra compressed data
libpng warning: iCCP: extra compressed data
libpng warning: iCCP: extra compressed data
libpng warning: iCCP: extra compressed data
libpng warning: iCCP: extra compressed data
libpng warning: iCCP: extra compressed data
libpng warning: iCCP: extra compressed data
libpng warning: iCCP: extra compressed data
libpng warning: iCCP: extra compressed data
libpng warning: iCCP: known incorrect sRGB profile
libpng warning: iCCP: cHRM chunk does not match sRGB
libpng warning: iCCP: extra compressed data
libpng warning: iCCP: extra compressed data
libpng warning: iCCP: extra compressed data
libpng warning: iCCP: extra compressed data
libpng warning: iCCP: extra compressed data
libpng warning: iCCP: extra compressed data
libpng warning: iCCP: extra compressed data
libpng warning: iCCP: extra compressed data
libpng warning: iCCP: extra compressed data
libpng warning: iCCP: extra compressed data
libpng warning: iCCP: extra compressed data
libpng warning: iCCP: extra compressed data
epoch: 22 step: 2619, loss is 0.74830955
libpng warning: iCCP: extra compressed data
libpng warning: iCCP: extra compressed data
libpng warning: iCCP: extra compressed data
libpng warning: iCCP: extra compressed data
libpng warning: iCCP: extra compressed data
libpng warning: iCCP: extra compressed data
libpng warning: iCCP: extra compressed data
libpng warning: iCCP: extra compressed data
libpng warning: iCCP: extra compressed data
libpng warning: iCCP: extra compressed data
libpng warning: iCCP: known incorrect sRGB profile
libpng warning: iCCP: cHRM chunk does not match sRGB
libpng warning: iCCP: extra compressed data
libpng warning: iCCP: known incorrect sRGB profile
libpng warning: iCCP: cHRM chunk does not match sRGB
libpng warning: iCCP: extra compressed data
libpng warning: iCCP: extra compressed data
libpng warning: iCCP: extra compressed data
libpng warning: iCCP: extra compressed data
libpng warning: iCCP: extra compressed data
libpng warning: iCCP: extra compressed data
libpng warning: iCCP: extra compressed data
libpng warning: iCCP: extra compressed data
libpng warning: iCCP: extra compressed data
libpng warning: iCCP: extra compressed data
libpng warning: iCCP: extra compressed data
libpng warning: iCCP: extra compressed data
libpng warning: iCCP: extra compressed data
libpng warning: iCCP: extra compressed data
libpng warning: iCCP: extra compressed data
libpng warning: iCCP: extra compressed data
libpng warning: iCCP: extra compressed data
libpng warning: iCCP: extra compressed data
libpng warning: iCCP: extra compressed data
libpng warning: iCCP: extra compressed data
libpng warning: iCCP: extra compressed data
libpng warning: iCCP: extra compressed data
libpng warning: iCCP: extra compressed data
libpng warning: iCCP: extra compressed data
libpng warning: iCCP: extra compressed data
libpng warning: iCCP: extra compressed data
libpng warning: iCCP: extra compressed data
libpng warning: iCCP: extra compressed data
libpng warning: iCCP: extra compressed data
libpng warning: iCCP: extra compressed data
epoch: 23 step: 2619, loss is 0.37321112
libpng warning: iCCP: extra compressed data
libpng warning: iCCP: known incorrect sRGB profile
libpng warning: iCCP: cHRM chunk does not match sRGB
libpng warning: iCCP: extra compressed data
libpng warning: iCCP: extra compressed data
libpng warning: iCCP: extra compressed data
libpng warning: iCCP: extra compressed data
libpng warning: iCCP: extra compressed data
libpng warning: iCCP: extra compressed data
libpng warning: iCCP: extra compressed data
libpng warning: iCCP: extra compressed data
libpng warning: iCCP: known incorrect sRGB profile
libpng warning: iCCP: cHRM chunk does not match sRGB
libpng warning: iCCP: extra compressed data
libpng warning: iCCP: extra compressed data
libpng warning: iCCP: extra compressed data
libpng warning: iCCP: extra compressed data
libpng warning: iCCP: extra compressed data
libpng warning: iCCP: extra compressed data
libpng warning: iCCP: extra compressed data
libpng warning: iCCP: extra compressed data
libpng warning: iCCP: extra compressed data
libpng warning: iCCP: extra compressed data
libpng warning: iCCP: extra compressed data
libpng warning: iCCP: extra compressed data
libpng warning: iCCP: extra compressed data
libpng warning: iCCP: extra compressed data
libpng warning: iCCP: extra compressed data
libpng warning: iCCP: extra compressed data
libpng warning: iCCP: extra compressed data
libpng warning: iCCP: extra compressed data
libpng warning: iCCP: extra compressed data
libpng warning: iCCP: extra compressed data
libpng warning: iCCP: extra compressed data
libpng warning: iCCP: extra compressed data
libpng warning: iCCP: extra compressed data
libpng warning: iCCP: extra compressed data
libpng warning: iCCP: extra compressed data
libpng warning: iCCP: extra compressed data
libpng warning: iCCP: extra compressed data
libpng warning: iCCP: extra compressed data
libpng warning: iCCP: extra compressed data
libpng warning: iCCP: extra compressed data
libpng warning: iCCP: extra compressed data
epoch: 24 step: 2619, loss is 1.0380111
libpng warning: iCCP: extra compressed data
libpng warning: iCCP: extra compressed data
libpng warning: iCCP: known incorrect sRGB profile
libpng warning: iCCP: cHRM chunk does not match sRGB
libpng warning: iCCP: extra compressed data
libpng warning: iCCP: extra compressed data
libpng warning: iCCP: extra compressed data
libpng warning: iCCP: extra compressed data
libpng warning: iCCP: extra compressed data
libpng warning: iCCP: extra compressed data
libpng warning: iCCP: extra compressed data
libpng warning: iCCP: extra compressed data
libpng warning: iCCP: extra compressed data
libpng warning: iCCP: extra compressed data
libpng warning: iCCP: extra compressed data
libpng warning: iCCP: extra compressed data
libpng warning: iCCP: extra compressed data
libpng warning: iCCP: extra compressed data
libpng warning: iCCP: extra compressed data
libpng warning: iCCP: extra compressed data
libpng warning: iCCP: extra compressed data
libpng warning: iCCP: extra compressed data
libpng warning: iCCP: extra compressed data
libpng warning: iCCP: known incorrect sRGB profile
libpng warning: iCCP: cHRM chunk does not match sRGB
libpng warning: iCCP: extra compressed data
libpng warning: iCCP: extra compressed data
libpng warning: iCCP: extra compressed data
libpng warning: iCCP: extra compressed data
libpng warning: iCCP: extra compressed data
libpng warning: iCCP: extra compressed data
libpng warning: iCCP: extra compressed data
libpng warning: iCCP: extra compressed data
libpng warning: iCCP: extra compressed data
libpng warning: iCCP: extra compressed data
libpng warning: iCCP: extra compressed data
libpng warning: iCCP: extra compressed data
libpng warning: iCCP: extra compressed data
libpng warning: iCCP: extra compressed data
libpng warning: iCCP: extra compressed data
libpng warning: iCCP: extra compressed data
libpng warning: iCCP: extra compressed data
libpng warning: iCCP: extra compressed data
libpng warning: iCCP: extra compressed data
epoch: 25 step: 2619, loss is 0.9605112
libpng warning: iCCP: extra compressed data
libpng warning: iCCP: extra compressed data
libpng warning: iCCP: extra compressed data
libpng warning: iCCP: extra compressed data
libpng warning: iCCP: extra compressed data
libpng warning: iCCP: extra compressed data
libpng warning: iCCP: known incorrect sRGB profile
libpng warning: iCCP: cHRM chunk does not match sRGB
libpng warning: iCCP: extra compressed data
libpng warning: iCCP: extra compressed data
libpng warning: iCCP: extra compressed data
libpng warning: iCCP: extra compressed data
libpng warning: iCCP: extra compressed data
libpng warning: iCCP: extra compressed data
libpng warning: iCCP: extra compressed data
libpng warning: iCCP: extra compressed data
libpng warning: iCCP: extra compressed data
libpng warning: iCCP: extra compressed data
libpng warning: iCCP: extra compressed data
libpng warning: iCCP: extra compressed data
libpng warning: iCCP: extra compressed data
libpng warning: iCCP: extra compressed data
libpng warning: iCCP: extra compressed data
libpng warning: iCCP: extra compressed data
libpng warning: iCCP: extra compressed data
libpng warning: iCCP: extra compressed data
libpng warning: iCCP: known incorrect sRGB profile
libpng warning: iCCP: cHRM chunk does not match sRGB
libpng warning: iCCP: extra compressed data
libpng warning: iCCP: extra compressed data
libpng warning: iCCP: extra compressed data
libpng warning: iCCP: extra compressed data
libpng warning: iCCP: extra compressed data
libpng warning: iCCP: extra compressed data
libpng warning: iCCP: extra compressed data
libpng warning: iCCP: extra compressed data
libpng warning: iCCP: extra compressed data
libpng warning: iCCP: extra compressed data
libpng warning: iCCP: extra compressed data
libpng warning: iCCP: extra compressed data
epoch: 26 step: 2619, loss is 0.06561088
libpng warning: iCCP: extra compressed data
libpng warning: iCCP: extra compressed data
libpng warning: iCCP: extra compressed data
libpng warning: iCCP: extra compressed data
libpng warning: iCCP: extra compressed data
libpng warning: iCCP: extra compressed data
libpng warning: iCCP: extra compressed data
libpng warning: iCCP: extra compressed data
libpng warning: iCCP: extra compressed data
libpng warning: iCCP: extra compressed data
libpng warning: iCCP: extra compressed data
libpng warning: iCCP: extra compressed data
libpng warning: iCCP: extra compressed data
libpng warning: iCCP: extra compressed data
libpng warning: iCCP: extra compressed data
libpng warning: iCCP: extra compressed data
libpng warning: iCCP: extra compressed data
libpng warning: iCCP: extra compressed data
libpng warning: iCCP: extra compressed data
libpng warning: iCCP: extra compressed data
libpng warning: iCCP: extra compressed data
libpng warning: iCCP: extra compressed data
libpng warning: iCCP: known incorrect sRGB profile
libpng warning: iCCP: cHRM chunk does not match sRGB
libpng warning: iCCP: extra compressed data
libpng warning: iCCP: extra compressed data
libpng warning: iCCP: extra compressed data
libpng warning: iCCP: known incorrect sRGB profile
libpng warning: iCCP: cHRM chunk does not match sRGB
libpng warning: iCCP: extra compressed data
libpng warning: iCCP: extra compressed data
libpng warning: iCCP: extra compressed data
libpng warning: iCCP: extra compressed data
libpng warning: iCCP: extra compressed data
libpng warning: iCCP: extra compressed data
libpng warning: iCCP: extra compressed data
libpng warning: iCCP: extra compressed data
libpng warning: iCCP: extra compressed data
libpng warning: iCCP: extra compressed data
libpng warning: iCCP: extra compressed data
libpng warning: iCCP: extra compressed data
libpng warning: iCCP: extra compressed data
libpng warning: iCCP: extra compressed data
libpng warning: iCCP: extra compressed data
libpng warning: iCCP: extra compressed data
libpng warning: iCCP: extra compressed data
epoch: 27 step: 2619, loss is 0.12946954
libpng warning: iCCP: extra compressed data
libpng warning: iCCP: extra compressed data
libpng warning: iCCP: extra compressed data
libpng warning: iCCP: extra compressed data
libpng warning: iCCP: extra compressed data
libpng warning: iCCP: extra compressed data
libpng warning: iCCP: extra compressed data
libpng warning: iCCP: extra compressed data
libpng warning: iCCP: extra compressed data
libpng warning: iCCP: extra compressed data
libpng warning: iCCP: extra compressed data
libpng warning: iCCP: extra compressed data
libpng warning: iCCP: extra compressed data
libpng warning: iCCP: extra compressed data
libpng warning: iCCP: extra compressed data
libpng warning: iCCP: extra compressed data
libpng warning: iCCP: extra compressed data
libpng warning: iCCP: extra compressed data
libpng warning: iCCP: extra compressed data
libpng warning: iCCP: extra compressed data
libpng warning: iCCP: extra compressed data
libpng warning: iCCP: extra compressed data
libpng warning: iCCP: known incorrect sRGB profile
libpng warning: iCCP: cHRM chunk does not match sRGB
libpng warning: iCCP: extra compressed data
libpng warning: iCCP: extra compressed data
libpng warning: iCCP: extra compressed data
libpng warning: iCCP: extra compressed data
libpng warning: iCCP: extra compressed data
libpng warning: iCCP: extra compressed data
libpng warning: iCCP: extra compressed data
libpng warning: iCCP: extra compressed data
libpng warning: iCCP: extra compressed data
libpng warning: iCCP: extra compressed data
libpng warning: iCCP: extra compressed data
libpng warning: iCCP: extra compressed data
libpng warning: iCCP: extra compressed data
libpng warning: iCCP: extra compressed data
libpng warning: iCCP: known incorrect sRGB profile
libpng warning: iCCP: cHRM chunk does not match sRGB
libpng warning: iCCP: extra compressed data
libpng warning: iCCP: extra compressed data
libpng warning: iCCP: extra compressed data
epoch: 28 step: 2619, loss is 0.78476727
libpng warning: iCCP: extra compressed data
libpng warning: iCCP: extra compressed data
libpng warning: iCCP: extra compressed data
libpng warning: iCCP: extra compressed data
libpng warning: iCCP: extra compressed data
libpng warning: iCCP: extra compressed data
libpng warning: iCCP: extra compressed data
libpng warning: iCCP: extra compressed data
libpng warning: iCCP: extra compressed data
libpng warning: iCCP: extra compressed data
libpng warning: iCCP: extra compressed data
libpng warning: iCCP: extra compressed data
libpng warning: iCCP: extra compressed data
libpng warning: iCCP: extra compressed data
libpng warning: iCCP: extra compressed data
libpng warning: iCCP: extra compressed data
libpng warning: iCCP: extra compressed data
libpng warning: iCCP: extra compressed data
libpng warning: iCCP: extra compressed data
libpng warning: iCCP: extra compressed data
libpng warning: iCCP: extra compressed data
libpng warning: iCCP: extra compressed data
libpng warning: iCCP: extra compressed data
libpng warning: iCCP: extra compressed data
libpng warning: iCCP: known incorrect sRGB profile
libpng warning: iCCP: cHRM chunk does not match sRGB
libpng warning: iCCP: extra compressed data
libpng warning: iCCP: extra compressed data
libpng warning: iCCP: extra compressed data
libpng warning: iCCP: extra compressed data
libpng warning: iCCP: extra compressed data
libpng warning: iCCP: extra compressed data
libpng warning: iCCP: extra compressed data
libpng warning: iCCP: known incorrect sRGB profile
libpng warning: iCCP: cHRM chunk does not match sRGB
libpng warning: iCCP: extra compressed data
libpng warning: iCCP: extra compressed data
libpng warning: iCCP: extra compressed data
libpng warning: iCCP: extra compressed data
libpng warning: iCCP: extra compressed data
libpng warning: iCCP: extra compressed data
epoch: 29 step: 2619, loss is 1.1001495
libpng warning: iCCP: extra compressed data
libpng warning: iCCP: extra compressed data
libpng warning: iCCP: extra compressed data
libpng warning: iCCP: extra compressed data
libpng warning: iCCP: extra compressed data
libpng warning: iCCP: extra compressed data
libpng warning: iCCP: extra compressed data
libpng warning: iCCP: extra compressed data
libpng warning: iCCP: extra compressed data
libpng warning: iCCP: extra compressed data
libpng warning: iCCP: extra compressed data
libpng warning: iCCP: known incorrect sRGB profile
libpng warning: iCCP: cHRM chunk does not match sRGB
libpng warning: iCCP: extra compressed data
libpng warning: iCCP: extra compressed data
libpng warning: iCCP: extra compressed data
libpng warning: iCCP: known incorrect sRGB profile
libpng warning: iCCP: cHRM chunk does not match sRGB
libpng warning: iCCP: extra compressed data
libpng warning: iCCP: extra compressed data
libpng warning: iCCP: extra compressed data
libpng warning: iCCP: extra compressed data
libpng warning: iCCP: extra compressed data
libpng warning: iCCP: extra compressed data
libpng warning: iCCP: extra compressed data
libpng warning: iCCP: extra compressed data
libpng warning: iCCP: extra compressed data
libpng warning: iCCP: extra compressed data
libpng warning: iCCP: extra compressed data
libpng warning: iCCP: extra compressed data
libpng warning: iCCP: extra compressed data
libpng warning: iCCP: extra compressed data
libpng warning: iCCP: extra compressed data
libpng warning: iCCP: extra compressed data
libpng warning: iCCP: extra compressed data
libpng warning: iCCP: extra compressed data
libpng warning: iCCP: extra compressed data
libpng warning: iCCP: extra compressed data
libpng warning: iCCP: extra compressed data
libpng warning: iCCP: extra compressed data
libpng warning: iCCP: extra compressed data
libpng warning: iCCP: extra compressed data
libpng warning: iCCP: extra compressed data
libpng warning: iCCP: extra compressed data
libpng warning: iCCP: extra compressed data
libpng warning: iCCP: extra compressed data
libpng warning: iCCP: extra compressed data
libpng warning: iCCP: extra compressed data
libpng warning: iCCP: extra compressed data
epoch: 30 step: 2619, loss is 0.514223
libpng warning: iCCP: extra compressed data
libpng warning: iCCP: extra compressed data
libpng warning: iCCP: extra compressed data
libpng warning: iCCP: extra compressed data
libpng warning: iCCP: extra compressed data
libpng warning: iCCP: extra compressed data
libpng warning: iCCP: extra compressed data
libpng warning: iCCP: extra compressed data
libpng warning: iCCP: known incorrect sRGB profile
libpng warning: iCCP: cHRM chunk does not match sRGB
libpng warning: iCCP: extra compressed data
libpng warning: iCCP: extra compressed data
libpng warning: iCCP: extra compressed data
libpng warning: iCCP: extra compressed data
libpng warning: iCCP: extra compressed data
libpng warning: iCCP: extra compressed data
libpng warning: iCCP: extra compressed data
libpng warning: iCCP: extra compressed data
libpng warning: iCCP: extra compressed data
libpng warning: iCCP: extra compressed data
libpng warning: iCCP: extra compressed data
libpng warning: iCCP: extra compressed data
libpng warning: iCCP: extra compressed data
libpng warning: iCCP: extra compressed data
libpng warning: iCCP: extra compressed data
libpng warning: iCCP: extra compressed data
libpng warning: iCCP: extra compressed data
libpng warning: iCCP: extra compressed data
libpng warning: iCCP: extra compressed data
libpng warning: iCCP: extra compressed data
libpng warning: iCCP: known incorrect sRGB profile
libpng warning: iCCP: cHRM chunk does not match sRGB
libpng warning: iCCP: extra compressed data
libpng warning: iCCP: extra compressed data
libpng warning: iCCP: extra compressed data
libpng warning: iCCP: extra compressed data
libpng warning: iCCP: extra compressed data
libpng warning: iCCP: extra compressed data
libpng warning: iCCP: extra compressed data
libpng warning: iCCP: extra compressed data
libpng warning: iCCP: extra compressed data
libpng warning: iCCP: extra compressed data
epoch: 31 step: 2619, loss is 0.81832767
libpng warning: iCCP: extra compressed data
libpng warning: iCCP: extra compressed data
libpng warning: iCCP: extra compressed data
libpng warning: iCCP: extra compressed data
libpng warning: iCCP: extra compressed data
libpng warning: iCCP: extra compressed data
libpng warning: iCCP: known incorrect sRGB profile
libpng warning: iCCP: cHRM chunk does not match sRGB
libpng warning: iCCP: extra compressed data
libpng warning: iCCP: extra compressed data
libpng warning: iCCP: extra compressed data
libpng warning: iCCP: extra compressed data
libpng warning: iCCP: extra compressed data
libpng warning: iCCP: extra compressed data
libpng warning: iCCP: extra compressed data
libpng warning: iCCP: extra compressed data
libpng warning: iCCP: extra compressed data
libpng warning: iCCP: extra compressed data
libpng warning: iCCP: extra compressed data
libpng warning: iCCP: extra compressed data
libpng warning: iCCP: extra compressed data
libpng warning: iCCP: extra compressed data
libpng warning: iCCP: extra compressed data
libpng warning: iCCP: extra compressed data
libpng warning: iCCP: extra compressed data
libpng warning: iCCP: extra compressed data
libpng warning: iCCP: extra compressed data
libpng warning: iCCP: extra compressed data
libpng warning: iCCP: extra compressed data
libpng warning: iCCP: known incorrect sRGB profile
libpng warning: iCCP: cHRM chunk does not match sRGB
libpng warning: iCCP: extra compressed data
libpng warning: iCCP: extra compressed data
libpng warning: iCCP: extra compressed data
libpng warning: iCCP: extra compressed data
libpng warning: iCCP: extra compressed data
libpng warning: iCCP: extra compressed data
libpng warning: iCCP: extra compressed data
libpng warning: iCCP: extra compressed data
libpng warning: iCCP: extra compressed data
libpng warning: iCCP: extra compressed data
libpng warning: iCCP: extra compressed data
libpng warning: iCCP: extra compressed data
libpng warning: iCCP: extra compressed data
libpng warning: iCCP: extra compressed data
epoch: 32 step: 2619, loss is 0.24558257
libpng warning: iCCP: extra compressed data
libpng warning: iCCP: extra compressed data
libpng warning: iCCP: extra compressed data
libpng warning: iCCP: extra compressed data
libpng warning: iCCP: extra compressed data
libpng warning: iCCP: known incorrect sRGB profile
libpng warning: iCCP: cHRM chunk does not match sRGB
libpng warning: iCCP: extra compressed data
libpng warning: iCCP: extra compressed data
libpng warning: iCCP: extra compressed data
libpng warning: iCCP: extra compressed data
libpng warning: iCCP: extra compressed data
libpng warning: iCCP: extra compressed data
libpng warning: iCCP: known incorrect sRGB profile
libpng warning: iCCP: cHRM chunk does not match sRGB
libpng warning: iCCP: extra compressed data
libpng warning: iCCP: extra compressed data
libpng warning: iCCP: extra compressed data
libpng warning: iCCP: extra compressed data
libpng warning: iCCP: extra compressed data
libpng warning: iCCP: extra compressed data
libpng warning: iCCP: extra compressed data
libpng warning: iCCP: extra compressed data
libpng warning: iCCP: extra compressed data
libpng warning: iCCP: extra compressed data
libpng warning: iCCP: extra compressed data
libpng warning: iCCP: extra compressed data
libpng warning: iCCP: extra compressed data
libpng warning: iCCP: extra compressed data
libpng warning: iCCP: extra compressed data
libpng warning: iCCP: extra compressed data
libpng warning: iCCP: extra compressed data
libpng warning: iCCP: extra compressed data
libpng warning: iCCP: extra compressed data
libpng warning: iCCP: extra compressed data
libpng warning: iCCP: extra compressed data
libpng warning: iCCP: extra compressed data
libpng warning: iCCP: extra compressed data
libpng warning: iCCP: extra compressed data
libpng warning: iCCP: extra compressed data
libpng warning: iCCP: extra compressed data
libpng warning: iCCP: extra compressed data
libpng warning: iCCP: extra compressed data
libpng warning: iCCP: extra compressed data
libpng warning: iCCP: extra compressed data
libpng warning: iCCP: extra compressed data
libpng warning: iCCP: extra compressed data
epoch: 33 step: 2619, loss is 1.0934478
libpng warning: iCCP: extra compressed data
libpng warning: iCCP: extra compressed data
libpng warning: iCCP: extra compressed data
libpng warning: iCCP: known incorrect sRGB profile
libpng warning: iCCP: cHRM chunk does not match sRGB
libpng warning: iCCP: extra compressed data
libpng warning: iCCP: extra compressed data
libpng warning: iCCP: extra compressed data
libpng warning: iCCP: extra compressed data
libpng warning: iCCP: extra compressed data
libpng warning: iCCP: extra compressed data
libpng warning: iCCP: known incorrect sRGB profile
libpng warning: iCCP: cHRM chunk does not match sRGB
libpng warning: iCCP: extra compressed data
libpng warning: iCCP: extra compressed data
libpng warning: iCCP: extra compressed data
libpng warning: iCCP: extra compressed data
libpng warning: iCCP: extra compressed data
libpng warning: iCCP: extra compressed data
libpng warning: iCCP: extra compressed data
libpng warning: iCCP: extra compressed data
libpng warning: iCCP: extra compressed data
libpng warning: iCCP: extra compressed data
libpng warning: iCCP: extra compressed data
libpng warning: iCCP: extra compressed data
libpng warning: iCCP: extra compressed data
libpng warning: iCCP: extra compressed data
libpng warning: iCCP: extra compressed data
libpng warning: iCCP: extra compressed data
libpng warning: iCCP: extra compressed data
libpng warning: iCCP: extra compressed data
libpng warning: iCCP: extra compressed data
libpng warning: iCCP: extra compressed data
libpng warning: iCCP: extra compressed data
libpng warning: iCCP: extra compressed data
libpng warning: iCCP: extra compressed data
libpng warning: iCCP: extra compressed data
libpng warning: iCCP: extra compressed data
libpng warning: iCCP: extra compressed data
libpng warning: iCCP: extra compressed data
libpng warning: iCCP: extra compressed data
epoch: 34 step: 2619, loss is 0.54121315
libpng warning: iCCP: known incorrect sRGB profile
libpng warning: iCCP: cHRM chunk does not match sRGB
libpng warning: iCCP: extra compressed data
libpng warning: iCCP: extra compressed data
libpng warning: iCCP: extra compressed data
libpng warning: iCCP: extra compressed data
libpng warning: iCCP: extra compressed data
libpng warning: iCCP: extra compressed data
libpng warning: iCCP: extra compressed data
libpng warning: iCCP: extra compressed data
libpng warning: iCCP: extra compressed data
libpng warning: iCCP: extra compressed data
libpng warning: iCCP: extra compressed data
libpng warning: iCCP: extra compressed data
libpng warning: iCCP: extra compressed data
libpng warning: iCCP: extra compressed data
libpng warning: iCCP: extra compressed data
libpng warning: iCCP: extra compressed data
libpng warning: iCCP: extra compressed data
libpng warning: iCCP: extra compressed data
libpng warning: iCCP: extra compressed data
libpng warning: iCCP: extra compressed data
libpng warning: iCCP: extra compressed data
libpng warning: iCCP: extra compressed data
libpng warning: iCCP: extra compressed data
libpng warning: iCCP: extra compressed data
libpng warning: iCCP: extra compressed data
libpng warning: iCCP: extra compressed data
libpng warning: iCCP: extra compressed data
libpng warning: iCCP: extra compressed data
libpng warning: iCCP: extra compressed data
libpng warning: iCCP: extra compressed data
libpng warning: iCCP: extra compressed data
libpng warning: iCCP: known incorrect sRGB profile
libpng warning: iCCP: cHRM chunk does not match sRGB
libpng warning: iCCP: extra compressed data
libpng warning: iCCP: extra compressed data
libpng warning: iCCP: extra compressed data
libpng warning: iCCP: extra compressed data
libpng warning: iCCP: extra compressed data
libpng warning: iCCP: extra compressed data
libpng warning: iCCP: extra compressed data
libpng warning: iCCP: extra compressed data
epoch: 35 step: 2619, loss is 1.0906208
libpng warning: iCCP: extra compressed data
libpng warning: iCCP: extra compressed data
libpng warning: iCCP: extra compressed data
libpng warning: iCCP: extra compressed data
libpng warning: iCCP: extra compressed data
libpng warning: iCCP: extra compressed data
libpng warning: iCCP: extra compressed data
libpng warning: iCCP: extra compressed data
libpng warning: iCCP: extra compressed data
libpng warning: iCCP: known incorrect sRGB profile
libpng warning: iCCP: cHRM chunk does not match sRGB
libpng warning: iCCP: extra compressed data
libpng warning: iCCP: extra compressed data
libpng warning: iCCP: extra compressed data
libpng warning: iCCP: extra compressed data
libpng warning: iCCP: extra compressed data
libpng warning: iCCP: extra compressed data
libpng warning: iCCP: extra compressed data
libpng warning: iCCP: extra compressed data
libpng warning: iCCP: known incorrect sRGB profile
libpng warning: iCCP: cHRM chunk does not match sRGB
libpng warning: iCCP: extra compressed data
libpng warning: iCCP: extra compressed data
libpng warning: iCCP: extra compressed data
libpng warning: iCCP: extra compressed data
libpng warning: iCCP: extra compressed data
libpng warning: iCCP: extra compressed data
libpng warning: iCCP: extra compressed data
libpng warning: iCCP: extra compressed data
libpng warning: iCCP: extra compressed data
libpng warning: iCCP: extra compressed data
libpng warning: iCCP: extra compressed data
libpng warning: iCCP: extra compressed data
libpng warning: iCCP: extra compressed data
libpng warning: iCCP: extra compressed data
libpng warning: iCCP: extra compressed data
libpng warning: iCCP: extra compressed data
libpng warning: iCCP: extra compressed data
libpng warning: iCCP: extra compressed data
libpng warning: iCCP: extra compressed data
libpng warning: iCCP: extra compressed data
libpng warning: iCCP: extra compressed data
libpng warning: iCCP: extra compressed data
libpng warning: iCCP: extra compressed data
libpng warning: iCCP: extra compressed data
libpng warning: iCCP: extra compressed data
libpng warning: iCCP: extra compressed data
libpng warning: iCCP: known incorrect sRGB profile
libpng warning: iCCP: cHRM chunk does not match sRGB
libpng warning: iCCP: extra compressed data
libpng warning: iCCP: extra compressed data
epoch: 36 step: 2619, loss is 1.0161526
libpng warning: iCCP: extra compressed data
libpng warning: iCCP: extra compressed data
libpng warning: iCCP: extra compressed data
libpng warning: iCCP: extra compressed data
libpng warning: iCCP: extra compressed data
libpng warning: iCCP: extra compressed data
libpng warning: iCCP: extra compressed data
libpng warning: iCCP: extra compressed data
libpng warning: iCCP: extra compressed data
libpng warning: iCCP: extra compressed data
libpng warning: iCCP: extra compressed data
libpng warning: iCCP: extra compressed data
libpng warning: iCCP: extra compressed data
libpng warning: iCCP: extra compressed data
libpng warning: iCCP: known incorrect sRGB profile
libpng warning: iCCP: cHRM chunk does not match sRGB
libpng warning: iCCP: extra compressed data
libpng warning: iCCP: extra compressed data
libpng warning: iCCP: extra compressed data
libpng warning: iCCP: extra compressed data
libpng warning: iCCP: extra compressed data
libpng warning: iCCP: extra compressed data
libpng warning: iCCP: extra compressed data
libpng warning: iCCP: extra compressed data
libpng warning: iCCP: extra compressed data
libpng warning: iCCP: extra compressed data
libpng warning: iCCP: extra compressed data
libpng warning: iCCP: extra compressed data
libpng warning: iCCP: extra compressed data
libpng warning: iCCP: extra compressed data
libpng warning: iCCP: extra compressed data
libpng warning: iCCP: extra compressed data
libpng warning: iCCP: extra compressed data
libpng warning: iCCP: extra compressed data
libpng warning: iCCP: extra compressed data
libpng warning: iCCP: extra compressed data
libpng warning: iCCP: extra compressed data
libpng warning: iCCP: extra compressed data
libpng warning: iCCP: extra compressed data
libpng warning: iCCP: extra compressed data
epoch: 37 step: 2619, loss is 0.015079865
libpng warning: iCCP: extra compressed data
libpng warning: iCCP: extra compressed data
libpng warning: iCCP: extra compressed data
libpng warning: iCCP: extra compressed data
libpng warning: iCCP: extra compressed data
libpng warning: iCCP: extra compressed data
libpng warning: iCCP: extra compressed data
libpng warning: iCCP: extra compressed data
libpng warning: iCCP: extra compressed data
libpng warning: iCCP: extra compressed data
libpng warning: iCCP: extra compressed data
libpng warning: iCCP: known incorrect sRGB profile
libpng warning: iCCP: cHRM chunk does not match sRGB
libpng warning: iCCP: extra compressed data
libpng warning: iCCP: extra compressed data
libpng warning: iCCP: extra compressed data
libpng warning: iCCP: extra compressed data
libpng warning: iCCP: extra compressed data
libpng warning: iCCP: extra compressed data
libpng warning: iCCP: extra compressed data
libpng warning: iCCP: extra compressed data
libpng warning: iCCP: extra compressed data
libpng warning: iCCP: extra compressed data
libpng warning: iCCP: extra compressed data
libpng warning: iCCP: extra compressed data
libpng warning: iCCP: extra compressed data
libpng warning: iCCP: extra compressed data
libpng warning: iCCP: extra compressed data
libpng warning: iCCP: extra compressed data
libpng warning: iCCP: extra compressed data
libpng warning: iCCP: known incorrect sRGB profile
libpng warning: iCCP: cHRM chunk does not match sRGB
libpng warning: iCCP: extra compressed data
libpng warning: iCCP: extra compressed data
libpng warning: iCCP: extra compressed data
libpng warning: iCCP: extra compressed data
libpng warning: iCCP: extra compressed data
libpng warning: iCCP: extra compressed data
libpng warning: iCCP: extra compressed data
epoch: 38 step: 2619, loss is 1.081275
libpng warning: iCCP: extra compressed data
libpng warning: iCCP: extra compressed data
libpng warning: iCCP: extra compressed data
libpng warning: iCCP: extra compressed data
libpng warning: iCCP: extra compressed data
libpng warning: iCCP: extra compressed data
libpng warning: iCCP: extra compressed data
libpng warning: iCCP: extra compressed data
libpng warning: iCCP: extra compressed data
libpng warning: iCCP: extra compressed data
libpng warning: iCCP: extra compressed data
libpng warning: iCCP: extra compressed data
libpng warning: iCCP: extra compressed data
libpng warning: iCCP: extra compressed data
libpng warning: iCCP: extra compressed data
libpng warning: iCCP: extra compressed data
libpng warning: iCCP: extra compressed data
libpng warning: iCCP: extra compressed data
libpng warning: iCCP: known incorrect sRGB profile
libpng warning: iCCP: cHRM chunk does not match sRGB
libpng warning: iCCP: extra compressed data
libpng warning: iCCP: extra compressed data
libpng warning: iCCP: extra compressed data
libpng warning: iCCP: extra compressed data
libpng warning: iCCP: known incorrect sRGB profile
libpng warning: iCCP: cHRM chunk does not match sRGB
libpng warning: iCCP: extra compressed data
libpng warning: iCCP: extra compressed data
libpng warning: iCCP: extra compressed data
libpng warning: iCCP: extra compressed data
libpng warning: iCCP: extra compressed data
libpng warning: iCCP: extra compressed data
libpng warning: iCCP: extra compressed data
libpng warning: iCCP: extra compressed data
libpng warning: iCCP: extra compressed data
libpng warning: iCCP: extra compressed data
libpng warning: iCCP: extra compressed data
libpng warning: iCCP: extra compressed data
libpng warning: iCCP: extra compressed data
libpng warning: iCCP: extra compressed data
libpng warning: iCCP: extra compressed data
libpng warning: iCCP: extra compressed data
libpng warning: iCCP: extra compressed data
libpng warning: iCCP: extra compressed data
libpng warning: iCCP: extra compressed data
epoch: 39 step: 2619, loss is 0.9960667
libpng warning: iCCP: extra compressed data
libpng warning: iCCP: extra compressed data
libpng warning: iCCP: extra compressed data
libpng warning: iCCP: extra compressed data
libpng warning: iCCP: known incorrect sRGB profile
libpng warning: iCCP: cHRM chunk does not match sRGB
libpng warning: iCCP: extra compressed data
libpng warning: iCCP: extra compressed data
libpng warning: iCCP: extra compressed data
libpng warning: iCCP: extra compressed data
libpng warning: iCCP: extra compressed data
libpng warning: iCCP: extra compressed data
libpng warning: iCCP: extra compressed data
libpng warning: iCCP: extra compressed data
libpng warning: iCCP: extra compressed data
libpng warning: iCCP: extra compressed data
libpng warning: iCCP: extra compressed data
libpng warning: iCCP: extra compressed data
libpng warning: iCCP: extra compressed data
libpng warning: iCCP: extra compressed data
libpng warning: iCCP: extra compressed data
libpng warning: iCCP: extra compressed data
libpng warning: iCCP: extra compressed data
libpng warning: iCCP: extra compressed data
libpng warning: iCCP: extra compressed data
libpng warning: iCCP: extra compressed data
libpng warning: iCCP: extra compressed data
libpng warning: iCCP: extra compressed data
libpng warning: iCCP: extra compressed data
libpng warning: iCCP: extra compressed data
libpng warning: iCCP: extra compressed data
libpng warning: iCCP: known incorrect sRGB profile
libpng warning: iCCP: cHRM chunk does not match sRGB
libpng warning: iCCP: extra compressed data
libpng warning: iCCP: extra compressed data
libpng warning: iCCP: extra compressed data
libpng warning: iCCP: extra compressed data
libpng warning: iCCP: extra compressed data
libpng warning: iCCP: extra compressed data
libpng warning: iCCP: extra compressed data
libpng warning: iCCP: extra compressed data
libpng warning: iCCP: extra compressed data
libpng warning: iCCP: extra compressed data
libpng warning: iCCP: extra compressed data
libpng warning: iCCP: extra compressed data
libpng warning: iCCP: extra compressed data
epoch: 40 step: 2619, loss is 1.174551
libpng warning: iCCP: extra compressed data
libpng warning: iCCP: extra compressed data
libpng warning: iCCP: extra compressed data
libpng warning: iCCP: extra compressed data
libpng warning: iCCP: known incorrect sRGB profile
libpng warning: iCCP: cHRM chunk does not match sRGB
libpng warning: iCCP: extra compressed data
libpng warning: iCCP: extra compressed data
libpng warning: iCCP: extra compressed data
libpng warning: iCCP: extra compressed data
libpng warning: iCCP: extra compressed data
libpng warning: iCCP: extra compressed data
libpng warning: iCCP: extra compressed data
libpng warning: iCCP: extra compressed data
libpng warning: iCCP: extra compressed data
libpng warning: iCCP: known incorrect sRGB profile
libpng warning: iCCP: cHRM chunk does not match sRGB
libpng warning: iCCP: extra compressed data
libpng warning: iCCP: extra compressed data
libpng warning: iCCP: extra compressed data
libpng warning: iCCP: extra compressed data
libpng warning: iCCP: extra compressed data
libpng warning: iCCP: extra compressed data
libpng warning: iCCP: extra compressed data
libpng warning: iCCP: extra compressed data
libpng warning: iCCP: extra compressed data
libpng warning: iCCP: extra compressed data
libpng warning: iCCP: extra compressed data
libpng warning: iCCP: extra compressed data
libpng warning: iCCP: extra compressed data
libpng warning: iCCP: extra compressed data
libpng warning: iCCP: extra compressed data
libpng warning: iCCP: extra compressed data
libpng warning: iCCP: extra compressed data
libpng warning: iCCP: extra compressed data
libpng warning: iCCP: extra compressed data
libpng warning: iCCP: extra compressed data
libpng warning: iCCP: extra compressed data
libpng warning: iCCP: extra compressed data
libpng warning: iCCP: extra compressed data
libpng warning: iCCP: extra compressed data
libpng warning: iCCP: extra compressed data
libpng warning: iCCP: extra compressed data
libpng warning: iCCP: extra compressed data
epoch: 41 step: 2619, loss is 0.59570414
libpng warning: iCCP: extra compressed data
libpng warning: iCCP: extra compressed data
libpng warning: iCCP: extra compressed data
libpng warning: iCCP: extra compressed data
libpng warning: iCCP: extra compressed data
libpng warning: iCCP: extra compressed data
libpng warning: iCCP: extra compressed data
libpng warning: iCCP: extra compressed data
libpng warning: iCCP: extra compressed data
libpng warning: iCCP: extra compressed data
libpng warning: iCCP: extra compressed data
libpng warning: iCCP: extra compressed data
libpng warning: iCCP: extra compressed data
libpng warning: iCCP: extra compressed data
libpng warning: iCCP: extra compressed data
libpng warning: iCCP: extra compressed data
libpng warning: iCCP: extra compressed data
libpng warning: iCCP: extra compressed data
libpng warning: iCCP: extra compressed data
libpng warning: iCCP: extra compressed data
